#
# There is insufficient memory for the Java Runtime Environment to continue.
# Native memory allocation (malloc) failed to allocate 2235040 bytes for Chunk::new
# Possible reasons:
#   The system is out of physical RAM or swap space
#   The process is running with CompressedOops enabled, and the Java Heap may be blocking the growth of the native heap
# Possible solutions:
#   Reduce memory load on the system
#   Increase physical memory or swap space
#   Check if swap backing store is full
#   Decrease Java heap size (-Xmx/-Xms)
#   Decrease number of Java threads
#   Decrease Java thread stack sizes (-Xss)
#   Set larger code cache with -XX:ReservedCodeCacheSize=
#   JVM is running with Zero Based Compressed Oops mode in which the Java heap is
#     placed in the first 32GB address space. The Java Heap base address is the
#     maximum limit for the native heap growth. Please use -XX:HeapBaseMinAddress
#     to set the Java Heap base and to place the Java Heap above 32GB virtual address.
# This output file may be truncated or incomplete.
#
#  Out of Memory Error (arena.cpp:189), pid=10660, tid=20044
#
# JRE version: Java(TM) SE Runtime Environment (17.0.8+9) (build 17.0.8+9-LTS-211)
# Java VM: Java HotSpot(TM) 64-Bit Server VM (17.0.8+9-LTS-211, mixed mode, sharing, tiered, compressed oops, compressed class ptrs, g1 gc, windows-amd64)
# No core dump will be written. Minidumps are not enabled by default on client versions of Windows
#

---------------  S U M M A R Y ------------

Command Line: -Dfile.encoding=windows-1252 -Duser.country=US -Duser.language=en -Duser.variant org.launchcode.bookshelfcorner.BookshelfCornerApplication

Host: AMD Ryzen 5 5600X 6-Core Processor             , 12 cores, 15G,  Windows 10 , 64 bit Build 19041 (10.0.19041.3636)
Time: Sun Jan 14 01:18:35 2024 Central Standard Time elapsed time: 24.922733 seconds (0d 0h 0m 24s)

---------------  T H R E A D  ---------------

Current thread (0x000001a8dd6132c0):  JavaThread "C2 CompilerThread1" daemon [_thread_in_native, id=20044, stack(0x0000005480200000,0x0000005480300000)]


Current CompileTask:
C2:  24922 12113   !   4       org.hibernate.sql.results.jdbc.internal.DeferredResultSetAccess::executeQuery (260 bytes)

Stack: [0x0000005480200000,0x0000005480300000]
Native frames: (J=compiled Java code, j=interpreted, Vv=VM code, C=native code)
V  [jvm.dll+0x677d0a]
V  [jvm.dll+0x7d8c54]
V  [jvm.dll+0x7da3fe]
V  [jvm.dll+0x7daa63]
V  [jvm.dll+0x245c5f]
V  [jvm.dll+0xaaa6b]
V  [jvm.dll+0xab00c]
V  [jvm.dll+0x361e8e]
V  [jvm.dll+0x1bba6a]
V  [jvm.dll+0x218157]
V  [jvm.dll+0x217431]
V  [jvm.dll+0x1a3af0]
V  [jvm.dll+0x2270be]
V  [jvm.dll+0x22535b]
V  [jvm.dll+0x78e7bc]
V  [jvm.dll+0x788bba]
V  [jvm.dll+0x676b35]
C  [ucrtbase.dll+0x21bb2]
C  [KERNEL32.DLL+0x17344]
C  [ntdll.dll+0x526b1]


---------------  P R O C E S S  ---------------

Threads class SMR info:
_java_thread_list=0x000001a929e50cd0, length=32, elements={
0x000001a8dd1fa2d0, 0x000001a8dd1fb050, 0x000001a8dd310080, 0x000001a8dd312950,
0x000001a8dd314220, 0x000001a8dd314ae0, 0x000001a8dd318bd0, 0x000001a8dd3214e0,
0x000001a8dd343e00, 0x000001a8dd4793c0, 0x000001a8dd486bb0, 0x000001a923f8df00,
0x000001a923f8da30, 0x000001a923f90580, 0x000001a923f8f240, 0x000001a923f8e3d0,
0x000001a923f8ed70, 0x000001a923f8fbe0, 0x000001a923f8f710, 0x000001a92a26ff60,
0x000001a92a26ca70, 0x000001a92a26c0d0, 0x000001a92a26ddb0, 0x000001a92a2690b0,
0x000001a92a26cf40, 0x000001a92a26a3f0, 0x000001a92a26f0f0, 0x000001a92a269a50,
0x000001a92a26d410, 0x000001a92a26f5c0, 0x000001a92a26e280, 0x000001a8dd6132c0
}

Java Threads: ( => current thread )
  0x000001a8dd1fa2d0 JavaThread "Reference Handler" daemon [_thread_blocked, id=7836, stack(0x00000054ff600000,0x00000054ff700000)]
  0x000001a8dd1fb050 JavaThread "Finalizer" daemon [_thread_blocked, id=20128, stack(0x00000054ff700000,0x00000054ff800000)]
  0x000001a8dd310080 JavaThread "Signal Dispatcher" daemon [_thread_blocked, id=284, stack(0x00000054ff800000,0x00000054ff900000)]
  0x000001a8dd312950 JavaThread "Attach Listener" daemon [_thread_blocked, id=12160, stack(0x00000054ff900000,0x00000054ffa00000)]
  0x000001a8dd314220 JavaThread "Service Thread" daemon [_thread_blocked, id=18708, stack(0x00000054ffa00000,0x00000054ffb00000)]
  0x000001a8dd314ae0 JavaThread "Monitor Deflation Thread" daemon [_thread_blocked, id=10332, stack(0x00000054ffb00000,0x00000054ffc00000)]
  0x000001a8dd318bd0 JavaThread "C2 CompilerThread0" daemon [_thread_in_native, id=4824, stack(0x00000054ffc00000,0x00000054ffd00000)]
  0x000001a8dd3214e0 JavaThread "C1 CompilerThread0" daemon [_thread_blocked, id=15944, stack(0x00000054ffd00000,0x00000054ffe00000)]
  0x000001a8dd343e00 JavaThread "Sweeper thread" daemon [_thread_blocked, id=21344, stack(0x00000054ffe00000,0x00000054fff00000)]
  0x000001a8dd4793c0 JavaThread "Notification Thread" daemon [_thread_blocked, id=6096, stack(0x00000054fff00000,0x0000005500000000)]
  0x000001a8dd486bb0 JavaThread "Common-Cleaner" daemon [_thread_blocked, id=17936, stack(0x0000005480100000,0x0000005480200000)]
  0x000001a923f8df00 JavaThread "Catalina-utility-1" [_thread_blocked, id=9032, stack(0x0000005481100000,0x0000005481200000)]
  0x000001a923f8da30 JavaThread "Catalina-utility-2" [_thread_blocked, id=20520, stack(0x0000005481200000,0x0000005481300000)]
  0x000001a923f90580 JavaThread "container-0" [_thread_blocked, id=10472, stack(0x0000005481300000,0x0000005481400000)]
  0x000001a923f8f240 JavaThread "mysql-cj-abandoned-connection-cleanup" daemon [_thread_blocked, id=1364, stack(0x0000005481400000,0x0000005481500000)]
  0x000001a923f8e3d0 JavaThread "HikariPool-1 housekeeper" daemon [_thread_blocked, id=14244, stack(0x0000005481600000,0x0000005481700000)]
  0x000001a923f8ed70 JavaThread "File Watcher" daemon [_thread_blocked, id=19468, stack(0x0000005481800000,0x0000005481900000)]
  0x000001a923f8fbe0 JavaThread "Live Reload Server" daemon [_thread_in_native, id=12824, stack(0x0000005481a00000,0x0000005481b00000)]
  0x000001a923f8f710 JavaThread "http-nio-8080-exec-1" daemon [_thread_blocked, id=156, stack(0x0000005481900000,0x0000005481a00000)]
  0x000001a92a26ff60 JavaThread "http-nio-8080-exec-2" daemon [_thread_blocked, id=1784, stack(0x0000005481b00000,0x0000005481c00000)]
  0x000001a92a26ca70 JavaThread "http-nio-8080-exec-3" daemon [_thread_blocked, id=15140, stack(0x0000005481c00000,0x0000005481d00000)]
  0x000001a92a26c0d0 JavaThread "http-nio-8080-exec-4" daemon [_thread_blocked, id=19360, stack(0x0000005481d00000,0x0000005481e00000)]
  0x000001a92a26ddb0 JavaThread "http-nio-8080-exec-5" daemon [_thread_blocked, id=7232, stack(0x0000005481e00000,0x0000005481f00000)]
  0x000001a92a2690b0 JavaThread "http-nio-8080-exec-6" daemon [_thread_blocked, id=16160, stack(0x0000005481f00000,0x0000005482000000)]
  0x000001a92a26cf40 JavaThread "http-nio-8080-exec-7" daemon [_thread_blocked, id=12020, stack(0x0000005482000000,0x0000005482100000)]
  0x000001a92a26a3f0 JavaThread "http-nio-8080-exec-8" daemon [_thread_blocked, id=22268, stack(0x0000005482100000,0x0000005482200000)]
  0x000001a92a26f0f0 JavaThread "http-nio-8080-exec-9" daemon [_thread_blocked, id=21044, stack(0x0000005482200000,0x0000005482300000)]
  0x000001a92a269a50 JavaThread "http-nio-8080-exec-10" daemon [_thread_blocked, id=17160, stack(0x0000005482300000,0x0000005482400000)]
  0x000001a92a26d410 JavaThread "http-nio-8080-Poller" daemon [_thread_in_native, id=14496, stack(0x0000005482400000,0x0000005482500000)]
  0x000001a92a26f5c0 JavaThread "http-nio-8080-Acceptor" daemon [_thread_in_native, id=18276, stack(0x0000005482500000,0x0000005482600000)]
  0x000001a92a26e280 JavaThread "DestroyJavaVM" [_thread_blocked, id=17476, stack(0x00000054fef00000,0x00000054ff000000)]
=>0x000001a8dd6132c0 JavaThread "C2 CompilerThread1" daemon [_thread_in_native, id=20044, stack(0x0000005480200000,0x0000005480300000)]

Other Threads:
  0x000001a8dd1f3fa0 VMThread "VM Thread" [stack: 0x00000054ff500000,0x00000054ff600000] [id=21092]
  0x000001a8b80ebd70 WatcherThread [stack: 0x0000005480000000,0x0000005480100000] [id=17888]
  0x000001a8b80c39f0 GCTaskThread "GC Thread#0" [stack: 0x00000054ff000000,0x00000054ff100000] [id=16256]
  0x000001a8ddcec950 GCTaskThread "GC Thread#1" [stack: 0x0000005480600000,0x0000005480700000] [id=17604]
  0x000001a8ddcecc00 GCTaskThread "GC Thread#2" [stack: 0x0000005480700000,0x0000005480800000] [id=5848]
  0x000001a9231bbb40 GCTaskThread "GC Thread#3" [stack: 0x0000005480800000,0x0000005480900000] [id=20024]
  0x000001a9231bbdf0 GCTaskThread "GC Thread#4" [stack: 0x0000005480900000,0x0000005480a00000] [id=10456]
  0x000001a8dda84060 GCTaskThread "GC Thread#5" [stack: 0x0000005480a00000,0x0000005480b00000] [id=13740]
  0x000001a9239a5d20 GCTaskThread "GC Thread#6" [stack: 0x0000005480c00000,0x0000005480d00000] [id=19620]
  0x000001a9233fe080 GCTaskThread "GC Thread#7" [stack: 0x0000005480d00000,0x0000005480e00000] [id=12168]
  0x000001a9250e0130 GCTaskThread "GC Thread#8" [stack: 0x0000005480b00000,0x0000005480c00000] [id=19760]
  0x000001a923c18270 GCTaskThread "GC Thread#9" [stack: 0x0000005480e00000,0x0000005480f00000] [id=16592]
  0x000001a8b80d4f10 ConcurrentGCThread "G1 Main Marker" [stack: 0x00000054ff100000,0x00000054ff200000] [id=17868]
  0x000001a8b80d5fd0 ConcurrentGCThread "G1 Conc#0" [stack: 0x00000054ff200000,0x00000054ff300000] [id=15176]
  0x000001a9243c88a0 ConcurrentGCThread "G1 Conc#1" [stack: 0x0000005480f00000,0x0000005481000000] [id=19044]
  0x000001a9243585e0 ConcurrentGCThread "G1 Conc#2" [stack: 0x0000005481000000,0x0000005481100000] [id=924]
  0x000001a8b811d280 ConcurrentGCThread "G1 Refine#0" [stack: 0x00000054ff300000,0x00000054ff400000] [id=8764]
  0x000001a8b811dbb0 ConcurrentGCThread "G1 Service" [stack: 0x00000054ff400000,0x00000054ff500000] [id=7540]

Threads with active compile tasks:
C2 CompilerThread0    24936 12123       4       org.hibernate.sql.exec.internal.JdbcSelectExecutorStandardImpl::doExecuteQuery (373 bytes)
C2 CompilerThread1    24936 12113   !   4       org.hibernate.sql.results.jdbc.internal.DeferredResultSetAccess::executeQuery (260 bytes)

VM state: not at safepoint (normal execution)

VM Mutex/Monitor currently owned by a thread: None

Heap address: 0x0000000701400000, size: 4076 MB, Compressed Oops mode: Zero based, Oop shift amount: 3

CDS archive(s) mapped at: [0x000001a8de000000-0x000001a8debd0000-0x000001a8debd0000), size 12386304, SharedBaseAddress: 0x000001a8de000000, ArchiveRelocationMode: 1.
Compressed class space mapped at: 0x000001a8df000000-0x000001a91f000000, reserved size: 1073741824
Narrow klass base: 0x000001a8de000000, Narrow klass shift: 0, Narrow klass range: 0x100000000

GC Precious Log:
 CPUs: 12 total, 12 available
 Memory: 16297M
 Large Page Support: Disabled
 NUMA Support: Disabled
 Compressed Oops: Enabled (Zero based)
 Heap Region Size: 2M
 Heap Min Capacity: 8M
 Heap Initial Capacity: 256M
 Heap Max Capacity: 4076M
 Pre-touch: Disabled
 Parallel Workers: 10
 Concurrent Workers: 3
 Concurrent Refinement Workers: 10
 Periodic GC: Disabled

Heap:
 garbage-first heap   total 61440K, used 32114K [0x0000000701400000, 0x0000000800000000)
  region size 2048K, 2 young (4096K), 1 survivors (2048K)
 Metaspace       used 76060K, committed 76672K, reserved 1179648K
  class space    used 9908K, committed 10176K, reserved 1048576K

Heap Regions: E=young(eden), S=young(survivor), O=old, HS=humongous(starts), HC=humongous(continues), CS=collection set, F=free, OA=open archive, CA=closed archive, TAMS=top-at-mark-start (previous, next)
|   0|0x0000000701400000, 0x0000000701600000, 0x0000000701600000|100%| O|  |TAMS 0x0000000701600000, 0x0000000701400000| Untracked 
|   1|0x0000000701600000, 0x0000000701800000, 0x0000000701800000|100%| O|  |TAMS 0x0000000701800000, 0x0000000701600000| Untracked 
|   2|0x0000000701800000, 0x0000000701a00000, 0x0000000701a00000|100%| O|  |TAMS 0x0000000701a00000, 0x0000000701800000| Untracked 
|   3|0x0000000701a00000, 0x0000000701a00000, 0x0000000701c00000|  0%| F|  |TAMS 0x0000000701a00000, 0x0000000701a00000| Untracked 
|   4|0x0000000701c00000, 0x0000000701e00000, 0x0000000701e00000|100%| O|  |TAMS 0x0000000701e00000, 0x0000000701c00000| Untracked 
|   5|0x0000000701e00000, 0x0000000702000000, 0x0000000702000000|100%| O|  |TAMS 0x0000000702000000, 0x0000000701e00000| Untracked 
|   6|0x0000000702000000, 0x00000007021ffff8, 0x0000000702200000| 99%| O|  |TAMS 0x00000007021ffff8, 0x0000000702000000| Untracked 
|   7|0x0000000702200000, 0x0000000702400000, 0x0000000702400000|100%| O|  |TAMS 0x0000000702400000, 0x0000000702200000| Untracked 
|   8|0x0000000702400000, 0x0000000702600000, 0x0000000702600000|100%| O|  |TAMS 0x0000000702600000, 0x0000000702400000| Untracked 
|   9|0x0000000702600000, 0x0000000702800000, 0x0000000702800000|100%| O|  |TAMS 0x0000000702800000, 0x0000000702600000| Untracked 
|  10|0x0000000702800000, 0x0000000702a00000, 0x0000000702a00000|100%| O|  |TAMS 0x0000000702a00000, 0x0000000702800000| Untracked 
|  11|0x0000000702a00000, 0x0000000702c00000, 0x0000000702c00000|100%| O|  |TAMS 0x0000000702c00000, 0x0000000702a00000| Untracked 
|  12|0x0000000702c00000, 0x0000000702e00000, 0x0000000702e00000|100%| O|  |TAMS 0x0000000702e00000, 0x0000000702c00000| Untracked 
|  13|0x0000000702e00000, 0x0000000703000000, 0x0000000703000000|100%| O|  |TAMS 0x0000000703000000, 0x0000000702e00000| Untracked 
|  14|0x0000000703000000, 0x0000000703200000, 0x0000000703200000|100%| O|  |TAMS 0x0000000703200000, 0x0000000703000000| Untracked 
|  15|0x0000000703200000, 0x0000000703400000, 0x0000000703400000|100%| O|  |TAMS 0x0000000703400000, 0x0000000703200000| Untracked 
|  16|0x0000000703400000, 0x000000070353ae00, 0x0000000703600000| 61%| O|  |TAMS 0x000000070352f800, 0x0000000703400000| Untracked 
|  17|0x0000000703600000, 0x0000000703600000, 0x0000000703800000|  0%| F|  |TAMS 0x0000000703600000, 0x0000000703600000| Untracked 
|  18|0x0000000703800000, 0x0000000703800000, 0x0000000703a00000|  0%| F|  |TAMS 0x0000000703800000, 0x0000000703800000| Untracked 
|  19|0x0000000703a00000, 0x0000000703a21db0, 0x0000000703c00000|  6%| S|CS|TAMS 0x0000000703a00000, 0x0000000703a00000| Complete 
|  20|0x0000000703c00000, 0x0000000703c00000, 0x0000000703e00000|  0%| F|  |TAMS 0x0000000703c00000, 0x0000000703c00000| Untracked 
|  21|0x0000000703e00000, 0x0000000703e00000, 0x0000000704000000|  0%| F|  |TAMS 0x0000000703e00000, 0x0000000703e00000| Untracked 
|  22|0x0000000704000000, 0x0000000704000000, 0x0000000704200000|  0%| F|  |TAMS 0x0000000704000000, 0x0000000704000000| Untracked 
|  23|0x0000000704200000, 0x0000000704200000, 0x0000000704400000|  0%| F|  |TAMS 0x0000000704200000, 0x0000000704200000| Untracked 
|  24|0x0000000704400000, 0x0000000704400000, 0x0000000704600000|  0%| F|  |TAMS 0x0000000704400000, 0x0000000704400000| Untracked 
|  91|0x000000070ca00000, 0x000000070ca00000, 0x000000070cc00000|  0%| F|  |TAMS 0x000000070ca00000, 0x000000070ca00000| Untracked 
|  92|0x000000070cc00000, 0x000000070cc00000, 0x000000070ce00000|  0%| F|  |TAMS 0x000000070cc00000, 0x000000070cc00000| Untracked 
|  93|0x000000070ce00000, 0x000000070ce00000, 0x000000070d000000|  0%| F|  |TAMS 0x000000070ce00000, 0x000000070ce00000| Untracked 
|  94|0x000000070d000000, 0x000000070d000000, 0x000000070d200000|  0%| F|  |TAMS 0x000000070d000000, 0x000000070d000000| Untracked 
| 127|0x0000000711200000, 0x0000000711355cc0, 0x0000000711400000| 66%| E|  |TAMS 0x0000000711200000, 0x0000000711200000| Complete 

Card table byte_map: [0x000001a8d1580000,0x000001a8d1d80000] _byte_map_base: 0x000001a8cdd76000

Marking Bits (Prev, Next): (CMBitMap*) 0x000001a8b80c3f10, (CMBitMap*) 0x000001a8b80c3f50
 Prev Bits: [0x000001a8d2580000, 0x000001a8d6530000)
 Next Bits: [0x000001a8d6530000, 0x000001a8da4e0000)

Polling page: 0x000001a8b8120000

Metaspace:

Usage:
  Non-class:     64.60 MB used.
      Class:      9.68 MB used.
       Both:     74.28 MB used.

Virtual space:
  Non-class space:      128.00 MB reserved,      64.94 MB ( 51%) committed,  2 nodes.
      Class space:        1.00 GB reserved,       9.94 MB ( <1%) committed,  1 nodes.
             Both:        1.12 GB reserved,      74.88 MB (  6%) committed. 

Chunk freelists:
   Non-Class:  14.30 MB
       Class:  5.91 MB
        Both:  20.20 MB

MaxMetaspaceSize: unlimited
CompressedClassSpaceSize: 1.00 GB
Initial GC threshold: 21.00 MB
Current GC threshold: 124.62 MB
CDS: on
MetaspaceReclaimPolicy: balanced
 - commit_granule_bytes: 65536.
 - commit_granule_words: 8192.
 - virtual_space_node_default_size: 8388608.
 - enlarge_chunks_in_place: 1.
 - new_chunks_are_fully_committed: 0.
 - uncommit_free_chunks: 1.
 - use_allocation_guard: 0.
 - handle_deallocations: 1.


Internal statistics:

num_allocs_failed_limit: 9.
num_arena_births: 820.
num_arena_deaths: 0.
num_vsnodes_births: 3.
num_vsnodes_deaths: 0.
num_space_committed: 1198.
num_space_uncommitted: 0.
num_chunks_returned_to_freelist: 9.
num_chunks_taken_from_freelist: 3532.
num_chunk_merges: 9.
num_chunk_splits: 2545.
num_chunks_enlarged: 1990.
num_purges: 0.
num_inconsistent_stats: 0.

CodeHeap 'non-profiled nmethods': size=120000Kb used=9053Kb max_used=9053Kb free=110946Kb
 bounds [0x000001a8c8bb0000, 0x000001a8c9490000, 0x000001a8d00e0000]
CodeHeap 'profiled nmethods': size=120000Kb used=21770Kb max_used=23119Kb free=98229Kb
 bounds [0x000001a8c10e0000, 0x000001a8c2780000, 0x000001a8c8610000]
CodeHeap 'non-nmethods': size=5760Kb used=1383Kb max_used=1498Kb free=4377Kb
 bounds [0x000001a8c8610000, 0x000001a8c8880000, 0x000001a8c8bb0000]
 total_blobs=11191 nmethods=10477 adapters=624
 compilation: enabled
              stopped_count=0, restarted_count=0
 full_count=0

Compilation events (20 events):
Event: 24.777 Thread 0x000001a8dd318bd0 nmethod 12114 0x000001a8c947ab10 code [0x000001a8c947aca0, 0x000001a8c947b338]
Event: 24.777 Thread 0x000001a8dd318bd0 12115   !   4       java.util.concurrent.locks.AbstractQueuedSynchronizer$ConditionObject::await (183 bytes)
Event: 24.787 Thread 0x000001a8dd318bd0 nmethod 12115 0x000001a8c947b590 code [0x000001a8c947b780, 0x000001a8c947c368]
Event: 24.787 Thread 0x000001a8dd318bd0 12116       4       org.hibernate.query.sqm.spi.BaseSemanticQueryWalker::consumeExplicitJoins (65 bytes)
Event: 24.796 Thread 0x000001a8dd318bd0 nmethod 12116 0x000001a8c947cb90 code [0x000001a8c947cda0, 0x000001a8c947da58]
Event: 24.796 Thread 0x000001a8dd318bd0 12117       4       org.jboss.logging.Logger::tracef (35 bytes)
Event: 24.804 Thread 0x000001a8dd318bd0 nmethod 12117 0x000001a8c947ed10 code [0x000001a8c947ef60, 0x000001a8c947faa0]
Event: 24.804 Thread 0x000001a8dd318bd0 12118   !   4       org.springframework.orm.jpa.SharedEntityManagerCreator$SharedEntityManagerInvocationHandler::invoke (853 bytes)
Event: 24.855 Thread 0x000001a8dd318bd0 nmethod 12118 0x000001a8c9480710 code [0x000001a8c9480ac0, 0x000001a8c9483b58]
Event: 24.855 Thread 0x000001a8dd318bd0 12120       4       java.util.concurrent.ConcurrentHashMap$KeySetView::iterator (34 bytes)
Event: 24.859 Thread 0x000001a8dd318bd0 nmethod 12120 0x000001a8c9485c90 code [0x000001a8c9485e20, 0x000001a8c9486298]
Event: 24.859 Thread 0x000001a8dd318bd0 12122       4       org.hibernate.query.spi.QueryOptions::getCacheMode (16 bytes)
Event: 24.859 Thread 0x000001a8dd318bd0 nmethod 12122 0x000001a8c9486510 code [0x000001a8c94866a0, 0x000001a8c9486758]
Event: 24.859 Thread 0x000001a8dd318bd0 12121       4       java.util.concurrent.ConcurrentHashMap$KeyIterator::<init> (12 bytes)
Event: 24.864 Thread 0x000001a8dd318bd0 nmethod 12121 0x000001a8c9486890 code [0x000001a8c9486a20, 0x000001a8c9486f78]
Event: 24.864 Thread 0x000001a8dd318bd0 12119       4       java.util.ArrayDeque$DeqIterator::hasNext (13 bytes)
Event: 24.864 Thread 0x000001a8dd318bd0 nmethod 12119 0x000001a8c9487110 code [0x000001a8c9487280, 0x000001a8c9487318]
Event: 24.868 Thread 0x000001a8dd318bd0 12123       4       org.hibernate.sql.exec.internal.JdbcSelectExecutorStandardImpl::doExecuteQuery (373 bytes)
Event: 24.896 Thread 0x000001a8dd3214e0 12128       1       org.apache.tomcat.util.net.NioEndpoint::getUnixDomainSocketPath (5 bytes)
Event: 24.896 Thread 0x000001a8dd3214e0 nmethod 12128 0x000001a8c9487410 code [0x000001a8c94875a0, 0x000001a8c9487678]

GC Heap History (20 events):
Event: 23.018 GC heap before
{Heap before GC invocations=37 (full 0):
 garbage-first heap   total 61440K, used 50446K [0x0000000701400000, 0x0000000800000000)
  region size 2048K, 10 young (20480K), 1 survivors (2048K)
 Metaspace       used 76024K, committed 76608K, reserved 1179648K
  class space    used 9908K, committed 10176K, reserved 1048576K
}
Event: 23.020 GC heap after
{Heap after GC invocations=38 (full 0):
 garbage-first heap   total 61440K, used 32026K [0x0000000701400000, 0x0000000800000000)
  region size 2048K, 1 young (2048K), 1 survivors (2048K)
 Metaspace       used 76024K, committed 76608K, reserved 1179648K
  class space    used 9908K, committed 10176K, reserved 1048576K
}
Event: 23.247 GC heap before
{Heap before GC invocations=39 (full 0):
 garbage-first heap   total 61440K, used 50458K [0x0000000701400000, 0x0000000800000000)
  region size 2048K, 10 young (20480K), 1 survivors (2048K)
 Metaspace       used 76029K, committed 76608K, reserved 1179648K
  class space    used 9908K, committed 10176K, reserved 1048576K
}
Event: 23.249 GC heap after
{Heap after GC invocations=40 (full 0):
 garbage-first heap   total 61440K, used 32041K [0x0000000701400000, 0x0000000800000000)
  region size 2048K, 1 young (2048K), 1 survivors (2048K)
 Metaspace       used 76029K, committed 76608K, reserved 1179648K
  class space    used 9908K, committed 10176K, reserved 1048576K
}
Event: 23.462 GC heap before
{Heap before GC invocations=40 (full 0):
 garbage-first heap   total 61440K, used 50473K [0x0000000701400000, 0x0000000800000000)
  region size 2048K, 10 young (20480K), 1 survivors (2048K)
 Metaspace       used 76029K, committed 76608K, reserved 1179648K
  class space    used 9908K, committed 10176K, reserved 1048576K
}
Event: 23.464 GC heap after
{Heap after GC invocations=41 (full 0):
 garbage-first heap   total 61440K, used 32043K [0x0000000701400000, 0x0000000800000000)
  region size 2048K, 1 young (2048K), 1 survivors (2048K)
 Metaspace       used 76029K, committed 76608K, reserved 1179648K
  class space    used 9908K, committed 10176K, reserved 1048576K
}
Event: 23.695 GC heap before
{Heap before GC invocations=42 (full 0):
 garbage-first heap   total 61440K, used 50475K [0x0000000701400000, 0x0000000800000000)
  region size 2048K, 10 young (20480K), 1 survivors (2048K)
 Metaspace       used 76036K, committed 76608K, reserved 1179648K
  class space    used 9908K, committed 10176K, reserved 1048576K
}
Event: 23.697 GC heap after
{Heap after GC invocations=43 (full 0):
 garbage-first heap   total 61440K, used 32027K [0x0000000701400000, 0x0000000800000000)
  region size 2048K, 1 young (2048K), 1 survivors (2048K)
 Metaspace       used 76036K, committed 76608K, reserved 1179648K
  class space    used 9908K, committed 10176K, reserved 1048576K
}
Event: 23.903 GC heap before
{Heap before GC invocations=43 (full 0):
 garbage-first heap   total 61440K, used 50459K [0x0000000701400000, 0x0000000800000000)
  region size 2048K, 10 young (20480K), 1 survivors (2048K)
 Metaspace       used 76051K, committed 76672K, reserved 1179648K
  class space    used 9908K, committed 10176K, reserved 1048576K
}
Event: 23.905 GC heap after
{Heap after GC invocations=44 (full 0):
 garbage-first heap   total 61440K, used 32054K [0x0000000701400000, 0x0000000800000000)
  region size 2048K, 1 young (2048K), 1 survivors (2048K)
 Metaspace       used 76051K, committed 76672K, reserved 1179648K
  class space    used 9908K, committed 10176K, reserved 1048576K
}
Event: 24.109 GC heap before
{Heap before GC invocations=45 (full 0):
 garbage-first heap   total 61440K, used 50486K [0x0000000701400000, 0x0000000800000000)
  region size 2048K, 10 young (20480K), 1 survivors (2048K)
 Metaspace       used 76051K, committed 76672K, reserved 1179648K
  class space    used 9908K, committed 10176K, reserved 1048576K
}
Event: 24.111 GC heap after
{Heap after GC invocations=46 (full 0):
 garbage-first heap   total 61440K, used 32072K [0x0000000701400000, 0x0000000800000000)
  region size 2048K, 1 young (2048K), 1 survivors (2048K)
 Metaspace       used 76051K, committed 76672K, reserved 1179648K
  class space    used 9908K, committed 10176K, reserved 1048576K
}
Event: 24.310 GC heap before
{Heap before GC invocations=46 (full 0):
 garbage-first heap   total 61440K, used 50504K [0x0000000701400000, 0x0000000800000000)
  region size 2048K, 10 young (20480K), 1 survivors (2048K)
 Metaspace       used 76058K, committed 76672K, reserved 1179648K
  class space    used 9908K, committed 10176K, reserved 1048576K
}
Event: 24.312 GC heap after
{Heap after GC invocations=47 (full 0):
 garbage-first heap   total 61440K, used 32067K [0x0000000701400000, 0x0000000800000000)
  region size 2048K, 1 young (2048K), 1 survivors (2048K)
 Metaspace       used 76058K, committed 76672K, reserved 1179648K
  class space    used 9908K, committed 10176K, reserved 1048576K
}
Event: 24.511 GC heap before
{Heap before GC invocations=48 (full 0):
 garbage-first heap   total 61440K, used 50499K [0x0000000701400000, 0x0000000800000000)
  region size 2048K, 10 young (20480K), 1 survivors (2048K)
 Metaspace       used 76060K, committed 76672K, reserved 1179648K
  class space    used 9908K, committed 10176K, reserved 1048576K
}
Event: 24.512 GC heap after
{Heap after GC invocations=49 (full 0):
 garbage-first heap   total 61440K, used 32080K [0x0000000701400000, 0x0000000800000000)
  region size 2048K, 1 young (2048K), 1 survivors (2048K)
 Metaspace       used 76060K, committed 76672K, reserved 1179648K
  class space    used 9908K, committed 10176K, reserved 1048576K
}
Event: 24.693 GC heap before
{Heap before GC invocations=49 (full 0):
 garbage-first heap   total 61440K, used 50512K [0x0000000701400000, 0x0000000800000000)
  region size 2048K, 10 young (20480K), 1 survivors (2048K)
 Metaspace       used 76060K, committed 76672K, reserved 1179648K
  class space    used 9908K, committed 10176K, reserved 1048576K
}
Event: 24.694 GC heap after
{Heap after GC invocations=50 (full 0):
 garbage-first heap   total 61440K, used 32089K [0x0000000701400000, 0x0000000800000000)
  region size 2048K, 1 young (2048K), 1 survivors (2048K)
 Metaspace       used 76060K, committed 76672K, reserved 1179648K
  class space    used 9908K, committed 10176K, reserved 1048576K
}
Event: 24.897 GC heap before
{Heap before GC invocations=51 (full 0):
 garbage-first heap   total 61440K, used 50521K [0x0000000701400000, 0x0000000800000000)
  region size 2048K, 10 young (20480K), 1 survivors (2048K)
 Metaspace       used 76060K, committed 76672K, reserved 1179648K
  class space    used 9908K, committed 10176K, reserved 1048576K
}
Event: 24.898 GC heap after
{Heap after GC invocations=52 (full 0):
 garbage-first heap   total 61440K, used 32114K [0x0000000701400000, 0x0000000800000000)
  region size 2048K, 1 young (2048K), 1 survivors (2048K)
 Metaspace       used 76060K, committed 76672K, reserved 1179648K
  class space    used 9908K, committed 10176K, reserved 1048576K
}

Deoptimization events (20 events):
Event: 23.984 Thread 0x000001a92a26c0d0 DEOPT PACKING pc=0x000001a8c93db204 sp=0x0000005481dfa880
Event: 23.984 Thread 0x000001a92a26c0d0 DEOPT UNPACKING pc=0x000001a8c86623a3 sp=0x0000005481dfa828 mode 2
Event: 23.986 Thread 0x000001a923f8f710 Uncommon trap: trap_request=0xffffffbe fr.pc=0x000001a8c93db204 relative=0x0000000000000244
Event: 23.986 Thread 0x000001a923f8f710 Uncommon trap: reason=profile_predicate action=maybe_recompile pc=0x000001a8c93db204 method=org.hibernate.internal.util.collections.StandardStack.findCurrentFirstWithParameter(Ljava/lang/Object;Ljava/util/function/BiFunction;)Ljava/lang/Object; @ 8 c2
Event: 23.986 Thread 0x000001a923f8f710 DEOPT PACKING pc=0x000001a8c93db204 sp=0x00000054819fa9f0
Event: 23.986 Thread 0x000001a923f8f710 DEOPT UNPACKING pc=0x000001a8c86623a3 sp=0x00000054819fa998 mode 2
Event: 23.987 Thread 0x000001a92a269a50 Uncommon trap: trap_request=0xffffffbe fr.pc=0x000001a8c93db204 relative=0x0000000000000244
Event: 23.987 Thread 0x000001a92a269a50 Uncommon trap: reason=profile_predicate action=maybe_recompile pc=0x000001a8c93db204 method=org.hibernate.internal.util.collections.StandardStack.findCurrentFirstWithParameter(Ljava/lang/Object;Ljava/util/function/BiFunction;)Ljava/lang/Object; @ 8 c2
Event: 23.987 Thread 0x000001a92a269a50 DEOPT PACKING pc=0x000001a8c93db204 sp=0x00000054823fa9b0
Event: 23.987 Thread 0x000001a92a269a50 DEOPT UNPACKING pc=0x000001a8c86623a3 sp=0x00000054823fa958 mode 2
Event: 23.990 Thread 0x000001a92a26ddb0 Uncommon trap: trap_request=0xffffffbe fr.pc=0x000001a8c93db204 relative=0x0000000000000244
Event: 23.990 Thread 0x000001a92a26ddb0 Uncommon trap: reason=profile_predicate action=maybe_recompile pc=0x000001a8c93db204 method=org.hibernate.internal.util.collections.StandardStack.findCurrentFirstWithParameter(Ljava/lang/Object;Ljava/util/function/BiFunction;)Ljava/lang/Object; @ 8 c2
Event: 23.990 Thread 0x000001a92a26ddb0 DEOPT PACKING pc=0x000001a8c93db204 sp=0x0000005481efa9e0
Event: 23.990 Thread 0x000001a92a26ddb0 DEOPT UNPACKING pc=0x000001a8c86623a3 sp=0x0000005481efa988 mode 2
Event: 24.029 Thread 0x000001a92a26cf40 DEOPT PACKING pc=0x000001a8c201e350 sp=0x00000054820fe380
Event: 24.029 Thread 0x000001a92a26cf40 DEOPT UNPACKING pc=0x000001a8c8662b43 sp=0x00000054820fd7f8 mode 0
Event: 24.512 Thread 0x000001a92a2690b0 Uncommon trap: trap_request=0xffffff45 fr.pc=0x000001a8c9142f28 relative=0x0000000000000f48
Event: 24.512 Thread 0x000001a92a2690b0 Uncommon trap: reason=unstable_if action=reinterpret pc=0x000001a8c9142f28 method=org.apache.coyote.http11.Http11InputBuffer.parseRequestLine(ZII)Z @ 72 c2
Event: 24.512 Thread 0x000001a92a2690b0 DEOPT PACKING pc=0x000001a8c9142f28 sp=0x0000005481ffea70
Event: 24.512 Thread 0x000001a92a2690b0 DEOPT UNPACKING pc=0x000001a8c86623a3 sp=0x0000005481ffea10 mode 2

Classes unloaded (0 events):
No events

Classes redefined (0 events):
No events

Internal exceptions (20 events):
Event: 3.703 Thread 0x000001a8ddb9b620 Exception <a 'java/lang/NoSuchMethodError'{0x0000000703ba0228}: 'java.lang.Object java.lang.invoke.Invokers$Holder.invoke_MT(java.lang.Object, java.lang.Object, java.lang.Object, java.lang.Object, java.lang.Object, java.lang.Object, java.lang.Object, java.lang.Object, java.lang.Object)'> (0x0000000703ba0228) 
thrown [s\open\src\hotspot\share\interpreter\linkResolver.cpp, line 759]
Event: 3.705 Thread 0x000001a8ddb9b620 Exception <a 'java/lang/IncompatibleClassChangeError'{0x0000000703bc9288}: Found class java.lang.Object, but interface was expected> (0x0000000703bc9288) 
thrown [s\open\src\hotspot\share\interpreter\linkResolver.cpp, line 826]
Event: 3.738 Thread 0x000001a8ddb9b620 Exception <a 'java/lang/reflect/InvocationTargetException'{0x00000007039c8358}> (0x00000007039c8358) 
thrown [s\open\src\hotspot\share\runtime\reflection.cpp, line 1121]
Event: 3.767 Thread 0x000001a8ddb9b620 Exception <a 'java/lang/reflect/InvocationTargetException'{0x000000070cc71d70}> (0x000000070cc71d70) 
thrown [s\open\src\hotspot\share\runtime\reflection.cpp, line 1121]
Event: 3.775 Thread 0x000001a8ddb9b620 Exception <a 'java/lang/reflect/InvocationTargetException'{0x000000070cd9c078}> (0x000000070cd9c078) 
thrown [s\open\src\hotspot\share\runtime\reflection.cpp, line 1121]
Event: 3.796 Thread 0x000001a8ddb9b620 Exception <a 'java/lang/NoSuchMethodError'{0x000000070cb67768}: 'java.lang.Object java.lang.invoke.DirectMethodHandle$Holder.invokeInterface(java.lang.Object, java.lang.Object, java.lang.Object, java.lang.Object)'> (0x000000070cb67768) 
thrown [s\open\src\hotspot\share\interpreter\linkResolver.cpp, line 759]
Event: 3.910 Thread 0x000001a8ddb9b620 Exception <a 'sun/nio/fs/WindowsException'{0x00000007112a3940}> (0x00000007112a3940) 
thrown [s\open\src\hotspot\share\prims\jni.cpp, line 516]
Event: 3.935 Thread 0x000001a8ddb9b620 Exception <a 'java/lang/IncompatibleClassChangeError'{0x000000070ce53f50}: Found class java.lang.Object, but interface was expected> (0x000000070ce53f50) 
thrown [s\open\src\hotspot\share\interpreter\linkResolver.cpp, line 826]
Event: 3.957 Thread 0x000001a8ddb9b620 Exception <a 'java/lang/NoSuchMethodError'{0x000000070cc117d0}: 'void java.lang.invoke.DirectMethodHandle$Holder.invokeVirtual(java.lang.Object, java.lang.Object, long)'> (0x000000070cc117d0) 
thrown [s\open\src\hotspot\share\interpreter\linkResolver.cpp, line 759]
Event: 4.008 Thread 0x000001a8ddb9b620 Exception <a 'java/lang/IncompatibleClassChangeError'{0x0000000704470708}: Found class java.lang.Object, but interface was expected> (0x0000000704470708) 
thrown [s\open\src\hotspot\share\interpreter\linkResolver.cpp, line 826]
Event: 4.013 Thread 0x000001a8ddb9b620 Implicit null exception at 0x000001a8c8d07bba to 0x000001a8c8d07dac
Event: 4.073 Thread 0x000001a8ddb9b620 Exception <a 'java/lang/NoSuchMethodError'{0x0000000703f32848}: 'java.lang.Object java.lang.invoke.DirectMethodHandle$Holder.newInvokeSpecial(java.lang.Object, java.lang.Object, int, java.lang.Object, java.lang.Object)'> (0x0000000703f32848) 
thrown [s\open\src\hotspot\share\interpreter\linkResolver.cpp, line 759]
Event: 4.073 Thread 0x000001a8ddb9b620 Exception <a 'java/lang/NoSuchMethodError'{0x0000000703f3dae0}: 'java.lang.Object java.lang.invoke.DirectMethodHandle$Holder.invokeSpecial(java.lang.Object, java.lang.Object, int, java.lang.Object, int, java.lang.Object)'> (0x0000000703f3dae0) 
thrown [s\open\src\hotspot\share\interpreter\linkResolver.cpp, line 759]
Event: 4.074 Thread 0x000001a8ddb9b620 Exception <a 'java/lang/NoSuchMethodError'{0x0000000703f45b00}: 'java.lang.Object java.lang.invoke.DirectMethodHandle$Holder.newInvokeSpecial(java.lang.Object, java.lang.Object, int, java.lang.Object, int)'> (0x0000000703f45b00) 
thrown [s\open\src\hotspot\share\interpreter\linkResolver.cpp, line 759]
Event: 4.074 Thread 0x000001a8ddb9b620 Exception <a 'java/lang/NoSuchMethodError'{0x0000000703f49c00}: 'java.lang.Object java.lang.invoke.DirectMethodHandle$Holder.invokeSpecial(java.lang.Object, java.lang.Object, java.lang.Object, int, java.lang.Object, int)'> (0x0000000703f49c00) 
thrown [s\open\src\hotspot\share\interpreter\linkResolver.cpp, line 759]
Event: 14.580 Thread 0x000001a923f8f710 Exception <a 'java/lang/NoSuchMethodError'{0x000000070ce48ed0}: 'java.lang.Object java.lang.invoke.DirectMethodHandle$Holder.invokeSpecial(java.lang.Object, java.lang.Object, java.lang.Object, java.lang.Object, java.lang.Object, long)'> (0x000000070ce48ed0) 
thrown [s\open\src\hotspot\share\interpreter\linkResolver.cpp, line 759]
Event: 14.580 Thread 0x000001a923f8f710 Exception <a 'java/lang/NoSuchMethodError'{0x000000070ce4c910}: 'java.lang.Object java.lang.invoke.Invokers$Holder.linkToTargetMethod(java.lang.Object, java.lang.Object, java.lang.Object, long, java.lang.Object)'> (0x000000070ce4c910) 
thrown [s\open\src\hotspot\share\interpreter\linkResolver.cpp, line 759]
Event: 14.791 Thread 0x000001a92a26ff60 Exception <a 'java/lang/NoSuchMethodError'{0x000000070cedcf18}: 'void java.lang.invoke.DirectMethodHandle$Holder.invokeSpecialIFC(java.lang.Object, java.lang.Object, int, java.lang.Object, java.lang.Object, java.lang.Object, java.lang.Object)'> (0x000000070cedcf18) 
thrown [s\open\src\hotspot\share\interpreter\linkResolver.cpp, line 759]
Event: 21.422 Thread 0x000001a92a26cf40 Implicit null exception at 0x000001a8c91cbfa1 to 0x000001a8c91cce84
Event: 21.864 Thread 0x000001a92a26a3f0 Implicit null exception at 0x000001a8c91cc05d to 0x000001a8c91cd218

VM Operations (20 events):
Event: 23.930 Executing VM operation: G1Concurrent
Event: 23.930 Executing VM operation: G1Concurrent done
Event: 24.109 Executing VM operation: G1CollectForAllocation
Event: 24.111 Executing VM operation: G1CollectForAllocation done
Event: 24.310 Executing VM operation: G1CollectForAllocation
Event: 24.312 Executing VM operation: G1CollectForAllocation done
Event: 24.326 Executing VM operation: G1Concurrent
Event: 24.329 Executing VM operation: G1Concurrent done
Event: 24.336 Executing VM operation: G1Concurrent
Event: 24.336 Executing VM operation: G1Concurrent done
Event: 24.510 Executing VM operation: G1CollectForAllocation
Event: 24.512 Executing VM operation: G1CollectForAllocation done
Event: 24.693 Executing VM operation: G1CollectForAllocation
Event: 24.694 Executing VM operation: G1CollectForAllocation done
Event: 24.710 Executing VM operation: G1Concurrent
Event: 24.713 Executing VM operation: G1Concurrent done
Event: 24.719 Executing VM operation: G1Concurrent
Event: 24.720 Executing VM operation: G1Concurrent done
Event: 24.896 Executing VM operation: G1CollectForAllocation
Event: 24.898 Executing VM operation: G1CollectForAllocation done

Events (20 events):
Event: 21.723 Thread 0x000001a8dd343e00 flushing nmethod 0x000001a8c2098890
Event: 21.723 Thread 0x000001a8dd343e00 flushing nmethod 0x000001a8c20f1290
Event: 21.723 Thread 0x000001a8dd343e00 flushing nmethod 0x000001a8c20f6190
Event: 21.723 Thread 0x000001a8dd343e00 flushing nmethod 0x000001a8c2110a90
Event: 21.723 Thread 0x000001a8dd343e00 flushing nmethod 0x000001a8c2142710
Event: 21.724 Thread 0x000001a8dd343e00 flushing nmethod 0x000001a8c216d890
Event: 21.724 Thread 0x000001a8dd343e00 flushing nmethod 0x000001a8c2173c90
Event: 21.725 Thread 0x000001a8dd343e00 flushing nmethod 0x000001a8c239fa90
Event: 21.725 Thread 0x000001a8dd343e00 flushing nmethod 0x000001a8c23a2690
Event: 21.907 loading class jdk/internal/misc/ScopedMemoryAccess$Scope$Handle
Event: 21.907 loading class jdk/internal/misc/ScopedMemoryAccess$Scope$Handle done
Event: 22.386 loading class sun/util/locale/LocaleExtensions
Event: 22.386 loading class sun/util/locale/LocaleExtensions done
Event: 23.578 Thread 0x000001a8dd343e00 flushing nmethod 0x000001a8c1ca0890
Event: 23.578 Thread 0x000001a8dd343e00 flushing nmethod 0x000001a8c1caca10
Event: 23.578 Thread 0x000001a8dd343e00 flushing nmethod 0x000001a8c1cdc610
Event: 23.578 Thread 0x000001a8dd343e00 flushing nmethod 0x000001a8c1d04a90
Event: 23.578 Thread 0x000001a8dd343e00 flushing nmethod 0x000001a8c1d8bf10
Event: 23.581 Thread 0x000001a8dd343e00 flushing nmethod 0x000001a8c25a1610
Event: 24.689 Thread 0x000001a929853840 Thread exited: 0x000001a929853840


Dynamic libraries:
0x00007ff7a9750000 - 0x00007ff7a9760000 	C:\Program Files\Java\jdk-17\bin\java.exe
0x00007ffaaa2d0000 - 0x00007ffaaa4c8000 	C:\Windows\SYSTEM32\ntdll.dll
0x00007ffaa8540000 - 0x00007ffaa85fd000 	C:\Windows\System32\KERNEL32.DLL
0x00007ffaa7f80000 - 0x00007ffaa8276000 	C:\Windows\System32\KERNELBASE.dll
0x00007ffaa79a0000 - 0x00007ffaa7aa0000 	C:\Windows\System32\ucrtbase.dll
0x00007ffa76570000 - 0x00007ffa7658b000 	C:\Program Files\Java\jdk-17\bin\VCRUNTIME140.dll
0x00007ffa769b0000 - 0x00007ffa769c9000 	C:\Program Files\Java\jdk-17\bin\jli.dll
0x00007ffaa8360000 - 0x00007ffaa8413000 	C:\Windows\System32\ADVAPI32.dll
0x00007ffaa9770000 - 0x00007ffaa980e000 	C:\Windows\System32\msvcrt.dll
0x00007ffaa9cf0000 - 0x00007ffaa9d8f000 	C:\Windows\System32\sechost.dll
0x00007ffaa8d50000 - 0x00007ffaa8e76000 	C:\Windows\System32\RPCRT4.dll
0x00007ffaa8280000 - 0x00007ffaa82a7000 	C:\Windows\System32\bcrypt.dll
0x00007ffaa95d0000 - 0x00007ffaa976e000 	C:\Windows\System32\USER32.dll
0x00007ffaa7e50000 - 0x00007ffaa7e72000 	C:\Windows\System32\win32u.dll
0x00007ffa88f10000 - 0x00007ffa891aa000 	C:\Windows\WinSxS\amd64_microsoft.windows.common-controls_6595b64144ccf1df_6.0.19041.3636_none_60b6a03d71f818d5\COMCTL32.dll
0x00007ffaa8320000 - 0x00007ffaa834c000 	C:\Windows\System32\GDI32.dll
0x00007ffaa7d30000 - 0x00007ffaa7e4a000 	C:\Windows\System32\gdi32full.dll
0x00007ffaa7aa0000 - 0x00007ffaa7b3d000 	C:\Windows\System32\msvcp_win.dll
0x00007ffaa2770000 - 0x00007ffaa277a000 	C:\Windows\SYSTEM32\VERSION.dll
0x00007ffaa8510000 - 0x00007ffaa8540000 	C:\Windows\System32\IMM32.DLL
0x00007ffa89ad0000 - 0x00007ffa89adc000 	C:\Program Files\Java\jdk-17\bin\vcruntime140_1.dll
0x00007ffa71fe0000 - 0x00007ffa7206e000 	C:\Program Files\Java\jdk-17\bin\msvcp140.dll
0x00007ffa4d420000 - 0x00007ffa4dffe000 	C:\Program Files\Java\jdk-17\bin\server\jvm.dll
0x00007ffaa8600000 - 0x00007ffaa8608000 	C:\Windows\System32\PSAPI.DLL
0x00007ffa9fe80000 - 0x00007ffa9fea7000 	C:\Windows\SYSTEM32\WINMM.dll
0x00007ffaa3450000 - 0x00007ffaa3459000 	C:\Windows\SYSTEM32\WSOCK32.dll
0x00007ffaa9810000 - 0x00007ffaa987b000 	C:\Windows\System32\WS2_32.dll
0x00007ffaa5790000 - 0x00007ffaa57a2000 	C:\Windows\SYSTEM32\kernel.appcore.dll
0x00007ffa88500000 - 0x00007ffa8850a000 	C:\Program Files\Java\jdk-17\bin\jimage.dll
0x00007ffaa0ce0000 - 0x00007ffaa0ec4000 	C:\Windows\SYSTEM32\DBGHELP.DLL
0x00007ffaa0ca0000 - 0x00007ffaa0cd4000 	C:\Windows\SYSTEM32\dbgcore.DLL
0x00007ffaa7ca0000 - 0x00007ffaa7d22000 	C:\Windows\System32\bcryptPrimitives.dll
0x00007ffa76540000 - 0x00007ffa76565000 	C:\Program Files\Java\jdk-17\bin\java.dll
0x00007ffa5c960000 - 0x00007ffa5ca37000 	C:\Program Files\Java\jdk-17\bin\jsvml.dll
0x00007ffaa8e80000 - 0x00007ffaa95c5000 	C:\Windows\System32\SHELL32.dll
0x00007ffaa5a70000 - 0x00007ffaa620b000 	C:\Windows\SYSTEM32\windows.storage.dll
0x00007ffaa8990000 - 0x00007ffaa8ce4000 	C:\Windows\System32\combase.dll
0x00007ffaa73d0000 - 0x00007ffaa73fd000 	C:\Windows\SYSTEM32\Wldp.dll
0x00007ffaa8740000 - 0x00007ffaa87ed000 	C:\Windows\System32\SHCORE.dll
0x00007ffaa87f0000 - 0x00007ffaa8845000 	C:\Windows\System32\shlwapi.dll
0x00007ffaa78d0000 - 0x00007ffaa78f5000 	C:\Windows\SYSTEM32\profapi.dll
0x00007ffa752a0000 - 0x00007ffa752b9000 	C:\Program Files\Java\jdk-17\bin\net.dll
0x00007ffaa2bc0000 - 0x00007ffaa2cca000 	C:\Windows\SYSTEM32\WINHTTP.dll
0x00007ffaa7130000 - 0x00007ffaa719a000 	C:\Windows\system32\mswsock.dll
0x00007ffa75280000 - 0x00007ffa75296000 	C:\Program Files\Java\jdk-17\bin\nio.dll
0x00007ffa75e40000 - 0x00007ffa75e58000 	C:\Program Files\Java\jdk-17\bin\zip.dll
0x00007ffaa3110000 - 0x00007ffaa311a000 	C:\Program Files\Java\jdk-17\bin\management.dll
0x00007ffa825e0000 - 0x00007ffa825eb000 	C:\Program Files\Java\jdk-17\bin\management_ext.dll
0x00007ffa81ee0000 - 0x00007ffa81eee000 	C:\Program Files\Java\jdk-17\bin\sunmscapi.dll
0x00007ffaa7b40000 - 0x00007ffaa7c9d000 	C:\Windows\System32\CRYPT32.dll
0x00007ffaa7440000 - 0x00007ffaa7468000 	C:\Windows\SYSTEM32\ncrypt.dll
0x00007ffaa7400000 - 0x00007ffaa743b000 	C:\Windows\SYSTEM32\NTASN1.dll
0x00007ffaa7330000 - 0x00007ffaa7348000 	C:\Windows\SYSTEM32\CRYPTSP.dll
0x00007ffaa69f0000 - 0x00007ffaa6a24000 	C:\Windows\system32\rsaenh.dll
0x00007ffaa7850000 - 0x00007ffaa787e000 	C:\Windows\SYSTEM32\USERENV.dll
0x00007ffaa7320000 - 0x00007ffaa732c000 	C:\Windows\SYSTEM32\CRYPTBASE.dll
0x00007ffaa6dd0000 - 0x00007ffaa6e0b000 	C:\Windows\SYSTEM32\IPHLPAPI.DLL
0x00007ffaa9880000 - 0x00007ffaa9888000 	C:\Windows\System32\NSI.dll
0x00007ffaa32e0000 - 0x00007ffaa32f7000 	C:\Windows\SYSTEM32\dhcpcsvc6.DLL
0x00007ffaa32c0000 - 0x00007ffaa32dd000 	C:\Windows\SYSTEM32\dhcpcsvc.DLL
0x00007ffaa6e20000 - 0x00007ffaa6eea000 	C:\Windows\SYSTEM32\DNSAPI.dll
0x00007ffa88350000 - 0x00007ffa88360000 	C:\Program Files\Java\jdk-17\bin\verify.dll
0x00007ffaa1e50000 - 0x00007ffaa1e5a000 	C:\Windows\System32\rasadhlp.dll
0x00007ffaa1f00000 - 0x00007ffaa1f80000 	C:\Windows\System32\fwpuclnt.dll
0x00007ffa9f4a0000 - 0x00007ffa9f4a7000 	C:\Windows\system32\wshunix.dll

dbghelp: loaded successfully - version: 4.0.5 - missing functions: none
symbol engine: initialized successfully - sym options: 0x614 - pdb path: .;C:\Program Files\Java\jdk-17\bin;C:\Windows\SYSTEM32;C:\Windows\WinSxS\amd64_microsoft.windows.common-controls_6595b64144ccf1df_6.0.19041.3636_none_60b6a03d71f818d5;C:\Program Files\Java\jdk-17\bin\server

VM Arguments:
jvm_args: -Dfile.encoding=windows-1252 -Duser.country=US -Duser.language=en -Duser.variant 
java_command: org.launchcode.bookshelfcorner.BookshelfCornerApplication
java_class_path (initial): C:\Users\John\Documents\Code\LaunchCode\test\The-Four-A-s\bookshelf-corner-spring\build\classes\java\main;C:\Users\John\Documents\Code\LaunchCode\test\The-Four-A-s\bookshelf-corner-spring\build\resources\main;C:\Users\John\.gradle\caches\modules-2\files-2.1\org.springframework.boot\spring-boot-devtools\3.2.0\b8a547cba9b5ea40c1b2b0257bc0f19ebe4a0e17\spring-boot-devtools-3.2.0.jar;C:\Users\John\.gradle\caches\modules-2\files-2.1\org.springframework.boot\spring-boot-starter-validation\3.2.0\eef38598ccf9bbcd541c644e934939144cf9fa85\spring-boot-starter-validation-3.2.0.jar;C:\Users\John\.gradle\caches\modules-2\files-2.1\org.springframework.boot\spring-boot-starter-web\3.2.0\e609f839e7c2ff9c90bc75d7c05dbcbb19315319\spring-boot-starter-web-3.2.0.jar;C:\Users\John\.gradle\caches\modules-2\files-2.1\org.springframework.boot\spring-boot-starter-data-jpa\3.2.0\6a8ad077a37f8a0cef6949dcfd91a9b2115cade\spring-boot-starter-data-jpa-3.2.0.jar;C:\Users\John\.gradle\caches\modules-2\files-2.1\org.springframework.security\spring-security-crypto\6.2.0\7cee6007ede44a19a3773912dbdac86ff53d0549\spring-security-crypto-6.2.0.jar;C:\Users\John\.gradle\caches\modules-2\files-2.1\org.springframework.boot\spring-boot-starter-json\3.2.0\e831483c03433b987cc9c72f8ea67757f9865191\spring-boot-starter-json-3.2.0.jar;C:\Users\John\.gradle\caches\modules-2\files-2.1\org.springframework.boot\spring-boot-starter-aop\3.2.0\1c4e5498a0ae4c179d0c192e9b674ac656f3e0b9\spring-boot-starter-aop-3.2.0.jar;C:\Users\John\.gradle\caches\modules-2\files-2.1\org.springframework.boot\spring-boot-starter-jdbc\3.2.0\1ab4ef09c814142be2fafc6d40c9bc242921ca12\spring-boot-starter-jdbc-3.2.0.jar;C:\Users\John\.gradle\caches\modules-2\files-2.1\org.springframework.boot\spring-boot-starter\3.2.0\4d0cc70617a9febbbc6ad81562e930d93f7b2665\spring-boot-starter-3.2.0.jar;C:\Users\John\.gradle\caches\modules-2\files-2.1\org.springframework.boot\spring-boot-autoconfigure\3.2.0\29b231378146bd6606e75389297f3a
Launcher Type: SUN_STANDARD

[Global flags]
     intx CICompilerCount                          = 4                                         {product} {ergonomic}
     uint ConcGCThreads                            = 3                                         {product} {ergonomic}
     uint G1ConcRefinementThreads                  = 10                                        {product} {ergonomic}
   size_t G1HeapRegionSize                         = 2097152                                   {product} {ergonomic}
    uintx GCDrainStackTargetSize                   = 64                                        {product} {ergonomic}
   size_t InitialHeapSize                          = 268435456                                 {product} {ergonomic}
   size_t MarkStackSize                            = 4194304                                   {product} {ergonomic}
   size_t MaxHeapSize                              = 4273995776                                {product} {ergonomic}
   size_t MaxNewSize                               = 2562719744                                {product} {ergonomic}
   size_t MinHeapDeltaBytes                        = 2097152                                   {product} {ergonomic}
   size_t MinHeapSize                              = 8388608                                   {product} {ergonomic}
    uintx NonNMethodCodeHeapSize                   = 5839372                                {pd product} {ergonomic}
    uintx NonProfiledCodeHeapSize                  = 122909434                              {pd product} {ergonomic}
    uintx ProfiledCodeHeapSize                     = 122909434                              {pd product} {ergonomic}
    uintx ReservedCodeCacheSize                    = 251658240                              {pd product} {ergonomic}
     bool SegmentedCodeCache                       = true                                      {product} {ergonomic}
   size_t SoftMaxHeapSize                          = 4273995776                             {manageable} {ergonomic}
     bool UseCompressedClassPointers               = true                           {product lp64_product} {ergonomic}
     bool UseCompressedOops                        = true                           {product lp64_product} {ergonomic}
     bool UseG1GC                                  = true                                      {product} {ergonomic}
     bool UseLargePagesIndividualAllocation        = false                                  {pd product} {ergonomic}

Logging:
Log output configuration:
 #0: stdout all=warning uptime,level,tags
 #1: stderr all=off uptime,level,tags

Environment Variables:
PATH=C:\Program Files\Common Files\Oracle\Java\javapath;C:\Python311\Scripts\;C:\Python311\;C:\Program Files\Python310\Scripts\;C:\Program Files\Python310\;C:\Windows\system32;C:\Windows;C:\Windows\System32\Wbem;C:\Windows\System32\WindowsPowerShell\v1.0\;C:\Windows\System32\OpenSSH\;C:\Program Files (x86)\NVIDIA Corporation\PhysX\Common;C:\Program Files\NVIDIA Corporation\NVIDIA NvDLISR;C:\Program Files\PuTTY\;C:\Users\John\AppData\Local\Programs\Python\Python35\Scripts;C:\Program Files\Microsoft VS Code\bin;C:\Program Files\Git\cmd;C:\ProgramData\chocolatey\bin;C:\Users\John\AppData\Roaming\nvm;C:\Program Files\nodejs;C:\Program Files\MySQL\MySQL Shell 8.0\bin\;C:\Python 3.5;C:\Users\John\AppData\Local\Microsoft\WindowsApps;C:\Users\John\AppData\Local\Google\Cloud SDK\google-cloud-sdk\bin;C:\Users\John\AppData\Roaming\npm;C:\Program Files\JetBrains\IntelliJ IDEA Community Edition 2023.2\bin;;C:\Users\John\AppData\Roaming\nvm;C:\Program Files\nodejs
USERNAME=John
OS=Windows_NT
PROCESSOR_IDENTIFIER=AMD64 Family 25 Model 33 Stepping 0, AuthenticAMD



---------------  S Y S T E M  ---------------

OS:
 Windows 10 , 64 bit Build 19041 (10.0.19041.3636)
OS uptime: 4 days 5:27 hours

CPU: total 12 (initial active 12) (12 cores per cpu, 2 threads per core) family 25 model 33 stepping 0 microcode 0x0, cx8, cmov, fxsr, ht, mmx, 3dnowpref, sse, sse2, sse3, ssse3, sse4a, sse4.1, sse4.2, popcnt, lzcnt, tsc, tscinvbit, avx, avx2, aes, erms, clmul, bmi1, bmi2, adx, sha, fma, vzeroupper, clflush, clflushopt

Memory: 4k page, system-wide physical 16297M (7336M free)
TotalPageFile size 22163M (AvailPageFile size 6M)
current process WorkingSet (physical memory assigned to process): 310M, peak: 318M
current process commit charge ("private bytes"): 355M, peak: 414M

vm_info: Java HotSpot(TM) 64-Bit Server VM (17.0.8+9-LTS-211) for windows-amd64 JRE (17.0.8+9-LTS-211), built on Jun 14 2023 10:34:31 by "mach5one" with MS VC++ 17.1 (VS2022)

END.
