#
# There is insufficient memory for the Java Runtime Environment to continue.
# Native memory allocation (malloc) failed to allocate 32744 bytes for ChunkPool::allocate
# Possible reasons:
#   The system is out of physical RAM or swap space
#   The process is running with CompressedOops enabled, and the Java Heap may be blocking the growth of the native heap
# Possible solutions:
#   Reduce memory load on the system
#   Increase physical memory or swap space
#   Check if swap backing store is full
#   Decrease Java heap size (-Xmx/-Xms)
#   Decrease number of Java threads
#   Decrease Java thread stack sizes (-Xss)
#   Set larger code cache with -XX:ReservedCodeCacheSize=
#   JVM is running with Zero Based Compressed Oops mode in which the Java heap is
#     placed in the first 32GB address space. The Java Heap base address is the
#     maximum limit for the native heap growth. Please use -XX:HeapBaseMinAddress
#     to set the Java Heap base and to place the Java Heap above 32GB virtual address.
# This output file may be truncated or incomplete.
#
#  Out of Memory Error (arena.cpp:78), pid=20156, tid=10756
#
# JRE version: Java(TM) SE Runtime Environment (17.0.8+9) (build 17.0.8+9-LTS-211)
# Java VM: Java HotSpot(TM) 64-Bit Server VM (17.0.8+9-LTS-211, mixed mode, sharing, tiered, compressed oops, compressed class ptrs, g1 gc, windows-amd64)
# No core dump will be written. Minidumps are not enabled by default on client versions of Windows
#

---------------  S U M M A R Y ------------

Command Line: -Dfile.encoding=windows-1252 -Duser.country=US -Duser.language=en -Duser.variant org.launchcode.bookshelfcorner.BookshelfCornerApplication

Host: AMD Ryzen 5 5600X 6-Core Processor             , 12 cores, 15G,  Windows 10 , 64 bit Build 19041 (10.0.19041.3636)
Time: Sat Jan 13 00:53:19 2024 Central Standard Time elapsed time: 32.126973 seconds (0d 0h 0m 32s)

---------------  T H R E A D  ---------------

Current thread (0x000001d87110a320):  JavaThread "C2 CompilerThread0" daemon [_thread_in_native, id=10756, stack(0x000000cb56000000,0x000000cb56100000)]


Current CompileTask:
C2:  32127 6326       4       java.io.WinNTFileSystem::resolve (275 bytes)

Stack: [0x000000cb56000000,0x000000cb56100000]
Native frames: (J=compiled Java code, j=interpreted, Vv=VM code, C=native code)
V  [jvm.dll+0x677d0a]
V  [jvm.dll+0x7d8c54]
V  [jvm.dll+0x7da3fe]
V  [jvm.dll+0x7daa63]
V  [jvm.dll+0x245c5f]
V  [jvm.dll+0xaacc0]
V  [jvm.dll+0xab00c]
V  [jvm.dll+0x7c24ee]
V  [jvm.dll+0x7c2408]
V  [jvm.dll+0x605bfb]
V  [jvm.dll+0x609d3f]
V  [jvm.dll+0x217e7e]
V  [jvm.dll+0x217431]
V  [jvm.dll+0x1a3af0]
V  [jvm.dll+0x2270be]
V  [jvm.dll+0x22535b]
V  [jvm.dll+0x78e7bc]
V  [jvm.dll+0x788bba]
V  [jvm.dll+0x676b35]
C  [ucrtbase.dll+0x21bb2]
C  [KERNEL32.DLL+0x17344]
C  [ntdll.dll+0x526b1]


---------------  P R O C E S S  ---------------

Threads class SMR info:
_java_thread_list=0x000001d8741c7e00, length=31, elements={
0x000001d86cf3abc0, 0x000001d86cf3b940, 0x000001d86cf4e5a0, 0x000001d8711050b0,
0x000001d871105970, 0x000001d871106230, 0x000001d87110a320, 0x000001d871112ce0,
0x000001d8711155f0, 0x000001d87124b560, 0x000001d871256a70, 0x000001d87322ada0,
0x000001d87322b270, 0x000001d87322bc10, 0x000001d87322c0e0, 0x000001d8785082d0,
0x000001d878503f70, 0x000001d8785052b0, 0x000001d878505780, 0x000001d878506ac0,
0x000001d878501dc0, 0x000001d8785018f0, 0x000001d878504440, 0x000001d878502760,
0x000001d878502c30, 0x000001d878505c50, 0x000001d878508c70, 0x000001d878506f90,
0x000001d878509140, 0x000001d878506120, 0x000001d8785065f0
}

Java Threads: ( => current thread )
  0x000001d86cf3abc0 JavaThread "Reference Handler" daemon [_thread_blocked, id=1788, stack(0x000000cb55a00000,0x000000cb55b00000)]
  0x000001d86cf3b940 JavaThread "Finalizer" daemon [_thread_blocked, id=20748, stack(0x000000cb55b00000,0x000000cb55c00000)]
  0x000001d86cf4e5a0 JavaThread "Signal Dispatcher" daemon [_thread_blocked, id=8576, stack(0x000000cb55c00000,0x000000cb55d00000)]
  0x000001d8711050b0 JavaThread "Attach Listener" daemon [_thread_blocked, id=21628, stack(0x000000cb55d00000,0x000000cb55e00000)]
  0x000001d871105970 JavaThread "Service Thread" daemon [_thread_blocked, id=17208, stack(0x000000cb55e00000,0x000000cb55f00000)]
  0x000001d871106230 JavaThread "Monitor Deflation Thread" daemon [_thread_blocked, id=21860, stack(0x000000cb55f00000,0x000000cb56000000)]
=>0x000001d87110a320 JavaThread "C2 CompilerThread0" daemon [_thread_in_native, id=10756, stack(0x000000cb56000000,0x000000cb56100000)]
  0x000001d871112ce0 JavaThread "C1 CompilerThread0" daemon [_thread_blocked, id=9544, stack(0x000000cb56100000,0x000000cb56200000)]
  0x000001d8711155f0 JavaThread "Sweeper thread" daemon [_thread_blocked, id=12380, stack(0x000000cb56200000,0x000000cb56300000)]
  0x000001d87124b560 JavaThread "Notification Thread" daemon [_thread_blocked, id=22084, stack(0x000000cb56300000,0x000000cb56400000)]
  0x000001d871256a70 JavaThread "Common-Cleaner" daemon [_thread_blocked, id=8432, stack(0x000000cb56500000,0x000000cb56600000)]
  0x000001d87322ada0 JavaThread "Catalina-utility-1" [_thread_blocked, id=7556, stack(0x000000cb57500000,0x000000cb57600000)]
  0x000001d87322b270 JavaThread "Catalina-utility-2" [_thread_blocked, id=21640, stack(0x000000cb57600000,0x000000cb57700000)]
  0x000001d87322bc10 JavaThread "container-0" [_thread_blocked, id=17048, stack(0x000000cb57700000,0x000000cb57800000)]
  0x000001d87322c0e0 JavaThread "mysql-cj-abandoned-connection-cleanup" daemon [_thread_blocked, id=16100, stack(0x000000cb57800000,0x000000cb57900000)]
  0x000001d8785082d0 JavaThread "HikariPool-1 housekeeper" daemon [_thread_blocked, id=16188, stack(0x000000cb57a00000,0x000000cb57b00000)]
  0x000001d878503f70 JavaThread "File Watcher" daemon [_thread_blocked, id=7684, stack(0x000000cb57c00000,0x000000cb57d00000)]
  0x000001d8785052b0 JavaThread "Live Reload Server" daemon [_thread_in_native, id=9348, stack(0x000000cb57e00000,0x000000cb57f00000)]
  0x000001d878505780 JavaThread "http-nio-8080-exec-1" daemon [_thread_blocked, id=21072, stack(0x000000cb57d00000,0x000000cb57e00000)]
  0x000001d878506ac0 JavaThread "http-nio-8080-exec-2" daemon [_thread_blocked, id=236, stack(0x000000cb57f00000,0x000000cb58000000)]
  0x000001d878501dc0 JavaThread "http-nio-8080-exec-3" daemon [_thread_blocked, id=19944, stack(0x000000cb58000000,0x000000cb58100000)]
  0x000001d8785018f0 JavaThread "http-nio-8080-exec-4" daemon [_thread_blocked, id=17796, stack(0x000000cb58100000,0x000000cb58200000)]
  0x000001d878504440 JavaThread "http-nio-8080-exec-5" daemon [_thread_blocked, id=15324, stack(0x000000cb58200000,0x000000cb58300000)]
  0x000001d878502760 JavaThread "http-nio-8080-exec-6" daemon [_thread_blocked, id=7048, stack(0x000000cb58300000,0x000000cb58400000)]
  0x000001d878502c30 JavaThread "http-nio-8080-exec-7" daemon [_thread_blocked, id=13216, stack(0x000000cb58400000,0x000000cb58500000)]
  0x000001d878505c50 JavaThread "http-nio-8080-exec-8" daemon [_thread_blocked, id=8352, stack(0x000000cb58500000,0x000000cb58600000)]
  0x000001d878508c70 JavaThread "http-nio-8080-exec-9" daemon [_thread_blocked, id=9092, stack(0x000000cb58600000,0x000000cb58700000)]
  0x000001d878506f90 JavaThread "http-nio-8080-exec-10" daemon [_thread_blocked, id=22012, stack(0x000000cb58700000,0x000000cb58800000)]
  0x000001d878509140 JavaThread "http-nio-8080-Poller" daemon [_thread_in_native, id=17940, stack(0x000000cb58800000,0x000000cb58900000)]
  0x000001d878506120 JavaThread "http-nio-8080-Acceptor" daemon [_thread_in_native, id=14832, stack(0x000000cb58900000,0x000000cb58a00000)]
  0x000001d8785065f0 JavaThread "DestroyJavaVM" [_thread_blocked, id=2108, stack(0x000000cb55300000,0x000000cb55400000)]

Other Threads:
  0x000001d86cf33890 VMThread "VM Thread" [stack: 0x000000cb55900000,0x000000cb55a00000] [id=16268]
  0x000001d849df4480 WatcherThread [stack: 0x000000cb56400000,0x000000cb56500000] [id=4136]
  0x000001d849dc2760 GCTaskThread "GC Thread#0" [stack: 0x000000cb55400000,0x000000cb55500000] [id=6472]
  0x000001d871f89050 GCTaskThread "GC Thread#1" [stack: 0x000000cb56a00000,0x000000cb56b00000] [id=13948]
  0x000001d871f89300 GCTaskThread "GC Thread#2" [stack: 0x000000cb56b00000,0x000000cb56c00000] [id=15396]
  0x000001d871f895b0 GCTaskThread "GC Thread#3" [stack: 0x000000cb56c00000,0x000000cb56d00000] [id=21224]
  0x000001d871f89860 GCTaskThread "GC Thread#4" [stack: 0x000000cb56d00000,0x000000cb56e00000] [id=3840]
  0x000001d871f8a320 GCTaskThread "GC Thread#5" [stack: 0x000000cb56e00000,0x000000cb56f00000] [id=4424]
  0x000001d87284ce40 GCTaskThread "GC Thread#6" [stack: 0x000000cb57000000,0x000000cb57100000] [id=20228]
  0x000001d87275d970 GCTaskThread "GC Thread#7" [stack: 0x000000cb57100000,0x000000cb57200000] [id=13412]
  0x000001d873a03190 GCTaskThread "GC Thread#8" [stack: 0x000000cb56f00000,0x000000cb57000000] [id=8328]
  0x000001d8723d3710 GCTaskThread "GC Thread#9" [stack: 0x000000cb57200000,0x000000cb57300000] [id=22112]
  0x000001d849dd5490 ConcurrentGCThread "G1 Main Marker" [stack: 0x000000cb55500000,0x000000cb55600000] [id=22252]
  0x000001d849dd6550 ConcurrentGCThread "G1 Conc#0" [stack: 0x000000cb55600000,0x000000cb55700000] [id=12280]
  0x000001d872a321a0 ConcurrentGCThread "G1 Conc#1" [stack: 0x000000cb57300000,0x000000cb57400000] [id=16612]
  0x000001d8724c6190 ConcurrentGCThread "G1 Conc#2" [stack: 0x000000cb57400000,0x000000cb57500000] [id=18680]
  0x000001d86cdea520 ConcurrentGCThread "G1 Refine#0" [stack: 0x000000cb55700000,0x000000cb55800000] [id=18192]
  0x000001d86cdeae50 ConcurrentGCThread "G1 Service" [stack: 0x000000cb55800000,0x000000cb55900000] [id=12356]

Threads with active compile tasks:
C2 CompilerThread0    32140 6326       4       java.io.WinNTFileSystem::resolve (275 bytes)

VM state: not at safepoint (normal execution)

VM Mutex/Monitor currently owned by a thread: None

Heap address: 0x0000000701400000, size: 4076 MB, Compressed Oops mode: Zero based, Oop shift amount: 3

CDS archive(s) mapped at: [0x000001d800000000-0x000001d800bd0000-0x000001d800bd0000), size 12386304, SharedBaseAddress: 0x000001d800000000, ArchiveRelocationMode: 1.
Compressed class space mapped at: 0x000001d801000000-0x000001d841000000, reserved size: 1073741824
Narrow klass base: 0x000001d800000000, Narrow klass shift: 0, Narrow klass range: 0x100000000

GC Precious Log:
 CPUs: 12 total, 12 available
 Memory: 16297M
 Large Page Support: Disabled
 NUMA Support: Disabled
 Compressed Oops: Enabled (Zero based)
 Heap Region Size: 2M
 Heap Min Capacity: 8M
 Heap Initial Capacity: 256M
 Heap Max Capacity: 4076M
 Pre-touch: Disabled
 Parallel Workers: 10
 Concurrent Workers: 3
 Concurrent Refinement Workers: 10
 Periodic GC: Disabled

Heap:
 garbage-first heap   total 161792K, used 52916K [0x0000000701400000, 0x0000000800000000)
  region size 2048K, 15 young (30720K), 2 survivors (4096K)
 Metaspace       used 66128K, committed 66688K, reserved 1114112K
  class space    used 9060K, committed 9344K, reserved 1048576K

Heap Regions: E=young(eden), S=young(survivor), O=old, HS=humongous(starts), HC=humongous(continues), CS=collection set, F=free, OA=open archive, CA=closed archive, TAMS=top-at-mark-start (previous, next)
|   0|0x0000000701400000, 0x0000000701600000, 0x0000000701600000|100%| O|  |TAMS 0x0000000701600000, 0x0000000701400000| Untracked 
|   1|0x0000000701600000, 0x0000000701800000, 0x0000000701800000|100%| O|  |TAMS 0x0000000701800000, 0x0000000701600000| Untracked 
|   2|0x0000000701800000, 0x0000000701a00000, 0x0000000701a00000|100%| O|  |TAMS 0x0000000701a00000, 0x0000000701800000| Untracked 
|   3|0x0000000701a00000, 0x0000000701a5a000, 0x0000000701c00000| 17%| O|  |TAMS 0x0000000701a5a000, 0x0000000701a00000| Untracked 
|   4|0x0000000701c00000, 0x0000000701e00000, 0x0000000701e00000|100%| O|  |TAMS 0x0000000701e00000, 0x0000000701c00000| Untracked 
|   5|0x0000000701e00000, 0x0000000702000000, 0x0000000702000000|100%| O|  |TAMS 0x0000000702000000, 0x0000000701e00000| Untracked 
|   6|0x0000000702000000, 0x0000000702200000, 0x0000000702200000|100%| O|  |TAMS 0x0000000702200000, 0x0000000702000000| Untracked 
|   7|0x0000000702200000, 0x0000000702400000, 0x0000000702400000|100%| O|  |TAMS 0x0000000702400000, 0x0000000702200000| Untracked 
|   8|0x0000000702400000, 0x0000000702600000, 0x0000000702600000|100%| O|  |TAMS 0x0000000702600000, 0x0000000702400000| Untracked 
|   9|0x0000000702600000, 0x0000000702800000, 0x0000000702800000|100%| O|  |TAMS 0x0000000702800000, 0x0000000702600000| Untracked 
|  10|0x0000000702800000, 0x0000000702a00000, 0x0000000702a00000|100%| O|  |TAMS 0x0000000702a00000, 0x0000000702800000| Untracked 
|  11|0x0000000702a00000, 0x0000000702c00000, 0x0000000702c00000|100%| O|  |TAMS 0x0000000702bd6000, 0x0000000702a00000| Untracked 
|  12|0x0000000702c00000, 0x0000000702dc7400, 0x0000000702e00000| 88%| O|  |TAMS 0x0000000702c00000, 0x0000000702c00000| Untracked 
|  13|0x0000000702e00000, 0x0000000702e00000, 0x0000000703000000|  0%| F|  |TAMS 0x0000000702e00000, 0x0000000702e00000| Untracked 
|  14|0x0000000703000000, 0x0000000703000000, 0x0000000703200000|  0%| F|  |TAMS 0x0000000703000000, 0x0000000703000000| Untracked 
|  15|0x0000000703200000, 0x0000000703200000, 0x0000000703400000|  0%| F|  |TAMS 0x0000000703200000, 0x0000000703200000| Untracked 
|  16|0x0000000703400000, 0x0000000703400000, 0x0000000703600000|  0%| F|  |TAMS 0x0000000703400000, 0x0000000703400000| Untracked 
|  17|0x0000000703600000, 0x0000000703600000, 0x0000000703800000|  0%| F|  |TAMS 0x0000000703600000, 0x0000000703600000| Untracked 
|  18|0x0000000703800000, 0x000000070398bd50, 0x0000000703a00000| 77%| S|CS|TAMS 0x0000000703800000, 0x0000000703800000| Complete 
|  19|0x0000000703a00000, 0x0000000703c00000, 0x0000000703c00000|100%| S|CS|TAMS 0x0000000703a00000, 0x0000000703a00000| Complete 
|  20|0x0000000703c00000, 0x0000000703c00000, 0x0000000703e00000|  0%| F|  |TAMS 0x0000000703c00000, 0x0000000703c00000| Untracked 
|  21|0x0000000703e00000, 0x0000000703e00000, 0x0000000704000000|  0%| F|  |TAMS 0x0000000703e00000, 0x0000000703e00000| Untracked 
|  22|0x0000000704000000, 0x0000000704000000, 0x0000000704200000|  0%| F|  |TAMS 0x0000000704000000, 0x0000000704000000| Untracked 
|  23|0x0000000704200000, 0x0000000704200000, 0x0000000704400000|  0%| F|  |TAMS 0x0000000704200000, 0x0000000704200000| Untracked 
|  24|0x0000000704400000, 0x0000000704400000, 0x0000000704600000|  0%| F|  |TAMS 0x0000000704400000, 0x0000000704400000| Untracked 
|  25|0x0000000704600000, 0x0000000704600000, 0x0000000704800000|  0%| F|  |TAMS 0x0000000704600000, 0x0000000704600000| Untracked 
|  26|0x0000000704800000, 0x0000000704800000, 0x0000000704a00000|  0%| F|  |TAMS 0x0000000704800000, 0x0000000704800000| Untracked 
|  27|0x0000000704a00000, 0x0000000704a00000, 0x0000000704c00000|  0%| F|  |TAMS 0x0000000704a00000, 0x0000000704a00000| Untracked 
|  28|0x0000000704c00000, 0x0000000704c00000, 0x0000000704e00000|  0%| F|  |TAMS 0x0000000704c00000, 0x0000000704c00000| Untracked 
|  29|0x0000000704e00000, 0x0000000704e00000, 0x0000000705000000|  0%| F|  |TAMS 0x0000000704e00000, 0x0000000704e00000| Untracked 
|  30|0x0000000705000000, 0x0000000705000000, 0x0000000705200000|  0%| F|  |TAMS 0x0000000705000000, 0x0000000705000000| Untracked 
|  31|0x0000000705200000, 0x0000000705200000, 0x0000000705400000|  0%| F|  |TAMS 0x0000000705200000, 0x0000000705200000| Untracked 
|  32|0x0000000705400000, 0x0000000705400000, 0x0000000705600000|  0%| F|  |TAMS 0x0000000705400000, 0x0000000705400000| Untracked 
|  33|0x0000000705600000, 0x0000000705600000, 0x0000000705800000|  0%| F|  |TAMS 0x0000000705600000, 0x0000000705600000| Untracked 
|  34|0x0000000705800000, 0x0000000705800000, 0x0000000705a00000|  0%| F|  |TAMS 0x0000000705800000, 0x0000000705800000| Untracked 
|  35|0x0000000705a00000, 0x0000000705a00000, 0x0000000705c00000|  0%| F|  |TAMS 0x0000000705a00000, 0x0000000705a00000| Untracked 
|  36|0x0000000705c00000, 0x0000000705c00000, 0x0000000705e00000|  0%| F|  |TAMS 0x0000000705c00000, 0x0000000705c00000| Untracked 
|  37|0x0000000705e00000, 0x0000000705e00000, 0x0000000706000000|  0%| F|  |TAMS 0x0000000705e00000, 0x0000000705e00000| Untracked 
|  38|0x0000000706000000, 0x0000000706000000, 0x0000000706200000|  0%| F|  |TAMS 0x0000000706000000, 0x0000000706000000| Untracked 
|  39|0x0000000706200000, 0x0000000706200000, 0x0000000706400000|  0%| F|  |TAMS 0x0000000706200000, 0x0000000706200000| Untracked 
|  40|0x0000000706400000, 0x0000000706400000, 0x0000000706600000|  0%| F|  |TAMS 0x0000000706400000, 0x0000000706400000| Untracked 
|  41|0x0000000706600000, 0x0000000706600000, 0x0000000706800000|  0%| F|  |TAMS 0x0000000706600000, 0x0000000706600000| Untracked 
|  42|0x0000000706800000, 0x0000000706800000, 0x0000000706a00000|  0%| F|  |TAMS 0x0000000706800000, 0x0000000706800000| Untracked 
|  43|0x0000000706a00000, 0x0000000706a00000, 0x0000000706c00000|  0%| F|  |TAMS 0x0000000706a00000, 0x0000000706a00000| Untracked 
|  44|0x0000000706c00000, 0x0000000706c00000, 0x0000000706e00000|  0%| F|  |TAMS 0x0000000706c00000, 0x0000000706c00000| Untracked 
|  45|0x0000000706e00000, 0x0000000706e00000, 0x0000000707000000|  0%| F|  |TAMS 0x0000000706e00000, 0x0000000706e00000| Untracked 
|  46|0x0000000707000000, 0x0000000707000000, 0x0000000707200000|  0%| F|  |TAMS 0x0000000707000000, 0x0000000707000000| Untracked 
|  47|0x0000000707200000, 0x0000000707200000, 0x0000000707400000|  0%| F|  |TAMS 0x0000000707200000, 0x0000000707200000| Untracked 
|  48|0x0000000707400000, 0x0000000707400000, 0x0000000707600000|  0%| F|  |TAMS 0x0000000707400000, 0x0000000707400000| Untracked 
|  49|0x0000000707600000, 0x0000000707600000, 0x0000000707800000|  0%| F|  |TAMS 0x0000000707600000, 0x0000000707600000| Untracked 
|  50|0x0000000707800000, 0x0000000707800000, 0x0000000707a00000|  0%| F|  |TAMS 0x0000000707800000, 0x0000000707800000| Untracked 
|  51|0x0000000707a00000, 0x0000000707a00000, 0x0000000707c00000|  0%| F|  |TAMS 0x0000000707a00000, 0x0000000707a00000| Untracked 
|  52|0x0000000707c00000, 0x0000000707c00000, 0x0000000707e00000|  0%| F|  |TAMS 0x0000000707c00000, 0x0000000707c00000| Untracked 
|  53|0x0000000707e00000, 0x0000000707e00000, 0x0000000708000000|  0%| F|  |TAMS 0x0000000707e00000, 0x0000000707e00000| Untracked 
|  54|0x0000000708000000, 0x0000000708000000, 0x0000000708200000|  0%| F|  |TAMS 0x0000000708000000, 0x0000000708000000| Untracked 
|  55|0x0000000708200000, 0x0000000708200000, 0x0000000708400000|  0%| F|  |TAMS 0x0000000708200000, 0x0000000708200000| Untracked 
|  56|0x0000000708400000, 0x0000000708400000, 0x0000000708600000|  0%| F|  |TAMS 0x0000000708400000, 0x0000000708400000| Untracked 
|  57|0x0000000708600000, 0x0000000708600000, 0x0000000708800000|  0%| F|  |TAMS 0x0000000708600000, 0x0000000708600000| Untracked 
|  58|0x0000000708800000, 0x0000000708800000, 0x0000000708a00000|  0%| F|  |TAMS 0x0000000708800000, 0x0000000708800000| Untracked 
|  59|0x0000000708a00000, 0x0000000708a00000, 0x0000000708c00000|  0%| F|  |TAMS 0x0000000708a00000, 0x0000000708a00000| Untracked 
|  60|0x0000000708c00000, 0x0000000708c00000, 0x0000000708e00000|  0%| F|  |TAMS 0x0000000708c00000, 0x0000000708c00000| Untracked 
|  61|0x0000000708e00000, 0x0000000708e00000, 0x0000000709000000|  0%| F|  |TAMS 0x0000000708e00000, 0x0000000708e00000| Untracked 
|  62|0x0000000709000000, 0x0000000709000000, 0x0000000709200000|  0%| F|  |TAMS 0x0000000709000000, 0x0000000709000000| Untracked 
|  63|0x0000000709200000, 0x0000000709200000, 0x0000000709400000|  0%| F|  |TAMS 0x0000000709200000, 0x0000000709200000| Untracked 
|  64|0x0000000709400000, 0x0000000709400000, 0x0000000709600000|  0%| F|  |TAMS 0x0000000709400000, 0x0000000709400000| Untracked 
|  65|0x0000000709600000, 0x0000000709600000, 0x0000000709800000|  0%| F|  |TAMS 0x0000000709600000, 0x0000000709600000| Untracked 
|  66|0x0000000709800000, 0x000000070989a2e0, 0x0000000709a00000| 30%| E|  |TAMS 0x0000000709800000, 0x0000000709800000| Complete 
|  67|0x0000000709a00000, 0x0000000709c00000, 0x0000000709c00000|100%| E|CS|TAMS 0x0000000709a00000, 0x0000000709a00000| Complete 
|  68|0x0000000709c00000, 0x0000000709e00000, 0x0000000709e00000|100%| E|CS|TAMS 0x0000000709c00000, 0x0000000709c00000| Complete 
|  69|0x0000000709e00000, 0x000000070a000000, 0x000000070a000000|100%| E|CS|TAMS 0x0000000709e00000, 0x0000000709e00000| Complete 
|  70|0x000000070a000000, 0x000000070a200000, 0x000000070a200000|100%| E|CS|TAMS 0x000000070a000000, 0x000000070a000000| Complete 
|  71|0x000000070a200000, 0x000000070a400000, 0x000000070a400000|100%| E|CS|TAMS 0x000000070a200000, 0x000000070a200000| Complete 
|  72|0x000000070a400000, 0x000000070a600000, 0x000000070a600000|100%| E|CS|TAMS 0x000000070a400000, 0x000000070a400000| Complete 
|  73|0x000000070a600000, 0x000000070a800000, 0x000000070a800000|100%| E|CS|TAMS 0x000000070a600000, 0x000000070a600000| Complete 
|  90|0x000000070c800000, 0x000000070ca00000, 0x000000070ca00000|100%| E|CS|TAMS 0x000000070c800000, 0x000000070c800000| Complete 
|  91|0x000000070ca00000, 0x000000070cc00000, 0x000000070cc00000|100%| E|CS|TAMS 0x000000070ca00000, 0x000000070ca00000| Complete 
|  92|0x000000070cc00000, 0x000000070ce00000, 0x000000070ce00000|100%| E|CS|TAMS 0x000000070cc00000, 0x000000070cc00000| Complete 
|  93|0x000000070ce00000, 0x000000070d000000, 0x000000070d000000|100%| E|CS|TAMS 0x000000070ce00000, 0x000000070ce00000| Complete 
| 127|0x0000000711200000, 0x0000000711400000, 0x0000000711400000|100%| E|CS|TAMS 0x0000000711200000, 0x0000000711200000| Complete 

Card table byte_map: [0x000001d861340000,0x000001d861b40000] _byte_map_base: 0x000001d85db36000

Marking Bits (Prev, Next): (CMBitMap*) 0x000001d849dc3cd0, (CMBitMap*) 0x000001d849dc3c90
 Prev Bits: [0x000001d8662f0000, 0x000001d86a2a0000)
 Next Bits: [0x000001d862340000, 0x000001d8662f0000)

Polling page: 0x000001d849520000

Metaspace:

Usage:
  Non-class:     55.73 MB used.
      Class:      8.85 MB used.
       Both:     64.58 MB used.

Virtual space:
  Non-class space:       64.00 MB reserved,      56.00 MB ( 88%) committed,  1 nodes.
      Class space:        1.00 GB reserved,       9.12 MB ( <1%) committed,  1 nodes.
             Both:        1.06 GB reserved,      65.12 MB (  6%) committed. 

Chunk freelists:
   Non-Class:  7.58 MB
       Class:  6.70 MB
        Both:  14.28 MB

MaxMetaspaceSize: unlimited
CompressedClassSpaceSize: 1.00 GB
Initial GC threshold: 21.00 MB
Current GC threshold: 98.44 MB
CDS: on
MetaspaceReclaimPolicy: balanced
 - commit_granule_bytes: 65536.
 - commit_granule_words: 8192.
 - virtual_space_node_default_size: 8388608.
 - enlarge_chunks_in_place: 1.
 - new_chunks_are_fully_committed: 0.
 - uncommit_free_chunks: 1.
 - use_allocation_guard: 0.
 - handle_deallocations: 1.


Internal statistics:

num_allocs_failed_limit: 9.
num_arena_births: 760.
num_arena_deaths: 0.
num_vsnodes_births: 2.
num_vsnodes_deaths: 0.
num_space_committed: 1042.
num_space_uncommitted: 0.
num_chunks_returned_to_freelist: 9.
num_chunks_taken_from_freelist: 3115.
num_chunk_merges: 9.
num_chunk_splits: 2230.
num_chunks_enlarged: 1728.
num_purges: 0.
num_inconsistent_stats: 0.

CodeHeap 'non-profiled nmethods': size=120000Kb used=4060Kb max_used=4060Kb free=115939Kb
 bounds [0x000001d8590c0000, 0x000001d8594c0000, 0x000001d8605f0000]
CodeHeap 'profiled nmethods': size=120000Kb used=10808Kb max_used=10808Kb free=109191Kb
 bounds [0x000001d8515f0000, 0x000001d852090000, 0x000001d858b20000]
CodeHeap 'non-nmethods': size=5760Kb used=1360Kb max_used=1432Kb free=4399Kb
 bounds [0x000001d858b20000, 0x000001d858d90000, 0x000001d8590c0000]
 total_blobs=6213 nmethods=5519 adapters=606
 compilation: enabled
              stopped_count=0, restarted_count=0
 full_count=0

Compilation events (20 events):
Event: 8.034 Thread 0x000001d871112ce0 nmethod 6313 0x000001d852079310 code [0x000001d852079540, 0x000001d85207a068]
Event: 8.646 Thread 0x000001d871112ce0 6314       3       java.io.File::<init> (78 bytes)
Event: 8.647 Thread 0x000001d871112ce0 nmethod 6314 0x000001d85207a310 code [0x000001d85207a4c0, 0x000001d85207a768]
Event: 9.670 Thread 0x000001d871112ce0 6315       3       java.io.File::length (33 bytes)
Event: 9.670 Thread 0x000001d871112ce0 nmethod 6315 0x000001d85207a890 code [0x000001d85207aa80, 0x000001d85207ae88]
Event: 10.689 Thread 0x000001d87110a320 6317       4       java.lang.Long::hashCode (8 bytes)
Event: 10.689 Thread 0x000001d87110a320 nmethod 6317 0x000001d8594b6810 code [0x000001d8594b6980, 0x000001d8594b69f8]
Event: 10.692 Thread 0x000001d871112ce0 6318       3       org.springframework.boot.devtools.filewatch.FileSnapshot::<init> (64 bytes)
Event: 10.693 Thread 0x000001d871112ce0 nmethod 6318 0x000001d85207b010 code [0x000001d85207b3c0, 0x000001d85207cd08]
Event: 10.693 Thread 0x000001d871112ce0 6319       3       java.io.File::lastModified (33 bytes)
Event: 10.693 Thread 0x000001d871112ce0 nmethod 6319 0x000001d85207d410 code [0x000001d85207d600, 0x000001d85207da08]
Event: 13.745 Thread 0x000001d871112ce0 6321       3       java.io.File::getName (42 bytes)
Event: 13.746 Thread 0x000001d871112ce0 nmethod 6321 0x000001d85207db90 code [0x000001d85207dde0, 0x000001d85207e638]
Event: 24.991 Thread 0x000001d871112ce0 6323       3       java.io.File::listFiles (52 bytes)
Event: 24.992 Thread 0x000001d871112ce0 nmethod 6323 0x000001d85207e990 code [0x000001d85207eb80, 0x000001d85207f118]
Event: 24.992 Thread 0x000001d871112ce0 6322       3       org.springframework.boot.devtools.filewatch.DirectorySnapshot::collectFiles (99 bytes)
Event: 24.992 Thread 0x000001d871112ce0 nmethod 6322 0x000001d85207f310 code [0x000001d85207f5e0, 0x000001d8520805f8]
Event: 31.977 Thread 0x000001d871112ce0 6324       3       jdk.internal.misc.Unsafe::putReferenceOpaque (9 bytes)
Event: 31.977 Thread 0x000001d871112ce0 nmethod 6324 0x000001d852080b10 code [0x000001d852080ca0, 0x000001d852080e18]
Event: 32.122 Thread 0x000001d87110a320 6326       4       java.io.WinNTFileSystem::resolve (275 bytes)

GC Heap History (20 events):
Event: 1.716 GC heap before
{Heap before GC invocations=5 (full 0):
 garbage-first heap   total 61440K, used 37954K [0x0000000701400000, 0x0000000800000000)
  region size 2048K, 13 young (26624K), 2 survivors (4096K)
 Metaspace       used 29141K, committed 29568K, reserved 1114112K
  class space    used 3825K, committed 4032K, reserved 1048576K
}
Event: 1.718 GC heap after
{Heap after GC invocations=6 (full 0):
 garbage-first heap   total 61440K, used 17431K [0x0000000701400000, 0x0000000800000000)
  region size 2048K, 2 young (4096K), 2 survivors (4096K)
 Metaspace       used 29141K, committed 29568K, reserved 1114112K
  class space    used 3825K, committed 4032K, reserved 1048576K
}
Event: 1.986 GC heap before
{Heap before GC invocations=6 (full 0):
 garbage-first heap   total 61440K, used 42007K [0x0000000701400000, 0x0000000800000000)
  region size 2048K, 14 young (28672K), 2 survivors (4096K)
 Metaspace       used 32888K, committed 33344K, reserved 1114112K
  class space    used 4327K, committed 4544K, reserved 1048576K
}
Event: 1.989 GC heap after
{Heap after GC invocations=7 (full 0):
 garbage-first heap   total 61440K, used 18802K [0x0000000701400000, 0x0000000800000000)
  region size 2048K, 1 young (2048K), 1 survivors (2048K)
 Metaspace       used 32888K, committed 33344K, reserved 1114112K
  class space    used 4327K, committed 4544K, reserved 1048576K
}
Event: 2.135 GC heap before
{Heap before GC invocations=7 (full 0):
 garbage-first heap   total 61440K, used 29042K [0x0000000701400000, 0x0000000800000000)
  region size 2048K, 7 young (14336K), 1 survivors (2048K)
 Metaspace       used 35549K, committed 35968K, reserved 1114112K
  class space    used 4746K, committed 4928K, reserved 1048576K
}
Event: 2.137 GC heap after
{Heap after GC invocations=8 (full 0):
 garbage-first heap   total 61440K, used 19096K [0x0000000701400000, 0x0000000800000000)
  region size 2048K, 1 young (2048K), 1 survivors (2048K)
 Metaspace       used 35549K, committed 35968K, reserved 1114112K
  class space    used 4746K, committed 4928K, reserved 1048576K
}
Event: 2.525 GC heap before
{Heap before GC invocations=9 (full 0):
 garbage-first heap   total 61440K, used 43672K [0x0000000701400000, 0x0000000800000000)
  region size 2048K, 13 young (26624K), 1 survivors (2048K)
 Metaspace       used 45295K, committed 45760K, reserved 1114112K
  class space    used 6023K, committed 6272K, reserved 1048576K
}
Event: 2.527 GC heap after
{Heap after GC invocations=10 (full 0):
 garbage-first heap   total 61440K, used 21477K [0x0000000701400000, 0x0000000800000000)
  region size 2048K, 2 young (4096K), 2 survivors (4096K)
 Metaspace       used 45295K, committed 45760K, reserved 1114112K
  class space    used 6023K, committed 6272K, reserved 1048576K
}
Event: 2.771 GC heap before
{Heap before GC invocations=10 (full 0):
 garbage-first heap   total 61440K, used 44005K [0x0000000701400000, 0x0000000800000000)
  region size 2048K, 13 young (26624K), 2 survivors (4096K)
 Metaspace       used 49587K, committed 50112K, reserved 1114112K
  class space    used 6544K, committed 6784K, reserved 1048576K
}
Event: 2.774 GC heap after
{Heap after GC invocations=11 (full 0):
 garbage-first heap   total 61440K, used 22910K [0x0000000701400000, 0x0000000800000000)
  region size 2048K, 1 young (2048K), 1 survivors (2048K)
 Metaspace       used 49587K, committed 50112K, reserved 1114112K
  class space    used 6544K, committed 6784K, reserved 1048576K
}
Event: 3.049 GC heap before
{Heap before GC invocations=11 (full 0):
 garbage-first heap   total 61440K, used 45438K [0x0000000701400000, 0x0000000800000000)
  region size 2048K, 12 young (24576K), 1 survivors (2048K)
 Metaspace       used 55219K, committed 55744K, reserved 1114112K
  class space    used 7525K, committed 7808K, reserved 1048576K
}
Event: 3.051 GC heap after
{Heap after GC invocations=12 (full 0):
 garbage-first heap   total 61440K, used 23722K [0x0000000701400000, 0x0000000800000000)
  region size 2048K, 2 young (4096K), 2 survivors (4096K)
 Metaspace       used 55219K, committed 55744K, reserved 1114112K
  class space    used 7525K, committed 7808K, reserved 1048576K
}
Event: 3.288 GC heap before
{Heap before GC invocations=12 (full 0):
 garbage-first heap   total 61440K, used 42154K [0x0000000701400000, 0x0000000800000000)
  region size 2048K, 12 young (24576K), 2 survivors (4096K)
 Metaspace       used 59114K, committed 59648K, reserved 1114112K
  class space    used 8095K, committed 8384K, reserved 1048576K
}
Event: 3.290 GC heap after
{Heap after GC invocations=13 (full 0):
 garbage-first heap   total 61440K, used 24562K [0x0000000701400000, 0x0000000800000000)
  region size 2048K, 1 young (2048K), 1 survivors (2048K)
 Metaspace       used 59114K, committed 59648K, reserved 1114112K
  class space    used 8095K, committed 8384K, reserved 1048576K
}
Event: 3.391 GC heap before
{Heap before GC invocations=13 (full 0):
 garbage-first heap   total 61440K, used 26610K [0x0000000701400000, 0x0000000800000000)
  region size 2048K, 3 young (6144K), 1 survivors (2048K)
 Metaspace       used 59656K, committed 60160K, reserved 1114112K
  class space    used 8147K, committed 8384K, reserved 1048576K
}
Event: 3.392 GC heap after
{Heap after GC invocations=14 (full 0):
 garbage-first heap   total 61440K, used 24904K [0x0000000701400000, 0x0000000800000000)
  region size 2048K, 2 young (4096K), 2 survivors (4096K)
 Metaspace       used 59656K, committed 60160K, reserved 1114112K
  class space    used 8147K, committed 8384K, reserved 1048576K
}
Event: 3.632 GC heap before
{Heap before GC invocations=15 (full 0):
 garbage-first heap   total 61440K, used 45384K [0x0000000701400000, 0x0000000800000000)
  region size 2048K, 12 young (24576K), 2 survivors (4096K)
 Metaspace       used 62708K, committed 63232K, reserved 1114112K
  class space    used 8609K, committed 8832K, reserved 1048576K
}
Event: 3.635 GC heap after
{Heap after GC invocations=16 (full 0):
 garbage-first heap   total 61440K, used 26547K [0x0000000701400000, 0x0000000800000000)
  region size 2048K, 2 young (4096K), 2 survivors (4096K)
 Metaspace       used 62708K, committed 63232K, reserved 1114112K
  class space    used 8609K, committed 8832K, reserved 1048576K
}
Event: 3.805 GC heap before
{Heap before GC invocations=16 (full 0):
 garbage-first heap   total 61440K, used 47027K [0x0000000701400000, 0x0000000800000000)
  region size 2048K, 12 young (24576K), 2 survivors (4096K)
 Metaspace       used 64297K, committed 64832K, reserved 1114112K
  class space    used 8809K, committed 9024K, reserved 1048576K
}
Event: 3.808 GC heap after
{Heap after GC invocations=17 (full 0):
 garbage-first heap   total 161792K, used 28340K [0x0000000701400000, 0x0000000800000000)
  region size 2048K, 2 young (4096K), 2 survivors (4096K)
 Metaspace       used 64297K, committed 64832K, reserved 1114112K
  class space    used 8809K, committed 9024K, reserved 1048576K
}

Deoptimization events (20 events):
Event: 3.943 Thread 0x000001d871f67e00 Uncommon trap: trap_request=0xffffffde fr.pc=0x000001d859450838 relative=0x0000000000004038
Event: 3.943 Thread 0x000001d871f67e00 Uncommon trap: reason=class_check action=maybe_recompile pc=0x000001d859450838 method=org.springframework.core.annotation.AnnotationsScanner.processClassInheritedAnnotations(Ljava/lang/Object;Ljava/lang/Class;Lorg/springframework/core/annotation/MergedAnn
Event: 3.943 Thread 0x000001d871f67e00 DEOPT PACKING pc=0x000001d859450838 sp=0x000000cb569fdfe0
Event: 3.943 Thread 0x000001d871f67e00 DEOPT UNPACKING pc=0x000001d858b723a3 sp=0x000000cb569fde48 mode 2
Event: 3.946 Thread 0x000001d871f67e00 Uncommon trap: trap_request=0xffffff45 fr.pc=0x000001d85912b260 relative=0x0000000000000060
Event: 3.946 Thread 0x000001d871f67e00 Uncommon trap: reason=unstable_if action=reinterpret pc=0x000001d85912b260 method=org.springframework.util.ConcurrentReferenceHashMap$Segment.clear()V @ 7 c2
Event: 3.946 Thread 0x000001d871f67e00 DEOPT PACKING pc=0x000001d85912b260 sp=0x000000cb569fe460
Event: 3.946 Thread 0x000001d871f67e00 DEOPT UNPACKING pc=0x000001d858b723a3 sp=0x000000cb569fe3f0 mode 2
Event: 3.947 Thread 0x000001d871f67e00 Uncommon trap: trap_request=0xffffff54 fr.pc=0x000001d859149878 relative=0x0000000000000238
Event: 3.947 Thread 0x000001d871f67e00 Uncommon trap: reason=speculate_null_assert action=make_not_entrant pc=0x000001d859149878 method=org.springframework.util.ConcurrentReferenceHashMap$Segment.restructureIfNecessary(Z)V @ 41 c2
Event: 3.947 Thread 0x000001d871f67e00 DEOPT PACKING pc=0x000001d859149878 sp=0x000000cb569fe140
Event: 3.947 Thread 0x000001d871f67e00 DEOPT UNPACKING pc=0x000001d858b723a3 sp=0x000000cb569fe118 mode 2
Event: 3.966 Thread 0x000001d871f67e00 Uncommon trap: trap_request=0xffffff45 fr.pc=0x000001d8593b4f8c relative=0x00000000000000ec
Event: 3.966 Thread 0x000001d871f67e00 Uncommon trap: reason=unstable_if action=reinterpret pc=0x000001d8593b4f8c method=java.util.ArrayList.indexOfRange(Ljava/lang/Object;II)I @ 7 c2
Event: 3.966 Thread 0x000001d871f67e00 DEOPT PACKING pc=0x000001d8593b4f8c sp=0x000000cb569fdeb0
Event: 3.966 Thread 0x000001d871f67e00 DEOPT UNPACKING pc=0x000001d858b723a3 sp=0x000000cb569fde30 mode 2
Event: 6.834 Thread 0x000001d87322c0e0 Uncommon trap: trap_request=0xffffff45 fr.pc=0x000001d85931f600 relative=0x0000000000001fa0
Event: 6.834 Thread 0x000001d87322c0e0 Uncommon trap: reason=unstable_if action=reinterpret pc=0x000001d85931f600 method=java.net.URL.<init>(Ljava/net/URL;Ljava/lang/String;Ljava/net/URLStreamHandler;)V @ 57 c2
Event: 6.834 Thread 0x000001d87322c0e0 DEOPT PACKING pc=0x000001d85931f600 sp=0x000000cb578ff170
Event: 6.834 Thread 0x000001d87322c0e0 DEOPT UNPACKING pc=0x000001d858b723a3 sp=0x000000cb578ff130 mode 2

Classes unloaded (0 events):
No events

Classes redefined (0 events):
No events

Internal exceptions (20 events):
Event: 3.417 Thread 0x000001d871f67e00 Exception <a 'java/lang/IncompatibleClassChangeError'{0x000000070cf118c0}: Found class java.lang.Object, but interface was expected> (0x000000070cf118c0) 
thrown [s\open\src\hotspot\share\interpreter\linkResolver.cpp, line 826]
Event: 3.434 Thread 0x000001d871f67e00 Exception <a 'java/lang/IncompatibleClassChangeError'{0x000000070c88d848}: Found class java.lang.Object, but interface was expected> (0x000000070c88d848) 
thrown [s\open\src\hotspot\share\interpreter\linkResolver.cpp, line 826]
Event: 3.532 Thread 0x000001d871f67e00 Exception <a 'java/lang/IncompatibleClassChangeError'{0x0000000704196590}: Found class java.lang.Object, but interface was expected> (0x0000000704196590) 
thrown [s\open\src\hotspot\share\interpreter\linkResolver.cpp, line 826]
Event: 3.587 Thread 0x000001d871f67e00 Exception <a 'java/lang/reflect/InvocationTargetException'{0x0000000703af2a58}> (0x0000000703af2a58) 
thrown [s\open\src\hotspot\share\runtime\reflection.cpp, line 1121]
Event: 3.593 Thread 0x000001d871f67e00 Exception <a 'java/lang/NoSuchMethodError'{0x0000000703b5c3b8}: 'int java.lang.invoke.DirectMethodHandle$Holder.invokeStatic(java.lang.Object, java.lang.Object, int)'> (0x0000000703b5c3b8) 
thrown [s\open\src\hotspot\share\interpreter\linkResolver.cpp, line 759]
Event: 3.594 Thread 0x000001d871f67e00 Exception <a 'java/lang/NoSuchMethodError'{0x0000000703b7a270}: 'java.lang.Object java.lang.invoke.DirectMethodHandle$Holder.newInvokeSpecial(java.lang.Object, java.lang.Object, int)'> (0x0000000703b7a270) 
thrown [s\open\src\hotspot\share\interpreter\linkResolver.cpp, line 759]
Event: 3.597 Thread 0x000001d871f67e00 Exception <a 'java/lang/NoSuchMethodError'{0x0000000703b9d620}: 'java.lang.Object java.lang.invoke.Invokers$Holder.invoke_MT(java.lang.Object, java.lang.Object, java.lang.Object, java.lang.Object, java.lang.Object, java.lang.Object, java.lang.Object, java.lang.Object, java.lang.Object)'> (0x0000000703b9d620) 
thrown [s\open\src\hotspot\share\interpreter\linkResolver.cpp, line 759]
Event: 3.600 Thread 0x000001d871f67e00 Exception <a 'java/lang/IncompatibleClassChangeError'{0x0000000703bc69c0}: Found class java.lang.Object, but interface was expected> (0x0000000703bc69c0) 
thrown [s\open\src\hotspot\share\interpreter\linkResolver.cpp, line 826]
Event: 3.631 Thread 0x000001d871f67e00 Exception <a 'java/lang/reflect/InvocationTargetException'{0x00000007039c6e10}> (0x00000007039c6e10) 
thrown [s\open\src\hotspot\share\runtime\reflection.cpp, line 1121]
Event: 3.658 Thread 0x000001d871f67e00 Exception <a 'java/lang/reflect/InvocationTargetException'{0x000000070ca70f00}> (0x000000070ca70f00) 
thrown [s\open\src\hotspot\share\runtime\reflection.cpp, line 1121]
Event: 3.681 Thread 0x000001d871f67e00 Exception <a 'java/lang/NoSuchMethodError'{0x000000070c83c430}: 'java.lang.Object java.lang.invoke.DirectMethodHandle$Holder.invokeInterface(java.lang.Object, java.lang.Object, java.lang.Object, java.lang.Object)'> (0x000000070c83c430) 
thrown [s\open\src\hotspot\share\interpreter\linkResolver.cpp, line 759]
Event: 3.784 Thread 0x000001d871f67e00 Exception <a 'sun/nio/fs/WindowsException'{0x0000000703f2ed48}> (0x0000000703f2ed48) 
thrown [s\open\src\hotspot\share\prims\jni.cpp, line 516]
Event: 3.814 Thread 0x000001d871f67e00 Exception <a 'java/lang/IncompatibleClassChangeError'{0x000000071131ea48}: Found class java.lang.Object, but interface was expected> (0x000000071131ea48) 
thrown [s\open\src\hotspot\share\interpreter\linkResolver.cpp, line 826]
Event: 3.837 Thread 0x000001d871f67e00 Exception <a 'java/lang/NoSuchMethodError'{0x000000070ced9a98}: 'void java.lang.invoke.DirectMethodHandle$Holder.invokeVirtual(java.lang.Object, java.lang.Object, long)'> (0x000000070ced9a98) 
thrown [s\open\src\hotspot\share\interpreter\linkResolver.cpp, line 759]
Event: 3.887 Thread 0x000001d871f67e00 Exception <a 'java/lang/IncompatibleClassChangeError'{0x000000070cb2e658}: Found class java.lang.Object, but interface was expected> (0x000000070cb2e658) 
thrown [s\open\src\hotspot\share\interpreter\linkResolver.cpp, line 826]
Event: 3.892 Thread 0x000001d871f67e00 Implicit null exception at 0x000001d859221eba to 0x000001d8592220ac
Event: 3.948 Thread 0x000001d871f67e00 Exception <a 'java/lang/NoSuchMethodError'{0x000000070a5bfdf0}: 'java.lang.Object java.lang.invoke.DirectMethodHandle$Holder.newInvokeSpecial(java.lang.Object, java.lang.Object, int, java.lang.Object, java.lang.Object)'> (0x000000070a5bfdf0) 
thrown [s\open\src\hotspot\share\interpreter\linkResolver.cpp, line 759]
Event: 3.949 Thread 0x000001d871f67e00 Exception <a 'java/lang/NoSuchMethodError'{0x000000070a5cb088}: 'java.lang.Object java.lang.invoke.DirectMethodHandle$Holder.invokeSpecial(java.lang.Object, java.lang.Object, int, java.lang.Object, int, java.lang.Object)'> (0x000000070a5cb088) 
thrown [s\open\src\hotspot\share\interpreter\linkResolver.cpp, line 759]
Event: 3.949 Thread 0x000001d871f67e00 Exception <a 'java/lang/NoSuchMethodError'{0x000000070a5d30a8}: 'java.lang.Object java.lang.invoke.DirectMethodHandle$Holder.newInvokeSpecial(java.lang.Object, java.lang.Object, int, java.lang.Object, int)'> (0x000000070a5d30a8) 
thrown [s\open\src\hotspot\share\interpreter\linkResolver.cpp, line 759]
Event: 3.949 Thread 0x000001d871f67e00 Exception <a 'java/lang/NoSuchMethodError'{0x000000070a5d71a8}: 'java.lang.Object java.lang.invoke.DirectMethodHandle$Holder.invokeSpecial(java.lang.Object, java.lang.Object, java.lang.Object, int, java.lang.Object, int)'> (0x000000070a5d71a8) 
thrown [s\open\src\hotspot\share\interpreter\linkResolver.cpp, line 759]

VM Operations (20 events):
Event: 3.717 Executing VM operation: HandshakeAllThreads
Event: 3.717 Executing VM operation: HandshakeAllThreads done
Event: 3.732 Executing VM operation: HandshakeAllThreads
Event: 3.732 Executing VM operation: HandshakeAllThreads done
Event: 3.757 Executing VM operation: HandshakeAllThreads
Event: 3.757 Executing VM operation: HandshakeAllThreads done
Event: 3.757 Executing VM operation: HandshakeAllThreads
Event: 3.757 Executing VM operation: HandshakeAllThreads done
Event: 3.805 Executing VM operation: G1CollectForAllocation
Event: 3.808 Executing VM operation: G1CollectForAllocation done
Event: 3.849 Executing VM operation: HandshakeAllThreads
Event: 3.849 Executing VM operation: HandshakeAllThreads done
Event: 3.916 Executing VM operation: ICBufferFull
Event: 3.916 Executing VM operation: ICBufferFull done
Event: 3.947 Executing VM operation: HandshakeAllThreads
Event: 3.947 Executing VM operation: HandshakeAllThreads done
Event: 4.951 Executing VM operation: Cleanup
Event: 4.951 Executing VM operation: Cleanup done
Event: 5.956 Executing VM operation: Cleanup
Event: 5.956 Executing VM operation: Cleanup done

Events (20 events):
Event: 3.973 loading class com/sun/beans/introspect/ClassInfo$1
Event: 3.973 loading class com/sun/beans/util/Cache
Event: 3.973 loading class com/sun/beans/util/Cache done
Event: 3.973 loading class com/sun/beans/introspect/ClassInfo$1 done
Event: 3.973 loading class com/sun/beans/util/Cache$Kind
Event: 3.973 loading class com/sun/beans/util/Cache$Kind done
Event: 3.973 loading class com/sun/beans/util/Cache$Kind$1
Event: 3.973 loading class com/sun/beans/util/Cache$Kind$1 done
Event: 3.973 loading class com/sun/beans/util/Cache$Kind$2
Event: 3.973 loading class com/sun/beans/util/Cache$Kind$2 done
Event: 3.973 loading class com/sun/beans/util/Cache$Kind$3
Event: 3.973 loading class com/sun/beans/util/Cache$Kind$3 done
Event: 3.973 loading class com/sun/beans/util/Cache$CacheEntry
Event: 3.973 loading class com/sun/beans/util/Cache$CacheEntry done
Event: 3.973 Thread 0x000001d8719d21a0 Thread exited: 0x000001d8719d21a0
Event: 3.973 Thread 0x000001d849d57f80 Thread exited: 0x000001d849d57f80
Event: 3.973 Thread 0x000001d8785065f0 Thread added: 0x000001d8785065f0
Event: 4.967 Thread 0x000001d8714dd0c0 Thread exited: 0x000001d8714dd0c0
Event: 6.598 Thread 0x000001d8712560b0 Thread exited: 0x000001d8712560b0
Event: 7.827 Thread 0x000001d8785087a0 Thread exited: 0x000001d8785087a0


Dynamic libraries:
0x00007ff63c760000 - 0x00007ff63c770000 	C:\Program Files\Java\jdk-17\bin\java.exe
0x00007ffaaa2d0000 - 0x00007ffaaa4c8000 	C:\Windows\SYSTEM32\ntdll.dll
0x00007ffaa8540000 - 0x00007ffaa85fd000 	C:\Windows\System32\KERNEL32.DLL
0x00007ffaa7f80000 - 0x00007ffaa8276000 	C:\Windows\System32\KERNELBASE.dll
0x00007ffaa79a0000 - 0x00007ffaa7aa0000 	C:\Windows\System32\ucrtbase.dll
0x00007ffa4efb0000 - 0x00007ffa4efc9000 	C:\Program Files\Java\jdk-17\bin\jli.dll
0x00007ffa4ef90000 - 0x00007ffa4efab000 	C:\Program Files\Java\jdk-17\bin\VCRUNTIME140.dll
0x00007ffaa8360000 - 0x00007ffaa8413000 	C:\Windows\System32\ADVAPI32.dll
0x00007ffaa9770000 - 0x00007ffaa980e000 	C:\Windows\System32\msvcrt.dll
0x00007ffaa9cf0000 - 0x00007ffaa9d8f000 	C:\Windows\System32\sechost.dll
0x00007ffaa8d50000 - 0x00007ffaa8e76000 	C:\Windows\System32\RPCRT4.dll
0x00007ffaa8280000 - 0x00007ffaa82a7000 	C:\Windows\System32\bcrypt.dll
0x00007ffaa95d0000 - 0x00007ffaa976e000 	C:\Windows\System32\USER32.dll
0x00007ffaa7e50000 - 0x00007ffaa7e72000 	C:\Windows\System32\win32u.dll
0x00007ffa88f10000 - 0x00007ffa891aa000 	C:\Windows\WinSxS\amd64_microsoft.windows.common-controls_6595b64144ccf1df_6.0.19041.3636_none_60b6a03d71f818d5\COMCTL32.dll
0x00007ffaa8320000 - 0x00007ffaa834c000 	C:\Windows\System32\GDI32.dll
0x00007ffaa7d30000 - 0x00007ffaa7e4a000 	C:\Windows\System32\gdi32full.dll
0x00007ffaa7aa0000 - 0x00007ffaa7b3d000 	C:\Windows\System32\msvcp_win.dll
0x00007ffaa2770000 - 0x00007ffaa277a000 	C:\Windows\SYSTEM32\VERSION.dll
0x00007ffaa8510000 - 0x00007ffaa8540000 	C:\Windows\System32\IMM32.DLL
0x00007ffa7e700000 - 0x00007ffa7e70c000 	C:\Program Files\Java\jdk-17\bin\vcruntime140_1.dll
0x00007ffa4ef00000 - 0x00007ffa4ef8e000 	C:\Program Files\Java\jdk-17\bin\msvcp140.dll
0x00007ffa4e320000 - 0x00007ffa4eefe000 	C:\Program Files\Java\jdk-17\bin\server\jvm.dll
0x00007ffaa8600000 - 0x00007ffaa8608000 	C:\Windows\System32\PSAPI.DLL
0x00007ffa9d5a0000 - 0x00007ffa9d5a9000 	C:\Windows\SYSTEM32\WSOCK32.dll
0x00007ffa9fe80000 - 0x00007ffa9fea7000 	C:\Windows\SYSTEM32\WINMM.dll
0x00007ffaa9810000 - 0x00007ffaa987b000 	C:\Windows\System32\WS2_32.dll
0x00007ffaa5790000 - 0x00007ffaa57a2000 	C:\Windows\SYSTEM32\kernel.appcore.dll
0x00007ffa7e4f0000 - 0x00007ffa7e4fa000 	C:\Program Files\Java\jdk-17\bin\jimage.dll
0x00007ffaa0ce0000 - 0x00007ffaa0ec4000 	C:\Windows\SYSTEM32\DBGHELP.DLL
0x00007ffaa0ca0000 - 0x00007ffaa0cd4000 	C:\Windows\SYSTEM32\dbgcore.DLL
0x00007ffaa7ca0000 - 0x00007ffaa7d22000 	C:\Windows\System32\bcryptPrimitives.dll
0x00007ffa4e2f0000 - 0x00007ffa4e315000 	C:\Program Files\Java\jdk-17\bin\java.dll
0x00007ffa4e210000 - 0x00007ffa4e2e7000 	C:\Program Files\Java\jdk-17\bin\jsvml.dll
0x00007ffaa8e80000 - 0x00007ffaa95c5000 	C:\Windows\System32\SHELL32.dll
0x00007ffaa5a70000 - 0x00007ffaa620b000 	C:\Windows\SYSTEM32\windows.storage.dll
0x00007ffaa8990000 - 0x00007ffaa8ce4000 	C:\Windows\System32\combase.dll
0x00007ffaa73d0000 - 0x00007ffaa73fd000 	C:\Windows\SYSTEM32\Wldp.dll
0x00007ffaa8740000 - 0x00007ffaa87ed000 	C:\Windows\System32\SHCORE.dll
0x00007ffaa87f0000 - 0x00007ffaa8845000 	C:\Windows\System32\shlwapi.dll
0x00007ffaa78d0000 - 0x00007ffaa78f5000 	C:\Windows\SYSTEM32\profapi.dll
0x00007ffa4e1d0000 - 0x00007ffa4e1e9000 	C:\Program Files\Java\jdk-17\bin\net.dll
0x00007ffaa2bc0000 - 0x00007ffaa2cca000 	C:\Windows\SYSTEM32\WINHTTP.dll
0x00007ffaa7130000 - 0x00007ffaa719a000 	C:\Windows\system32\mswsock.dll
0x00007ffa4e1b0000 - 0x00007ffa4e1c6000 	C:\Program Files\Java\jdk-17\bin\nio.dll
0x00007ffa4e1f0000 - 0x00007ffa4e208000 	C:\Program Files\Java\jdk-17\bin\zip.dll
0x00007ffa7b640000 - 0x00007ffa7b64a000 	C:\Program Files\Java\jdk-17\bin\management.dll
0x00007ffa7b450000 - 0x00007ffa7b45b000 	C:\Program Files\Java\jdk-17\bin\management_ext.dll
0x00007ffa7a820000 - 0x00007ffa7a82e000 	C:\Program Files\Java\jdk-17\bin\sunmscapi.dll
0x00007ffaa7b40000 - 0x00007ffaa7c9d000 	C:\Windows\System32\CRYPT32.dll
0x00007ffaa7440000 - 0x00007ffaa7468000 	C:\Windows\SYSTEM32\ncrypt.dll
0x00007ffaa7400000 - 0x00007ffaa743b000 	C:\Windows\SYSTEM32\NTASN1.dll
0x00007ffaa7330000 - 0x00007ffaa7348000 	C:\Windows\SYSTEM32\CRYPTSP.dll
0x00007ffaa69f0000 - 0x00007ffaa6a24000 	C:\Windows\system32\rsaenh.dll
0x00007ffaa7850000 - 0x00007ffaa787e000 	C:\Windows\SYSTEM32\USERENV.dll
0x00007ffaa7320000 - 0x00007ffaa732c000 	C:\Windows\SYSTEM32\CRYPTBASE.dll
0x00007ffaa6dd0000 - 0x00007ffaa6e0b000 	C:\Windows\SYSTEM32\IPHLPAPI.DLL
0x00007ffaa9880000 - 0x00007ffaa9888000 	C:\Windows\System32\NSI.dll
0x00007ffaa32e0000 - 0x00007ffaa32f7000 	C:\Windows\SYSTEM32\dhcpcsvc6.DLL
0x00007ffaa32c0000 - 0x00007ffaa32dd000 	C:\Windows\SYSTEM32\dhcpcsvc.DLL
0x00007ffaa6e20000 - 0x00007ffaa6eea000 	C:\Windows\SYSTEM32\DNSAPI.dll
0x00007ffa7ceb0000 - 0x00007ffa7cec0000 	C:\Program Files\Java\jdk-17\bin\verify.dll
0x00007ffaa1e50000 - 0x00007ffaa1e5a000 	C:\Windows\System32\rasadhlp.dll
0x00007ffaa1f00000 - 0x00007ffaa1f80000 	C:\Windows\System32\fwpuclnt.dll
0x00007ffa81ee0000 - 0x00007ffa81ee7000 	C:\Windows\system32\wshunix.dll

dbghelp: loaded successfully - version: 4.0.5 - missing functions: none
symbol engine: initialized successfully - sym options: 0x614 - pdb path: .;C:\Program Files\Java\jdk-17\bin;C:\Windows\SYSTEM32;C:\Windows\WinSxS\amd64_microsoft.windows.common-controls_6595b64144ccf1df_6.0.19041.3636_none_60b6a03d71f818d5;C:\Program Files\Java\jdk-17\bin\server

VM Arguments:
jvm_args: -Dfile.encoding=windows-1252 -Duser.country=US -Duser.language=en -Duser.variant 
java_command: org.launchcode.bookshelfcorner.BookshelfCornerApplication
java_class_path (initial): C:\Users\John\Documents\Code\LaunchCode\test\The-Four-A-s\bookshelf-corner-spring\build\classes\java\main;C:\Users\John\Documents\Code\LaunchCode\test\The-Four-A-s\bookshelf-corner-spring\build\resources\main;C:\Users\John\.gradle\caches\modules-2\files-2.1\org.springframework.boot\spring-boot-devtools\3.2.0\b8a547cba9b5ea40c1b2b0257bc0f19ebe4a0e17\spring-boot-devtools-3.2.0.jar;C:\Users\John\.gradle\caches\modules-2\files-2.1\org.springframework.boot\spring-boot-starter-validation\3.2.0\eef38598ccf9bbcd541c644e934939144cf9fa85\spring-boot-starter-validation-3.2.0.jar;C:\Users\John\.gradle\caches\modules-2\files-2.1\org.springframework.boot\spring-boot-starter-web\3.2.0\e609f839e7c2ff9c90bc75d7c05dbcbb19315319\spring-boot-starter-web-3.2.0.jar;C:\Users\John\.gradle\caches\modules-2\files-2.1\org.springframework.boot\spring-boot-starter-data-jpa\3.2.0\6a8ad077a37f8a0cef6949dcfd91a9b2115cade\spring-boot-starter-data-jpa-3.2.0.jar;C:\Users\John\.gradle\caches\modules-2\files-2.1\org.springframework.security\spring-security-crypto\6.2.0\7cee6007ede44a19a3773912dbdac86ff53d0549\spring-security-crypto-6.2.0.jar;C:\Users\John\.gradle\caches\modules-2\files-2.1\org.springframework.boot\spring-boot-starter-json\3.2.0\e831483c03433b987cc9c72f8ea67757f9865191\spring-boot-starter-json-3.2.0.jar;C:\Users\John\.gradle\caches\modules-2\files-2.1\org.springframework.boot\spring-boot-starter-aop\3.2.0\1c4e5498a0ae4c179d0c192e9b674ac656f3e0b9\spring-boot-starter-aop-3.2.0.jar;C:\Users\John\.gradle\caches\modules-2\files-2.1\org.springframework.boot\spring-boot-starter-jdbc\3.2.0\1ab4ef09c814142be2fafc6d40c9bc242921ca12\spring-boot-starter-jdbc-3.2.0.jar;C:\Users\John\.gradle\caches\modules-2\files-2.1\org.springframework.boot\spring-boot-starter\3.2.0\4d0cc70617a9febbbc6ad81562e930d93f7b2665\spring-boot-starter-3.2.0.jar;C:\Users\John\.gradle\caches\modules-2\files-2.1\org.springframework.boot\spring-boot-autoconfigure\3.2.0\29b231378146bd6606e75389297f3a
Launcher Type: SUN_STANDARD

[Global flags]
     intx CICompilerCount                          = 4                                         {product} {ergonomic}
     uint ConcGCThreads                            = 3                                         {product} {ergonomic}
     uint G1ConcRefinementThreads                  = 10                                        {product} {ergonomic}
   size_t G1HeapRegionSize                         = 2097152                                   {product} {ergonomic}
    uintx GCDrainStackTargetSize                   = 64                                        {product} {ergonomic}
   size_t InitialHeapSize                          = 268435456                                 {product} {ergonomic}
   size_t MarkStackSize                            = 4194304                                   {product} {ergonomic}
   size_t MaxHeapSize                              = 4273995776                                {product} {ergonomic}
   size_t MaxNewSize                               = 2562719744                                {product} {ergonomic}
   size_t MinHeapDeltaBytes                        = 2097152                                   {product} {ergonomic}
   size_t MinHeapSize                              = 8388608                                   {product} {ergonomic}
    uintx NonNMethodCodeHeapSize                   = 5839372                                {pd product} {ergonomic}
    uintx NonProfiledCodeHeapSize                  = 122909434                              {pd product} {ergonomic}
    uintx ProfiledCodeHeapSize                     = 122909434                              {pd product} {ergonomic}
    uintx ReservedCodeCacheSize                    = 251658240                              {pd product} {ergonomic}
     bool SegmentedCodeCache                       = true                                      {product} {ergonomic}
   size_t SoftMaxHeapSize                          = 4273995776                             {manageable} {ergonomic}
     bool UseCompressedClassPointers               = true                           {product lp64_product} {ergonomic}
     bool UseCompressedOops                        = true                           {product lp64_product} {ergonomic}
     bool UseG1GC                                  = true                                      {product} {ergonomic}
     bool UseLargePagesIndividualAllocation        = false                                  {pd product} {ergonomic}

Logging:
Log output configuration:
 #0: stdout all=warning uptime,level,tags
 #1: stderr all=off uptime,level,tags

Environment Variables:
PATH=C:\Program Files\Common Files\Oracle\Java\javapath;C:\Python311\Scripts\;C:\Python311\;C:\Program Files\Python310\Scripts\;C:\Program Files\Python310\;C:\Windows\system32;C:\Windows;C:\Windows\System32\Wbem;C:\Windows\System32\WindowsPowerShell\v1.0\;C:\Windows\System32\OpenSSH\;C:\Program Files (x86)\NVIDIA Corporation\PhysX\Common;C:\Program Files\NVIDIA Corporation\NVIDIA NvDLISR;C:\Program Files\PuTTY\;C:\Users\John\AppData\Local\Programs\Python\Python35\Scripts;C:\Program Files\Microsoft VS Code\bin;C:\Program Files\Git\cmd;C:\ProgramData\chocolatey\bin;C:\Users\John\AppData\Roaming\nvm;C:\Program Files\nodejs;C:\Program Files\MySQL\MySQL Shell 8.0\bin\;C:\Python 3.5;C:\Users\John\AppData\Local\Microsoft\WindowsApps;C:\Users\John\AppData\Local\Google\Cloud SDK\google-cloud-sdk\bin;C:\Users\John\AppData\Roaming\npm;C:\Program Files\JetBrains\IntelliJ IDEA Community Edition 2023.2\bin;;C:\Users\John\AppData\Roaming\nvm;C:\Program Files\nodejs
USERNAME=John
OS=Windows_NT
PROCESSOR_IDENTIFIER=AMD64 Family 25 Model 33 Stepping 0, AuthenticAMD



---------------  S Y S T E M  ---------------

OS:
 Windows 10 , 64 bit Build 19041 (10.0.19041.3636)
OS uptime: 3 days 5:02 hours

CPU: total 12 (initial active 12) (12 cores per cpu, 2 threads per core) family 25 model 33 stepping 0 microcode 0x0, cx8, cmov, fxsr, ht, mmx, 3dnowpref, sse, sse2, sse3, ssse3, sse4a, sse4.1, sse4.2, popcnt, lzcnt, tsc, tscinvbit, avx, avx2, aes, erms, clmul, bmi1, bmi2, adx, sha, fma, vzeroupper, clflush, clflushopt

Memory: 4k page, system-wide physical 16297M (7343M free)
TotalPageFile size 19230M (AvailPageFile size 1M)
current process WorkingSet (physical memory assigned to process): 220M, peak: 299M
current process commit charge ("private bytes"): 361M, peak: 439M

vm_info: Java HotSpot(TM) 64-Bit Server VM (17.0.8+9-LTS-211) for windows-amd64 JRE (17.0.8+9-LTS-211), built on Jun 14 2023 10:34:31 by "mach5one" with MS VC++ 17.1 (VS2022)

END.
