#
# There is insufficient memory for the Java Runtime Environment to continue.
# Native memory allocation (malloc) failed to allocate 1835344 bytes for Chunk::new
# Possible reasons:
#   The system is out of physical RAM or swap space
#   The process is running with CompressedOops enabled, and the Java Heap may be blocking the growth of the native heap
# Possible solutions:
#   Reduce memory load on the system
#   Increase physical memory or swap space
#   Check if swap backing store is full
#   Decrease Java heap size (-Xmx/-Xms)
#   Decrease number of Java threads
#   Decrease Java thread stack sizes (-Xss)
#   Set larger code cache with -XX:ReservedCodeCacheSize=
#   JVM is running with Zero Based Compressed Oops mode in which the Java heap is
#     placed in the first 32GB address space. The Java Heap base address is the
#     maximum limit for the native heap growth. Please use -XX:HeapBaseMinAddress
#     to set the Java Heap base and to place the Java Heap above 32GB virtual address.
# This output file may be truncated or incomplete.
#
#  Out of Memory Error (arena.cpp:189), pid=14660, tid=320
#
# JRE version: Java(TM) SE Runtime Environment (17.0.8+9) (build 17.0.8+9-LTS-211)
# Java VM: Java HotSpot(TM) 64-Bit Server VM (17.0.8+9-LTS-211, mixed mode, sharing, tiered, compressed oops, compressed class ptrs, g1 gc, windows-amd64)
# No core dump will be written. Minidumps are not enabled by default on client versions of Windows
#

---------------  S U M M A R Y ------------

Command Line: -Dfile.encoding=windows-1252 -Duser.country=US -Duser.language=en -Duser.variant org.launchcode.bookshelfcorner.BookshelfCornerApplication

Host: AMD Ryzen 5 5600X 6-Core Processor             , 12 cores, 15G,  Windows 10 , 64 bit Build 19041 (10.0.19041.3636)
Time: Sat Jan 13 20:09:49 2024 Central Standard Time elapsed time: 87.098584 seconds (0d 0h 1m 27s)

---------------  T H R E A D  ---------------

Current thread (0x000002cb6f0b20e0):  JavaThread "C2 CompilerThread2" daemon [_thread_in_native, id=320, stack(0x000000d338700000,0x000000d338800000)]


Current CompileTask:
C2:  87098 13212   !   4       org.springframework.orm.jpa.JpaTransactionManager::doCommit (124 bytes)

Stack: [0x000000d338700000,0x000000d338800000]
Native frames: (J=compiled Java code, j=interpreted, Vv=VM code, C=native code)
V  [jvm.dll+0x677d0a]
V  [jvm.dll+0x7d8c54]
V  [jvm.dll+0x7da3fe]
V  [jvm.dll+0x7daa63]
V  [jvm.dll+0x245c5f]
V  [jvm.dll+0xaaa6b]
V  [jvm.dll+0xab00c]
V  [jvm.dll+0x361e8e]
V  [jvm.dll+0x32c551]
V  [jvm.dll+0x32b9ea]
V  [jvm.dll+0x217fff]
V  [jvm.dll+0x217431]
V  [jvm.dll+0x1a3af0]
V  [jvm.dll+0x2270be]
V  [jvm.dll+0x22535b]
V  [jvm.dll+0x78e7bc]
V  [jvm.dll+0x788bba]
V  [jvm.dll+0x676b35]
C  [ucrtbase.dll+0x21bb2]
C  [KERNEL32.DLL+0x17344]
C  [ntdll.dll+0x526b1]


---------------  P R O C E S S  ---------------

Threads class SMR info:
_java_thread_list=0x000002cb6ea63ec0, length=33, elements={
0x000002cb7fcd9280, 0x000002cb7fcda000, 0x000002cb20846170, 0x000002cb7fcebfb0,
0x000002cb7fcec480, 0x000002cb20849120, 0x000002cb2084d3b0, 0x000002cb208562e0,
0x000002cb208613c0, 0x000002cb2084a460, 0x000002cb20847910, 0x000002cb2084a930,
0x000002cb20849ac0, 0x000002cb20846f70, 0x000002cb20848c50, 0x000002cb67cc9490,
0x000002cb67ccdcc0, 0x000002cb67ccb640, 0x000002cb67cc6e10, 0x000002cb67cc9e30,
0x000002cb67ccaca0, 0x000002cb67cca300, 0x000002cb67cc6470, 0x000002cb67ccb170,
0x000002cb67ccd7f0, 0x000002cb67ccd320, 0x000002cb67cc8620, 0x000002cb67ccbb10,
0x000002cb67ccbfe0, 0x000002cb67ccc4b0, 0x000002cb67cc8150, 0x000002cb6f0b5da0,
0x000002cb6f0b20e0
}

Java Threads: ( => current thread )
  0x000002cb7fcd9280 JavaThread "Reference Handler" daemon [_thread_blocked, id=2544, stack(0x000000d339000000,0x000000d339100000)]
  0x000002cb7fcda000 JavaThread "Finalizer" daemon [_thread_blocked, id=10448, stack(0x000000d339100000,0x000000d339200000)]
  0x000002cb20846170 JavaThread "Signal Dispatcher" daemon [_thread_blocked, id=12180, stack(0x000000d339200000,0x000000d339300000)]
  0x000002cb7fcebfb0 JavaThread "Attach Listener" daemon [_thread_blocked, id=18056, stack(0x000000d339300000,0x000000d339400000)]
  0x000002cb7fcec480 JavaThread "Service Thread" daemon [_thread_blocked, id=2964, stack(0x000000d339400000,0x000000d339500000)]
  0x000002cb20849120 JavaThread "Monitor Deflation Thread" daemon [_thread_blocked, id=7088, stack(0x000000d339500000,0x000000d339600000)]
  0x000002cb2084d3b0 JavaThread "C2 CompilerThread0" daemon [_thread_in_native, id=16280, stack(0x000000d339600000,0x000000d339700000)]
  0x000002cb208562e0 JavaThread "C1 CompilerThread0" daemon [_thread_blocked, id=14244, stack(0x000000d339700000,0x000000d339800000)]
  0x000002cb208613c0 JavaThread "Sweeper thread" daemon [_thread_blocked, id=13780, stack(0x000000d339800000,0x000000d339900000)]
  0x000002cb2084a460 JavaThread "Notification Thread" daemon [_thread_blocked, id=10532, stack(0x000000d339900000,0x000000d339a00000)]
  0x000002cb20847910 JavaThread "Common-Cleaner" daemon [_thread_blocked, id=20384, stack(0x000000d339b00000,0x000000d339c00000)]
  0x000002cb2084a930 JavaThread "Catalina-utility-1" [_thread_blocked, id=1864, stack(0x000000d33ab00000,0x000000d33ac00000)]
  0x000002cb20849ac0 JavaThread "Catalina-utility-2" [_thread_blocked, id=12284, stack(0x000000d33ac00000,0x000000d33ad00000)]
  0x000002cb20846f70 JavaThread "container-0" [_thread_blocked, id=10216, stack(0x000000d33ad00000,0x000000d33ae00000)]
  0x000002cb20848c50 JavaThread "mysql-cj-abandoned-connection-cleanup" daemon [_thread_blocked, id=4672, stack(0x000000d33ae00000,0x000000d33af00000)]
  0x000002cb67cc9490 JavaThread "HikariPool-1 housekeeper" daemon [_thread_blocked, id=748, stack(0x000000d33b000000,0x000000d33b100000)]
  0x000002cb67ccdcc0 JavaThread "File Watcher" daemon [_thread_blocked, id=2684, stack(0x000000d33b200000,0x000000d33b300000)]
  0x000002cb67ccb640 JavaThread "Live Reload Server" daemon [_thread_in_native, id=18404, stack(0x000000d33b400000,0x000000d33b500000)]
  0x000002cb67cc6e10 JavaThread "http-nio-8080-exec-1" daemon [_thread_blocked, id=22112, stack(0x000000d33b300000,0x000000d33b400000)]
  0x000002cb67cc9e30 JavaThread "http-nio-8080-exec-2" daemon [_thread_blocked, id=20408, stack(0x000000d33b500000,0x000000d33b600000)]
  0x000002cb67ccaca0 JavaThread "http-nio-8080-exec-3" daemon [_thread_blocked, id=13620, stack(0x000000d33b600000,0x000000d33b700000)]
  0x000002cb67cca300 JavaThread "http-nio-8080-exec-4" daemon [_thread_blocked, id=2320, stack(0x000000d33b700000,0x000000d33b800000)]
  0x000002cb67cc6470 JavaThread "http-nio-8080-exec-5" daemon [_thread_blocked, id=21084, stack(0x000000d33b800000,0x000000d33b900000)]
  0x000002cb67ccb170 JavaThread "http-nio-8080-exec-6" daemon [_thread_blocked, id=22380, stack(0x000000d33b900000,0x000000d33ba00000)]
  0x000002cb67ccd7f0 JavaThread "http-nio-8080-exec-7" daemon [_thread_blocked, id=15940, stack(0x000000d33ba00000,0x000000d33bb00000)]
  0x000002cb67ccd320 JavaThread "http-nio-8080-exec-8" daemon [_thread_blocked, id=1184, stack(0x000000d33bb00000,0x000000d33bc00000)]
  0x000002cb67cc8620 JavaThread "http-nio-8080-exec-9" daemon [_thread_blocked, id=7308, stack(0x000000d33bc00000,0x000000d33bd00000)]
  0x000002cb67ccbb10 JavaThread "http-nio-8080-exec-10" daemon [_thread_blocked, id=19236, stack(0x000000d33bd00000,0x000000d33be00000)]
  0x000002cb67ccbfe0 JavaThread "http-nio-8080-Poller" daemon [_thread_in_native, id=10872, stack(0x000000d33be00000,0x000000d33bf00000)]
  0x000002cb67ccc4b0 JavaThread "http-nio-8080-Acceptor" daemon [_thread_in_native, id=572, stack(0x000000d33bf00000,0x000000d33c000000)]
  0x000002cb67cc8150 JavaThread "DestroyJavaVM" [_thread_blocked, id=19012, stack(0x000000d338900000,0x000000d338a00000)]
  0x000002cb6f0b5da0 JavaThread "C2 CompilerThread1" daemon [_thread_in_native, id=5148, stack(0x000000d338600000,0x000000d338700000)]
=>0x000002cb6f0b20e0 JavaThread "C2 CompilerThread2" daemon [_thread_in_native, id=320, stack(0x000000d338700000,0x000000d338800000)]

Other Threads:
  0x000002cb7fcd2760 VMThread "VM Thread" [stack: 0x000000d338f00000,0x000000d339000000] [id=2976]
  0x000002cb7d2bbb10 WatcherThread [stack: 0x000000d339a00000,0x000000d339b00000] [id=14864]
  0x000002cb7d293a80 GCTaskThread "GC Thread#0" [stack: 0x000000d338a00000,0x000000d338b00000] [id=11400]
  0x000002cb666678d0 GCTaskThread "GC Thread#1" [stack: 0x000000d33a000000,0x000000d33a100000] [id=2196]
  0x000002cb66667b80 GCTaskThread "GC Thread#2" [stack: 0x000000d33a100000,0x000000d33a200000] [id=11468]
  0x000002cb66667e30 GCTaskThread "GC Thread#3" [stack: 0x000000d33a200000,0x000000d33a300000] [id=8396]
  0x000002cb666688f0 GCTaskThread "GC Thread#4" [stack: 0x000000d33a300000,0x000000d33a400000] [id=3048]
  0x000002cb66668ba0 GCTaskThread "GC Thread#5" [stack: 0x000000d33a400000,0x000000d33a500000] [id=14052]
  0x000002cb66bbc250 GCTaskThread "GC Thread#6" [stack: 0x000000d33a600000,0x000000d33a700000] [id=7412]
  0x000002cb66b90710 GCTaskThread "GC Thread#7" [stack: 0x000000d33a700000,0x000000d33a800000] [id=16336]
  0x000002cb67cabe00 GCTaskThread "GC Thread#8" [stack: 0x000000d33a500000,0x000000d33a600000] [id=5700]
  0x000002cb681305a0 GCTaskThread "GC Thread#9" [stack: 0x000000d33a800000,0x000000d33a900000] [id=19516]
  0x000002cb7d2a57a0 ConcurrentGCThread "G1 Main Marker" [stack: 0x000000d338b00000,0x000000d338c00000] [id=13232]
  0x000002cb7d2a6860 ConcurrentGCThread "G1 Conc#0" [stack: 0x000000d338c00000,0x000000d338d00000] [id=17968]
  0x000002cb66ae7c60 ConcurrentGCThread "G1 Conc#1" [stack: 0x000000d33a900000,0x000000d33aa00000] [id=5252]
  0x000002cb677c5e60 ConcurrentGCThread "G1 Conc#2" [stack: 0x000000d33aa00000,0x000000d33ab00000] [id=7724]
  0x000002cb7d2eded0 ConcurrentGCThread "G1 Refine#0" [stack: 0x000000d338d00000,0x000000d338e00000] [id=17692]
  0x000002cb7d2ee800 ConcurrentGCThread "G1 Service" [stack: 0x000000d338e00000,0x000000d338f00000] [id=3944]

Threads with active compile tasks:
C2 CompilerThread0    87114 13213   !   4       org.hibernate.engine.transaction.internal.TransactionImpl::commit (54 bytes)
C2 CompilerThread1    87114 13214   !   4       org.hibernate.resource.transaction.backend.jdbc.internal.JdbcResourceLocalTransactionCoordinatorImpl$TransactionDriverControlImpl::commit (127 bytes)
C2 CompilerThread2    87114 13212   !   4       org.springframework.orm.jpa.JpaTransactionManager::doCommit (124 bytes)

VM state: not at safepoint (normal execution)

VM Mutex/Monitor currently owned by a thread: None

Heap address: 0x0000000701400000, size: 4076 MB, Compressed Oops mode: Zero based, Oop shift amount: 3

CDS archive(s) mapped at: [0x000002cb21000000-0x000002cb21bd0000-0x000002cb21bd0000), size 12386304, SharedBaseAddress: 0x000002cb21000000, ArchiveRelocationMode: 1.
Compressed class space mapped at: 0x000002cb22000000-0x000002cb62000000, reserved size: 1073741824
Narrow klass base: 0x000002cb21000000, Narrow klass shift: 0, Narrow klass range: 0x100000000

GC Precious Log:
 CPUs: 12 total, 12 available
 Memory: 16297M
 Large Page Support: Disabled
 NUMA Support: Disabled
 Compressed Oops: Enabled (Zero based)
 Heap Region Size: 2M
 Heap Min Capacity: 8M
 Heap Initial Capacity: 256M
 Heap Max Capacity: 4076M
 Pre-touch: Disabled
 Parallel Workers: 10
 Concurrent Workers: 3
 Concurrent Refinement Workers: 10
 Periodic GC: Disabled

Heap:
 garbage-first heap   total 159744K, used 86357K [0x0000000701400000, 0x0000000800000000)
  region size 2048K, 31 young (63488K), 3 survivors (6144K)
 Metaspace       used 76920K, committed 77504K, reserved 1179648K
  class space    used 10023K, committed 10304K, reserved 1048576K

Heap Regions: E=young(eden), S=young(survivor), O=old, HS=humongous(starts), HC=humongous(continues), CS=collection set, F=free, OA=open archive, CA=closed archive, TAMS=top-at-mark-start (previous, next)
|   0|0x0000000701400000, 0x0000000701600000, 0x0000000701600000|100%| O|  |TAMS 0x0000000701600000, 0x0000000701400000| Untracked 
|   1|0x0000000701600000, 0x0000000701800000, 0x0000000701800000|100%| O|  |TAMS 0x0000000701800000, 0x0000000701600000| Untracked 
|   2|0x0000000701800000, 0x00000007019cd200, 0x0000000701a00000| 90%| O|  |TAMS 0x00000007019cd200, 0x0000000701800000| Untracked 
|   3|0x0000000701a00000, 0x0000000701c00000, 0x0000000701c00000|100%| O|  |TAMS 0x0000000701c00000, 0x0000000701a00000| Untracked 
|   4|0x0000000701c00000, 0x0000000701e00000, 0x0000000701e00000|100%| O|  |TAMS 0x0000000701df6400, 0x0000000701c00000| Untracked 
|   5|0x0000000701e00000, 0x0000000702000000, 0x0000000702000000|100%| O|  |TAMS 0x0000000701e00000, 0x0000000701e00000| Untracked 
|   6|0x0000000702000000, 0x0000000702200000, 0x0000000702200000|100%| O|  |TAMS 0x0000000702000000, 0x0000000702000000| Untracked 
|   7|0x0000000702200000, 0x0000000702400000, 0x0000000702400000|100%| O|  |TAMS 0x0000000702200000, 0x0000000702200000| Untracked 
|   8|0x0000000702400000, 0x0000000702600000, 0x0000000702600000|100%| O|  |TAMS 0x0000000702600000, 0x0000000702400000| Untracked 
|   9|0x0000000702600000, 0x0000000702800000, 0x0000000702800000|100%| O|  |TAMS 0x0000000702800000, 0x0000000702600000| Untracked 
|  10|0x0000000702800000, 0x0000000702a00000, 0x0000000702a00000|100%| O|  |TAMS 0x0000000702a00000, 0x0000000702800000| Untracked 
|  11|0x0000000702a00000, 0x0000000702c00000, 0x0000000702c00000|100%| O|  |TAMS 0x0000000702c00000, 0x0000000702a00000| Untracked 
|  12|0x0000000702c00000, 0x0000000702e00000, 0x0000000702e00000|100%| O|  |TAMS 0x0000000702e00000, 0x0000000702c00000| Untracked 
|  13|0x0000000702e00000, 0x0000000702e0b200, 0x0000000703000000|  2%| O|  |TAMS 0x0000000702e00000, 0x0000000702e00000| Untracked 
|  14|0x0000000703000000, 0x0000000703000000, 0x0000000703200000|  0%| F|  |TAMS 0x0000000703000000, 0x0000000703000000| Untracked 
|  15|0x0000000703200000, 0x0000000703200000, 0x0000000703400000|  0%| F|  |TAMS 0x0000000703200000, 0x0000000703200000| Untracked 
|  16|0x0000000703400000, 0x0000000703400000, 0x0000000703600000|  0%| F|  |TAMS 0x0000000703400000, 0x0000000703400000| Untracked 
|  17|0x0000000703600000, 0x0000000703600000, 0x0000000703800000|  0%| F|  |TAMS 0x0000000703600000, 0x0000000703600000| Untracked 
|  18|0x0000000703800000, 0x0000000703800000, 0x0000000703a00000|  0%| F|  |TAMS 0x0000000703800000, 0x0000000703800000| Untracked 
|  19|0x0000000703a00000, 0x0000000703a00000, 0x0000000703c00000|  0%| F|  |TAMS 0x0000000703a00000, 0x0000000703a00000| Untracked 
|  20|0x0000000703c00000, 0x0000000703c00000, 0x0000000703e00000|  0%| F|  |TAMS 0x0000000703c00000, 0x0000000703c00000| Untracked 
|  21|0x0000000703e00000, 0x0000000703e00000, 0x0000000704000000|  0%| F|  |TAMS 0x0000000703e00000, 0x0000000703e00000| Untracked 
|  22|0x0000000704000000, 0x0000000704000000, 0x0000000704200000|  0%| F|  |TAMS 0x0000000704000000, 0x0000000704000000| Untracked 
|  23|0x0000000704200000, 0x0000000704200000, 0x0000000704400000|  0%| F|  |TAMS 0x0000000704200000, 0x0000000704200000| Untracked 
|  24|0x0000000704400000, 0x0000000704400000, 0x0000000704600000|  0%| F|  |TAMS 0x0000000704400000, 0x0000000704400000| Untracked 
|  25|0x0000000704600000, 0x0000000704600000, 0x0000000704800000|  0%| F|  |TAMS 0x0000000704600000, 0x0000000704600000| Untracked 
|  26|0x0000000704800000, 0x0000000704800000, 0x0000000704a00000|  0%| F|  |TAMS 0x0000000704800000, 0x0000000704800000| Untracked 
|  27|0x0000000704a00000, 0x0000000704a00000, 0x0000000704c00000|  0%| F|  |TAMS 0x0000000704a00000, 0x0000000704a00000| Untracked 
|  28|0x0000000704c00000, 0x0000000704c00000, 0x0000000704e00000|  0%| F|  |TAMS 0x0000000704c00000, 0x0000000704c00000| Untracked 
|  29|0x0000000704e00000, 0x0000000704e00000, 0x0000000705000000|  0%| F|  |TAMS 0x0000000704e00000, 0x0000000704e00000| Untracked 
|  30|0x0000000705000000, 0x000000070507d200, 0x0000000705200000| 24%| S|CS|TAMS 0x0000000705000000, 0x0000000705000000| Complete 
|  31|0x0000000705200000, 0x0000000705400000, 0x0000000705400000|100%| S|CS|TAMS 0x0000000705200000, 0x0000000705200000| Complete 
|  32|0x0000000705400000, 0x0000000705600000, 0x0000000705600000|100%| S|CS|TAMS 0x0000000705400000, 0x0000000705400000| Complete 
|  33|0x0000000705600000, 0x0000000705600000, 0x0000000705800000|  0%| F|  |TAMS 0x0000000705600000, 0x0000000705600000| Untracked 
|  34|0x0000000705800000, 0x0000000705800000, 0x0000000705a00000|  0%| F|  |TAMS 0x0000000705800000, 0x0000000705800000| Untracked 
|  35|0x0000000705a00000, 0x0000000705a00000, 0x0000000705c00000|  0%| F|  |TAMS 0x0000000705a00000, 0x0000000705a00000| Untracked 
|  36|0x0000000705c00000, 0x0000000705c00000, 0x0000000705e00000|  0%| F|  |TAMS 0x0000000705c00000, 0x0000000705c00000| Untracked 
|  37|0x0000000705e00000, 0x0000000705e00000, 0x0000000706000000|  0%| F|  |TAMS 0x0000000705e00000, 0x0000000705e00000| Untracked 
|  38|0x0000000706000000, 0x0000000706000000, 0x0000000706200000|  0%| F|  |TAMS 0x0000000706000000, 0x0000000706000000| Untracked 
|  39|0x0000000706200000, 0x0000000706200000, 0x0000000706400000|  0%| F|  |TAMS 0x0000000706200000, 0x0000000706200000| Untracked 
|  40|0x0000000706400000, 0x0000000706400000, 0x0000000706600000|  0%| F|  |TAMS 0x0000000706400000, 0x0000000706400000| Untracked 
|  41|0x0000000706600000, 0x0000000706600000, 0x0000000706800000|  0%| F|  |TAMS 0x0000000706600000, 0x0000000706600000| Untracked 
|  42|0x0000000706800000, 0x0000000706800000, 0x0000000706a00000|  0%| F|  |TAMS 0x0000000706800000, 0x0000000706800000| Untracked 
|  43|0x0000000706a00000, 0x0000000706a00000, 0x0000000706c00000|  0%| F|  |TAMS 0x0000000706a00000, 0x0000000706a00000| Untracked 
|  44|0x0000000706c00000, 0x0000000706c00000, 0x0000000706e00000|  0%| F|  |TAMS 0x0000000706c00000, 0x0000000706c00000| Untracked 
|  45|0x0000000706e00000, 0x0000000706e00000, 0x0000000707000000|  0%| F|  |TAMS 0x0000000706e00000, 0x0000000706e00000| Untracked 
|  46|0x0000000707000000, 0x0000000707000000, 0x0000000707200000|  0%| F|  |TAMS 0x0000000707000000, 0x0000000707000000| Untracked 
|  47|0x0000000707200000, 0x0000000707200000, 0x0000000707400000|  0%| F|  |TAMS 0x0000000707200000, 0x0000000707200000| Untracked 
|  48|0x0000000707400000, 0x0000000707400000, 0x0000000707600000|  0%| F|  |TAMS 0x0000000707400000, 0x0000000707400000| Untracked 
|  49|0x0000000707600000, 0x0000000707600000, 0x0000000707800000|  0%| F|  |TAMS 0x0000000707600000, 0x0000000707600000| Untracked 
|  50|0x0000000707800000, 0x0000000707856570, 0x0000000707a00000| 16%| E|  |TAMS 0x0000000707800000, 0x0000000707800000| Complete 
|  51|0x0000000707a00000, 0x0000000707c00000, 0x0000000707c00000|100%| E|CS|TAMS 0x0000000707a00000, 0x0000000707a00000| Complete 
|  52|0x0000000707c00000, 0x0000000707e00000, 0x0000000707e00000|100%| E|CS|TAMS 0x0000000707c00000, 0x0000000707c00000| Complete 
|  53|0x0000000707e00000, 0x0000000708000000, 0x0000000708000000|100%| E|CS|TAMS 0x0000000707e00000, 0x0000000707e00000| Complete 
|  54|0x0000000708000000, 0x0000000708200000, 0x0000000708200000|100%| E|CS|TAMS 0x0000000708000000, 0x0000000708000000| Complete 
|  55|0x0000000708200000, 0x0000000708400000, 0x0000000708400000|100%| E|CS|TAMS 0x0000000708200000, 0x0000000708200000| Complete 
|  56|0x0000000708400000, 0x0000000708600000, 0x0000000708600000|100%| E|CS|TAMS 0x0000000708400000, 0x0000000708400000| Complete 
|  57|0x0000000708600000, 0x0000000708800000, 0x0000000708800000|100%| E|CS|TAMS 0x0000000708600000, 0x0000000708600000| Complete 
|  58|0x0000000708800000, 0x0000000708a00000, 0x0000000708a00000|100%| E|CS|TAMS 0x0000000708800000, 0x0000000708800000| Complete 
|  59|0x0000000708a00000, 0x0000000708c00000, 0x0000000708c00000|100%| E|CS|TAMS 0x0000000708a00000, 0x0000000708a00000| Complete 
|  60|0x0000000708c00000, 0x0000000708e00000, 0x0000000708e00000|100%| E|CS|TAMS 0x0000000708c00000, 0x0000000708c00000| Complete 
|  61|0x0000000708e00000, 0x0000000709000000, 0x0000000709000000|100%| E|CS|TAMS 0x0000000708e00000, 0x0000000708e00000| Complete 
|  62|0x0000000709000000, 0x0000000709200000, 0x0000000709200000|100%| E|CS|TAMS 0x0000000709000000, 0x0000000709000000| Complete 
|  63|0x0000000709200000, 0x0000000709400000, 0x0000000709400000|100%| E|CS|TAMS 0x0000000709200000, 0x0000000709200000| Complete 
|  64|0x0000000709400000, 0x0000000709600000, 0x0000000709600000|100%| E|CS|TAMS 0x0000000709400000, 0x0000000709400000| Complete 
|  65|0x0000000709600000, 0x0000000709800000, 0x0000000709800000|100%| E|CS|TAMS 0x0000000709600000, 0x0000000709600000| Complete 
|  66|0x0000000709800000, 0x0000000709a00000, 0x0000000709a00000|100%| E|CS|TAMS 0x0000000709800000, 0x0000000709800000| Complete 
|  67|0x0000000709a00000, 0x0000000709c00000, 0x0000000709c00000|100%| E|CS|TAMS 0x0000000709a00000, 0x0000000709a00000| Complete 
|  68|0x0000000709c00000, 0x0000000709e00000, 0x0000000709e00000|100%| E|CS|TAMS 0x0000000709c00000, 0x0000000709c00000| Complete 
|  69|0x0000000709e00000, 0x000000070a000000, 0x000000070a000000|100%| E|CS|TAMS 0x0000000709e00000, 0x0000000709e00000| Complete 
|  70|0x000000070a000000, 0x000000070a200000, 0x000000070a200000|100%| E|CS|TAMS 0x000000070a000000, 0x000000070a000000| Complete 
|  71|0x000000070a200000, 0x000000070a400000, 0x000000070a400000|100%| E|CS|TAMS 0x000000070a200000, 0x000000070a200000| Complete 
|  72|0x000000070a400000, 0x000000070a600000, 0x000000070a600000|100%| E|CS|TAMS 0x000000070a400000, 0x000000070a400000| Complete 
|  90|0x000000070c800000, 0x000000070ca00000, 0x000000070ca00000|100%| E|CS|TAMS 0x000000070c800000, 0x000000070c800000| Complete 
|  91|0x000000070ca00000, 0x000000070cc00000, 0x000000070cc00000|100%| E|CS|TAMS 0x000000070ca00000, 0x000000070ca00000| Complete 
|  92|0x000000070cc00000, 0x000000070ce00000, 0x000000070ce00000|100%| E|CS|TAMS 0x000000070cc00000, 0x000000070cc00000| Complete 
|  93|0x000000070ce00000, 0x000000070d000000, 0x000000070d000000|100%| E|CS|TAMS 0x000000070ce00000, 0x000000070ce00000| Complete 
| 127|0x0000000711200000, 0x0000000711400000, 0x0000000711400000|100%| E|CS|TAMS 0x0000000711200000, 0x0000000711200000| Complete 

Card table byte_map: [0x000002cb7e050000,0x000002cb7e850000] _byte_map_base: 0x000002cb7a846000

Marking Bits (Prev, Next): (CMBitMap*) 0x000002cb7d294ff0, (CMBitMap*) 0x000002cb7d294fb0
 Prev Bits: [0x000002cb1a780000, 0x000002cb1e730000)
 Next Bits: [0x000002cb167d0000, 0x000002cb1a780000)

Polling page: 0x000002cb7b1d0000

Metaspace:

Usage:
  Non-class:     65.33 MB used.
      Class:      9.79 MB used.
       Both:     75.12 MB used.

Virtual space:
  Non-class space:      128.00 MB reserved,      65.62 MB ( 51%) committed,  2 nodes.
      Class space:        1.00 GB reserved,      10.06 MB ( <1%) committed,  1 nodes.
             Both:        1.12 GB reserved,      75.69 MB (  7%) committed. 

Chunk freelists:
   Non-Class:  13.63 MB
       Class:  5.78 MB
        Both:  19.41 MB

MaxMetaspaceSize: unlimited
CompressedClassSpaceSize: 1.00 GB
Initial GC threshold: 21.00 MB
Current GC threshold: 98.25 MB
CDS: on
MetaspaceReclaimPolicy: balanced
 - commit_granule_bytes: 65536.
 - commit_granule_words: 8192.
 - virtual_space_node_default_size: 8388608.
 - enlarge_chunks_in_place: 1.
 - new_chunks_are_fully_committed: 0.
 - uncommit_free_chunks: 1.
 - use_allocation_guard: 0.
 - handle_deallocations: 1.


Internal statistics:

num_allocs_failed_limit: 9.
num_arena_births: 846.
num_arena_deaths: 0.
num_vsnodes_births: 3.
num_vsnodes_deaths: 0.
num_space_committed: 1211.
num_space_uncommitted: 0.
num_chunks_returned_to_freelist: 9.
num_chunks_taken_from_freelist: 3601.
num_chunk_merges: 9.
num_chunk_splits: 2603.
num_chunks_enlarged: 2023.
num_purges: 0.
num_inconsistent_stats: 0.

CodeHeap 'non-profiled nmethods': size=120000Kb used=13761Kb max_used=13761Kb free=106238Kb
 bounds [0x000002cb0f2a0000, 0x000002cb10020000, 0x000002cb167d0000]
CodeHeap 'profiled nmethods': size=120000Kb used=17772Kb max_used=21771Kb free=102227Kb
 bounds [0x000002cb077d0000, 0x000002cb08d20000, 0x000002cb0ed00000]
CodeHeap 'non-nmethods': size=5760Kb used=1382Kb max_used=1487Kb free=4377Kb
 bounds [0x000002cb0ed00000, 0x000002cb0ef70000, 0x000002cb0f2a0000]
 total_blobs=11208 nmethods=10492 adapters=627
 compilation: enabled
              stopped_count=0, restarted_count=0
 full_count=0

Compilation events (20 events):
Event: 86.639 Thread 0x000002cb208562e0 nmethod 13197 0x000002cb08439610 code [0x000002cb084397c0, 0x000002cb08439a18]
Event: 86.641 Thread 0x000002cb2084d3b0 13204       4       sun.invoke.util.BytecodeDescriptor::unparseSig (49 bytes)
Event: 86.642 Thread 0x000002cb208562e0 13205       3       java.util.TreeSet::add (22 bytes)
Event: 86.642 Thread 0x000002cb208562e0 nmethod 13205 0x000002cb0843f610 code [0x000002cb0843f7c0, 0x000002cb0843fa08]
Event: 86.653 Thread 0x000002cb2084d3b0 nmethod 13204 0x000002cb0fffbf90 code [0x000002cb0fffc1e0, 0x000002cb0fffd590]
Event: 86.653 Thread 0x000002cb2084d3b0 13206       4       java.nio.channels.spi.AbstractInterruptibleChannel::blockedOn (10 bytes)
Event: 86.654 Thread 0x000002cb2084d3b0 nmethod 13206 0x000002cb0fffe290 code [0x000002cb0fffe420, 0x000002cb0fffe718]
Event: 86.688 Thread 0x000002cb2084d3b0 13207       4       org.hibernate.type.BasicType::forEachDisassembledJdbcValue (25 bytes)
Event: 86.695 Thread 0x000002cb2084d3b0 nmethod 13207 0x000002cb0fffe890 code [0x000002cb0fffea80, 0x000002cb0ffff6a8]
Event: 86.841 Thread 0x000002cb2084d3b0 13208   !   4       org.springframework.transaction.support.AbstractPlatformTransactionManager::processCommit (347 bytes)
Event: 86.992 Thread 0x000002cb2084d3b0 nmethod 13208 0x000002cb0ffffe90 code [0x000002cb10000a20, 0x000002cb10008678]
Event: 86.992 Thread 0x000002cb2084d3b0 13209       4       org.springframework.transaction.support.TransactionSynchronizationUtils::triggerBeforeCommit (39 bytes)
Event: 86.992 Thread 0x000002cb6f0b5da0 13210   !   4       org.springframework.transaction.support.TransactionSynchronizationUtils::triggerBeforeCompletion (53 bytes)
Event: 86.992 Thread 0x000002cb6f0b20e0 13211       4       org.hibernate.engine.transaction.internal.TransactionImpl::getRollbackOnly (45 bytes)
Event: 86.994 Thread 0x000002cb6f0b20e0 nmethod 13211 0x000002cb1000ee90 code [0x000002cb1000f040, 0x000002cb1000f218]
Event: 86.994 Thread 0x000002cb6f0b20e0 13212   !   4       org.springframework.orm.jpa.JpaTransactionManager::doCommit (124 bytes)
Event: 86.995 Thread 0x000002cb2084d3b0 nmethod 13209 0x000002cb1000f490 code [0x000002cb1000f640, 0x000002cb1000f908]
Event: 86.995 Thread 0x000002cb2084d3b0 13213   !   4       org.hibernate.engine.transaction.internal.TransactionImpl::commit (54 bytes)
Event: 86.995 Thread 0x000002cb6f0b5da0 nmethod 13210 0x000002cb1000fd10 code [0x000002cb1000fec0, 0x000002cb10010148]
Event: 86.995 Thread 0x000002cb6f0b5da0 13214   !   4       org.hibernate.resource.transaction.backend.jdbc.internal.JdbcResourceLocalTransactionCoordinatorImpl$TransactionDriverControlImpl::commit (127 bytes)

GC Heap History (20 events):
Event: 34.724 GC heap before
{Heap before GC invocations=22 (full 0):
 garbage-first heap   total 159744K, used 118922K [0x0000000701400000, 0x0000000800000000)
  region size 2048K, 46 young (94208K), 3 survivors (6144K)
 Metaspace       used 76348K, committed 76992K, reserved 1179648K
  class space    used 9937K, committed 10240K, reserved 1048576K
}
Event: 34.727 GC heap after
{Heap after GC invocations=23 (full 0):
 garbage-first heap   total 159744K, used 30602K [0x0000000701400000, 0x0000000800000000)
  region size 2048K, 3 young (6144K), 3 survivors (6144K)
 Metaspace       used 76348K, committed 76992K, reserved 1179648K
  class space    used 9937K, committed 10240K, reserved 1048576K
}
Event: 36.646 GC heap before
{Heap before GC invocations=23 (full 0):
 garbage-first heap   total 159744K, used 118666K [0x0000000701400000, 0x0000000800000000)
  region size 2048K, 46 young (94208K), 3 survivors (6144K)
 Metaspace       used 76355K, committed 76992K, reserved 1179648K
  class space    used 9938K, committed 10240K, reserved 1048576K
}
Event: 36.649 GC heap after
{Heap after GC invocations=24 (full 0):
 garbage-first heap   total 159744K, used 30911K [0x0000000701400000, 0x0000000800000000)
  region size 2048K, 3 young (6144K), 3 survivors (6144K)
 Metaspace       used 76355K, committed 76992K, reserved 1179648K
  class space    used 9938K, committed 10240K, reserved 1048576K
}
Event: 38.509 GC heap before
{Heap before GC invocations=24 (full 0):
 garbage-first heap   total 159744K, used 118975K [0x0000000701400000, 0x0000000800000000)
  region size 2048K, 46 young (94208K), 3 survivors (6144K)
 Metaspace       used 76358K, committed 76992K, reserved 1179648K
  class space    used 9938K, committed 10240K, reserved 1048576K
}
Event: 38.513 GC heap after
{Heap after GC invocations=25 (full 0):
 garbage-first heap   total 159744K, used 30927K [0x0000000701400000, 0x0000000800000000)
  region size 2048K, 3 young (6144K), 3 survivors (6144K)
 Metaspace       used 76358K, committed 76992K, reserved 1179648K
  class space    used 9938K, committed 10240K, reserved 1048576K
}
Event: 39.611 GC heap before
{Heap before GC invocations=25 (full 0):
 garbage-first heap   total 159744K, used 118991K [0x0000000701400000, 0x0000000800000000)
  region size 2048K, 46 young (94208K), 3 survivors (6144K)
 Metaspace       used 76358K, committed 76992K, reserved 1179648K
  class space    used 9938K, committed 10240K, reserved 1048576K
}
Event: 39.614 GC heap after
{Heap after GC invocations=26 (full 0):
 garbage-first heap   total 159744K, used 30881K [0x0000000701400000, 0x0000000800000000)
  region size 2048K, 3 young (6144K), 3 survivors (6144K)
 Metaspace       used 76358K, committed 76992K, reserved 1179648K
  class space    used 9938K, committed 10240K, reserved 1048576K
}
Event: 40.716 GC heap before
{Heap before GC invocations=26 (full 0):
 garbage-first heap   total 159744K, used 118945K [0x0000000701400000, 0x0000000800000000)
  region size 2048K, 46 young (94208K), 3 survivors (6144K)
 Metaspace       used 76739K, committed 77376K, reserved 1179648K
  class space    used 10000K, committed 10304K, reserved 1048576K
}
Event: 40.719 GC heap after
{Heap after GC invocations=27 (full 0):
 garbage-first heap   total 159744K, used 30913K [0x0000000701400000, 0x0000000800000000)
  region size 2048K, 3 young (6144K), 3 survivors (6144K)
 Metaspace       used 76739K, committed 77376K, reserved 1179648K
  class space    used 10000K, committed 10304K, reserved 1048576K
}
Event: 42.369 GC heap before
{Heap before GC invocations=27 (full 0):
 garbage-first heap   total 159744K, used 118977K [0x0000000701400000, 0x0000000800000000)
  region size 2048K, 46 young (94208K), 3 survivors (6144K)
 Metaspace       used 76747K, committed 77376K, reserved 1179648K
  class space    used 10000K, committed 10304K, reserved 1048576K
}
Event: 42.372 GC heap after
{Heap after GC invocations=28 (full 0):
 garbage-first heap   total 159744K, used 31035K [0x0000000701400000, 0x0000000800000000)
  region size 2048K, 3 young (6144K), 3 survivors (6144K)
 Metaspace       used 76747K, committed 77376K, reserved 1179648K
  class space    used 10000K, committed 10304K, reserved 1048576K
}
Event: 44.305 GC heap before
{Heap before GC invocations=28 (full 0):
 garbage-first heap   total 159744K, used 119099K [0x0000000701400000, 0x0000000800000000)
  region size 2048K, 46 young (94208K), 3 survivors (6144K)
 Metaspace       used 76750K, committed 77376K, reserved 1179648K
  class space    used 10001K, committed 10304K, reserved 1048576K
}
Event: 44.308 GC heap after
{Heap after GC invocations=29 (full 0):
 garbage-first heap   total 159744K, used 30809K [0x0000000701400000, 0x0000000800000000)
  region size 2048K, 3 young (6144K), 3 survivors (6144K)
 Metaspace       used 76750K, committed 77376K, reserved 1179648K
  class space    used 10001K, committed 10304K, reserved 1048576K
}
Event: 82.051 GC heap before
{Heap before GC invocations=29 (full 0):
 garbage-first heap   total 159744K, used 118873K [0x0000000701400000, 0x0000000800000000)
  region size 2048K, 46 young (94208K), 3 survivors (6144K)
 Metaspace       used 76842K, committed 77440K, reserved 1179648K
  class space    used 10012K, committed 10304K, reserved 1048576K
}
Event: 82.055 GC heap after
{Heap after GC invocations=30 (full 0):
 garbage-first heap   total 159744K, used 30921K [0x0000000701400000, 0x0000000800000000)
  region size 2048K, 3 young (6144K), 3 survivors (6144K)
 Metaspace       used 76842K, committed 77440K, reserved 1179648K
  class space    used 10012K, committed 10304K, reserved 1048576K
}
Event: 84.068 GC heap before
{Heap before GC invocations=30 (full 0):
 garbage-first heap   total 159744K, used 118985K [0x0000000701400000, 0x0000000800000000)
  region size 2048K, 46 young (94208K), 3 survivors (6144K)
 Metaspace       used 76864K, committed 77504K, reserved 1179648K
  class space    used 10012K, committed 10304K, reserved 1048576K
}
Event: 84.072 GC heap after
{Heap after GC invocations=31 (full 0):
 garbage-first heap   total 159744K, used 30968K [0x0000000701400000, 0x0000000800000000)
  region size 2048K, 3 young (6144K), 3 survivors (6144K)
 Metaspace       used 76864K, committed 77504K, reserved 1179648K
  class space    used 10012K, committed 10304K, reserved 1048576K
}
Event: 86.081 GC heap before
{Heap before GC invocations=31 (full 0):
 garbage-first heap   total 159744K, used 119032K [0x0000000701400000, 0x0000000800000000)
  region size 2048K, 46 young (94208K), 3 survivors (6144K)
 Metaspace       used 76864K, committed 77504K, reserved 1179648K
  class space    used 10012K, committed 10304K, reserved 1048576K
}
Event: 86.085 GC heap after
{Heap after GC invocations=32 (full 0):
 garbage-first heap   total 159744K, used 31061K [0x0000000701400000, 0x0000000800000000)
  region size 2048K, 3 young (6144K), 3 survivors (6144K)
 Metaspace       used 76864K, committed 77504K, reserved 1179648K
  class space    used 10012K, committed 10304K, reserved 1048576K
}

Deoptimization events (20 events):
Event: 86.643 Thread 0x000002cb67cc6e10 Uncommon trap: trap_request=0xffffffde fr.pc=0x000002cb0fb7d0c8 relative=0x0000000000000c48
Event: 86.643 Thread 0x000002cb67cc6e10 Uncommon trap: reason=class_check action=maybe_recompile pc=0x000002cb0fb7d0c8 method=org.hibernate.type.descriptor.jdbc.BasicBinder.bind(Ljava/sql/PreparedStatement;Ljava/lang/Object;ILorg/hibernate/type/descriptor/WrapperOptions;)V @ 75 c2
Event: 86.643 Thread 0x000002cb67cc6e10 DEOPT PACKING pc=0x000002cb0fb7d0c8 sp=0x000000d33b3fbf20
Event: 86.643 Thread 0x000002cb67cc6e10 DEOPT UNPACKING pc=0x000002cb0ed523a3 sp=0x000000d33b3fbf10 mode 2
Event: 86.643 Thread 0x000002cb67cc6e10 Uncommon trap: trap_request=0xffffffde fr.pc=0x000002cb0fb7732c relative=0x000000000000192c
Event: 86.643 Thread 0x000002cb67cc6e10 Uncommon trap: reason=class_check action=maybe_recompile pc=0x000002cb0fb7732c method=com.mysql.cj.protocol.a.NativeProtocol.getValueEncoderSupplier(Ljava/lang/Object;)Ljava/util/function/Supplier; @ 22 c2
Event: 86.643 Thread 0x000002cb67cc6e10 DEOPT PACKING pc=0x000002cb0fb7732c sp=0x000000d33b3fbcb0
Event: 86.643 Thread 0x000002cb67cc6e10 DEOPT UNPACKING pc=0x000002cb0ed523a3 sp=0x000000d33b3fbc20 mode 2
Event: 86.643 Thread 0x000002cb67cc6e10 Uncommon trap: trap_request=0xffffffde fr.pc=0x000002cb0f9f54dc relative=0x000000000000143c
Event: 86.643 Thread 0x000002cb67cc6e10 Uncommon trap: reason=class_check action=maybe_recompile pc=0x000002cb0f9f54dc method=com.mysql.cj.NativeQueryBindValue.writeAsText(Lcom/mysql/cj/protocol/Message;)V @ 6 c2
Event: 86.643 Thread 0x000002cb67cc6e10 DEOPT PACKING pc=0x000002cb0f9f54dc sp=0x000000d33b3fbd00
Event: 86.643 Thread 0x000002cb67cc6e10 DEOPT UNPACKING pc=0x000002cb0ed523a3 sp=0x000000d33b3fbc20 mode 2
Event: 86.643 Thread 0x000002cb67cc6e10 Uncommon trap: trap_request=0xffffffde fr.pc=0x000002cb0fb30560 relative=0x0000000000000620
Event: 86.643 Thread 0x000002cb67cc6e10 Uncommon trap: reason=class_check action=maybe_recompile pc=0x000002cb0fb30560 method=com.mysql.cj.protocol.a.AbstractValueEncoder.encodeAsText(Lcom/mysql/cj/protocol/Message;Lcom/mysql/cj/BindValue;)V @ 11 c2
Event: 86.643 Thread 0x000002cb67cc6e10 DEOPT PACKING pc=0x000002cb0fb30560 sp=0x000000d33b3fbbb0
Event: 86.643 Thread 0x000002cb67cc6e10 DEOPT UNPACKING pc=0x000002cb0ed523a3 sp=0x000000d33b3fbb90 mode 2
Event: 86.644 Thread 0x000002cb67ccc4b0 Uncommon trap: trap_request=0xffffff45 fr.pc=0x000002cb0fcc4bb0 relative=0x0000000000000230
Event: 86.644 Thread 0x000002cb67ccc4b0 Uncommon trap: reason=unstable_if action=reinterpret pc=0x000002cb0fcc4bb0 method=org.apache.tomcat.util.collections.SynchronizedStack.pop()Ljava/lang/Object; @ 5 c2
Event: 86.644 Thread 0x000002cb67ccc4b0 DEOPT PACKING pc=0x000002cb0fcc4bb0 sp=0x000000d33bfff1b0
Event: 86.644 Thread 0x000002cb67ccc4b0 DEOPT UNPACKING pc=0x000002cb0ed523a3 sp=0x000000d33bfff160 mode 2

Classes unloaded (0 events):
No events

Classes redefined (0 events):
No events

Internal exceptions (20 events):
Event: 33.350 Thread 0x000002cb67ccb170 Implicit null exception at 0x000002cb0f8e99ac to 0x000002cb0f8ecfac
Event: 33.350 Thread 0x000002cb67ccb170 Implicit null exception at 0x000002cb0f97f886 to 0x000002cb0f985b80
Event: 33.352 Thread 0x000002cb67cc6470 Implicit null exception at 0x000002cb0fa72e1b to 0x000002cb0fa72edb
Event: 35.317 Thread 0x000002cb67ccbb10 Implicit null exception at 0x000002cb0fd35843 to 0x000002cb0fd39e50
Event: 35.317 Thread 0x000002cb67ccd320 Implicit null exception at 0x000002cb0fd35843 to 0x000002cb0fd39e50
Event: 35.320 Thread 0x000002cb67ccd7f0 Implicit null exception at 0x000002cb0fd35843 to 0x000002cb0fd39e50
Event: 35.320 Thread 0x000002cb67cc8620 Implicit null exception at 0x000002cb0fd35843 to 0x000002cb0fd39e50
Event: 40.018 Thread 0x000002cb67ccb170 Implicit null exception at 0x000002cb0fa80836 to 0x000002cb0fa8150c
Event: 40.022 Thread 0x000002cb67ccb170 Implicit null exception at 0x000002cb0fccc297 to 0x000002cb0fccdba4
Event: 40.042 Thread 0x000002cb67ccb170 Exception <a 'java/lang/NoSuchMethodError'{0x0000000708a53000}: 'int java.lang.invoke.DirectMethodHandle$Holder.invokeStatic(java.lang.Object, java.lang.Object, int, int)'> (0x0000000708a53000) 
thrown [s\open\src\hotspot\share\interpreter\linkResolver.cpp, line 759]
Event: 76.370 Thread 0x000002cb67ccbb10 Implicit null exception at 0x000002cb0fdced0f to 0x000002cb0fdd2624
Event: 76.373 Thread 0x000002cb67ccbb10 Implicit null exception at 0x000002cb0fe63525 to 0x000002cb0fe6b76c
Event: 76.373 Thread 0x000002cb67ccbb10 Implicit null exception at 0x000002cb0fe8c5c3 to 0x000002cb0fe8cf7c
Event: 76.373 Thread 0x000002cb67ccbb10 Implicit null exception at 0x000002cb0feab08d to 0x000002cb0feb0188
Event: 77.916 Thread 0x000002cb67cc8620 Implicit null exception at 0x000002cb0f63f8d7 to 0x000002cb0f641af4
Event: 77.916 Thread 0x000002cb67cc8620 Implicit null exception at 0x000002cb0fddb3c8 to 0x000002cb0fddba50
Event: 77.916 Thread 0x000002cb67cc8620 Implicit null exception at 0x000002cb0fcd377f to 0x000002cb0fcd4fb0
Event: 79.458 Thread 0x000002cb67cca300 Implicit null exception at 0x000002cb0fccacb5 to 0x000002cb0fccb108
Event: 80.540 Thread 0x000002cb67cc6470 Implicit null exception at 0x000002cb0fe981b8 to 0x000002cb0fe98b78
Event: 86.641 Thread 0x000002cb67cc6e10 Exception <a 'java/lang/NoSuchMethodError'{0x0000000709773120}: 'java.lang.Object java.lang.invoke.Invokers$Holder.linkToTargetMethod(java.lang.Object, int, java.lang.Object, java.lang.Object, java.lang.Object, java.lang.Object)'> (0x0000000709773120) 
thrown [s\open\src\hotspot\share\interpreter\linkResolver.cpp, line 759]

VM Operations (20 events):
Event: 77.382 Executing VM operation: Cleanup
Event: 77.382 Executing VM operation: Cleanup done
Event: 78.390 Executing VM operation: Cleanup
Event: 78.390 Executing VM operation: Cleanup done
Event: 80.407 Executing VM operation: Cleanup
Event: 80.408 Executing VM operation: Cleanup done
Event: 81.415 Executing VM operation: Cleanup
Event: 81.415 Executing VM operation: Cleanup done
Event: 82.051 Executing VM operation: G1CollectForAllocation
Event: 82.055 Executing VM operation: G1CollectForAllocation done
Event: 83.064 Executing VM operation: Cleanup
Event: 83.064 Executing VM operation: Cleanup done
Event: 84.068 Executing VM operation: G1CollectForAllocation
Event: 84.072 Executing VM operation: G1CollectForAllocation done
Event: 85.076 Executing VM operation: Cleanup
Event: 85.076 Executing VM operation: Cleanup done
Event: 86.081 Executing VM operation: G1CollectForAllocation
Event: 86.085 Executing VM operation: G1CollectForAllocation done
Event: 87.088 Executing VM operation: Cleanup
Event: 87.088 Executing VM operation: Cleanup done

Events (20 events):
Event: 42.301 Thread 0x000002cb6f0b2b00 Thread added: 0x000002cb6f0b2b00
Event: 42.301 Thread 0x000002cb6f0b71e0 Thread added: 0x000002cb6f0b71e0
Event: 43.152 Thread 0x000002cb6f0b71e0 Thread exited: 0x000002cb6f0b71e0
Event: 43.466 Thread 0x000002cb208613c0 flushing nmethod 0x000002cb0789fd10
Event: 43.467 Thread 0x000002cb208613c0 flushing nmethod 0x000002cb07a2f790
Event: 43.468 Thread 0x000002cb208613c0 flushing nmethod 0x000002cb07c76410
Event: 43.470 Thread 0x000002cb208613c0 flushing nmethod 0x000002cb0835e690
Event: 43.471 Thread 0x000002cb208613c0 flushing nmethod 0x000002cb088dd890
Event: 43.471 Thread 0x000002cb208613c0 flushing nmethod 0x000002cb08993b90
Event: 43.471 Thread 0x000002cb208613c0 flushing nmethod 0x000002cb08a3b210
Event: 43.472 Thread 0x000002cb208613c0 flushing nmethod 0x000002cb08b67790
Event: 44.141 Thread 0x000002cb6f0b5da0 Thread added: 0x000002cb6f0b5da0
Event: 44.330 Thread 0x000002cb6f0b5da0 Thread exited: 0x000002cb6f0b5da0
Event: 44.574 Thread 0x000002cb6f0b2b00 Thread exited: 0x000002cb6f0b2b00
Event: 81.677 Thread 0x000002cb6f0b5da0 Thread added: 0x000002cb6f0b5da0
Event: 83.863 Thread 0x000002cb6f0b5da0 Thread exited: 0x000002cb6f0b5da0
Event: 85.537 Thread 0x000002cb6f0b62b0 Thread added: 0x000002cb6f0b62b0
Event: 86.638 Thread 0x000002cb6f0b62b0 Thread exited: 0x000002cb6f0b62b0
Event: 86.992 Thread 0x000002cb6f0b5da0 Thread added: 0x000002cb6f0b5da0
Event: 86.992 Thread 0x000002cb6f0b20e0 Thread added: 0x000002cb6f0b20e0


Dynamic libraries:
0x00007ff7a9750000 - 0x00007ff7a9760000 	C:\Program Files\Java\jdk-17\bin\java.exe
0x00007ffaaa2d0000 - 0x00007ffaaa4c8000 	C:\Windows\SYSTEM32\ntdll.dll
0x00007ffaa8540000 - 0x00007ffaa85fd000 	C:\Windows\System32\KERNEL32.DLL
0x00007ffaa7f80000 - 0x00007ffaa8276000 	C:\Windows\System32\KERNELBASE.dll
0x00007ffaa79a0000 - 0x00007ffaa7aa0000 	C:\Windows\System32\ucrtbase.dll
0x00007ffa9a380000 - 0x00007ffa9a399000 	C:\Program Files\Java\jdk-17\bin\jli.dll
0x00007ffa8fc90000 - 0x00007ffa8fcab000 	C:\Program Files\Java\jdk-17\bin\VCRUNTIME140.dll
0x00007ffaa8360000 - 0x00007ffaa8413000 	C:\Windows\System32\ADVAPI32.dll
0x00007ffaa9770000 - 0x00007ffaa980e000 	C:\Windows\System32\msvcrt.dll
0x00007ffaa9cf0000 - 0x00007ffaa9d8f000 	C:\Windows\System32\sechost.dll
0x00007ffaa8d50000 - 0x00007ffaa8e76000 	C:\Windows\System32\RPCRT4.dll
0x00007ffaa8280000 - 0x00007ffaa82a7000 	C:\Windows\System32\bcrypt.dll
0x00007ffaa95d0000 - 0x00007ffaa976e000 	C:\Windows\System32\USER32.dll
0x00007ffaa7e50000 - 0x00007ffaa7e72000 	C:\Windows\System32\win32u.dll
0x00007ffa88f10000 - 0x00007ffa891aa000 	C:\Windows\WinSxS\amd64_microsoft.windows.common-controls_6595b64144ccf1df_6.0.19041.3636_none_60b6a03d71f818d5\COMCTL32.dll
0x00007ffaa8320000 - 0x00007ffaa834c000 	C:\Windows\System32\GDI32.dll
0x00007ffaa7d30000 - 0x00007ffaa7e4a000 	C:\Windows\System32\gdi32full.dll
0x00007ffaa7aa0000 - 0x00007ffaa7b3d000 	C:\Windows\System32\msvcp_win.dll
0x00007ffaa2770000 - 0x00007ffaa277a000 	C:\Windows\SYSTEM32\VERSION.dll
0x00007ffaa8510000 - 0x00007ffaa8540000 	C:\Windows\System32\IMM32.DLL
0x00007ffa9b860000 - 0x00007ffa9b86c000 	C:\Program Files\Java\jdk-17\bin\vcruntime140_1.dll
0x00007ffa78820000 - 0x00007ffa788ae000 	C:\Program Files\Java\jdk-17\bin\msvcp140.dll
0x00007ffa52110000 - 0x00007ffa52cee000 	C:\Program Files\Java\jdk-17\bin\server\jvm.dll
0x00007ffaa8600000 - 0x00007ffaa8608000 	C:\Windows\System32\PSAPI.DLL
0x00007ffa9fe80000 - 0x00007ffa9fea7000 	C:\Windows\SYSTEM32\WINMM.dll
0x00007ffaa3440000 - 0x00007ffaa3449000 	C:\Windows\SYSTEM32\WSOCK32.dll
0x00007ffaa9810000 - 0x00007ffaa987b000 	C:\Windows\System32\WS2_32.dll
0x00007ffaa5790000 - 0x00007ffaa57a2000 	C:\Windows\SYSTEM32\kernel.appcore.dll
0x00007ffa9a310000 - 0x00007ffa9a31a000 	C:\Program Files\Java\jdk-17\bin\jimage.dll
0x00007ffaa0ce0000 - 0x00007ffaa0ec4000 	C:\Windows\SYSTEM32\DBGHELP.DLL
0x00007ffaa0ca0000 - 0x00007ffaa0cd4000 	C:\Windows\SYSTEM32\dbgcore.DLL
0x00007ffaa7ca0000 - 0x00007ffaa7d22000 	C:\Windows\System32\bcryptPrimitives.dll
0x00007ffa7f6a0000 - 0x00007ffa7f6c5000 	C:\Program Files\Java\jdk-17\bin\java.dll
0x00007ffa76f40000 - 0x00007ffa77017000 	C:\Program Files\Java\jdk-17\bin\jsvml.dll
0x00007ffaa8e80000 - 0x00007ffaa95c5000 	C:\Windows\System32\SHELL32.dll
0x00007ffaa5a70000 - 0x00007ffaa620b000 	C:\Windows\SYSTEM32\windows.storage.dll
0x00007ffaa8990000 - 0x00007ffaa8ce4000 	C:\Windows\System32\combase.dll
0x00007ffaa73d0000 - 0x00007ffaa73fd000 	C:\Windows\SYSTEM32\Wldp.dll
0x00007ffaa8740000 - 0x00007ffaa87ed000 	C:\Windows\System32\SHCORE.dll
0x00007ffaa87f0000 - 0x00007ffaa8845000 	C:\Windows\System32\shlwapi.dll
0x00007ffaa78d0000 - 0x00007ffaa78f5000 	C:\Windows\SYSTEM32\profapi.dll
0x00007ffa80e60000 - 0x00007ffa80e79000 	C:\Program Files\Java\jdk-17\bin\net.dll
0x00007ffaa2bc0000 - 0x00007ffaa2cca000 	C:\Windows\SYSTEM32\WINHTTP.dll
0x00007ffaa7130000 - 0x00007ffaa719a000 	C:\Windows\system32\mswsock.dll
0x00007ffa7fe90000 - 0x00007ffa7fea6000 	C:\Program Files\Java\jdk-17\bin\nio.dll
0x00007ffa81db0000 - 0x00007ffa81dc8000 	C:\Program Files\Java\jdk-17\bin\zip.dll
0x00007ffa89ad0000 - 0x00007ffa89ada000 	C:\Program Files\Java\jdk-17\bin\management.dll
0x00007ffa88350000 - 0x00007ffa8835b000 	C:\Program Files\Java\jdk-17\bin\management_ext.dll
0x00007ffa81e20000 - 0x00007ffa81e2e000 	C:\Program Files\Java\jdk-17\bin\sunmscapi.dll
0x00007ffaa7b40000 - 0x00007ffaa7c9d000 	C:\Windows\System32\CRYPT32.dll
0x00007ffaa7440000 - 0x00007ffaa7468000 	C:\Windows\SYSTEM32\ncrypt.dll
0x00007ffaa7400000 - 0x00007ffaa743b000 	C:\Windows\SYSTEM32\NTASN1.dll
0x00007ffaa7330000 - 0x00007ffaa7348000 	C:\Windows\SYSTEM32\CRYPTSP.dll
0x00007ffaa69f0000 - 0x00007ffaa6a24000 	C:\Windows\system32\rsaenh.dll
0x00007ffaa7850000 - 0x00007ffaa787e000 	C:\Windows\SYSTEM32\USERENV.dll
0x00007ffaa7320000 - 0x00007ffaa732c000 	C:\Windows\SYSTEM32\CRYPTBASE.dll
0x00007ffaa6dd0000 - 0x00007ffaa6e0b000 	C:\Windows\SYSTEM32\IPHLPAPI.DLL
0x00007ffaa9880000 - 0x00007ffaa9888000 	C:\Windows\System32\NSI.dll
0x00007ffaa32e0000 - 0x00007ffaa32f7000 	C:\Windows\SYSTEM32\dhcpcsvc6.DLL
0x00007ffaa32c0000 - 0x00007ffaa32dd000 	C:\Windows\SYSTEM32\dhcpcsvc.DLL
0x00007ffaa6e20000 - 0x00007ffaa6eea000 	C:\Windows\SYSTEM32\DNSAPI.dll
0x00007ffa89af0000 - 0x00007ffa89b00000 	C:\Program Files\Java\jdk-17\bin\verify.dll
0x00007ffaa1e50000 - 0x00007ffaa1e5a000 	C:\Windows\System32\rasadhlp.dll
0x00007ffaa1f00000 - 0x00007ffaa1f80000 	C:\Windows\System32\fwpuclnt.dll
0x00007ffa9f600000 - 0x00007ffa9f607000 	C:\Windows\system32\wshunix.dll

dbghelp: loaded successfully - version: 4.0.5 - missing functions: none
symbol engine: initialized successfully - sym options: 0x614 - pdb path: .;C:\Program Files\Java\jdk-17\bin;C:\Windows\SYSTEM32;C:\Windows\WinSxS\amd64_microsoft.windows.common-controls_6595b64144ccf1df_6.0.19041.3636_none_60b6a03d71f818d5;C:\Program Files\Java\jdk-17\bin\server

VM Arguments:
jvm_args: -Dfile.encoding=windows-1252 -Duser.country=US -Duser.language=en -Duser.variant 
java_command: org.launchcode.bookshelfcorner.BookshelfCornerApplication
java_class_path (initial): C:\Users\John\Documents\Code\LaunchCode\test\The-Four-A-s\bookshelf-corner-spring\build\classes\java\main;C:\Users\John\Documents\Code\LaunchCode\test\The-Four-A-s\bookshelf-corner-spring\build\resources\main;C:\Users\John\.gradle\caches\modules-2\files-2.1\org.springframework.boot\spring-boot-devtools\3.2.0\b8a547cba9b5ea40c1b2b0257bc0f19ebe4a0e17\spring-boot-devtools-3.2.0.jar;C:\Users\John\.gradle\caches\modules-2\files-2.1\org.springframework.boot\spring-boot-starter-validation\3.2.0\eef38598ccf9bbcd541c644e934939144cf9fa85\spring-boot-starter-validation-3.2.0.jar;C:\Users\John\.gradle\caches\modules-2\files-2.1\org.springframework.boot\spring-boot-starter-web\3.2.0\e609f839e7c2ff9c90bc75d7c05dbcbb19315319\spring-boot-starter-web-3.2.0.jar;C:\Users\John\.gradle\caches\modules-2\files-2.1\org.springframework.boot\spring-boot-starter-data-jpa\3.2.0\6a8ad077a37f8a0cef6949dcfd91a9b2115cade\spring-boot-starter-data-jpa-3.2.0.jar;C:\Users\John\.gradle\caches\modules-2\files-2.1\org.springframework.security\spring-security-crypto\6.2.0\7cee6007ede44a19a3773912dbdac86ff53d0549\spring-security-crypto-6.2.0.jar;C:\Users\John\.gradle\caches\modules-2\files-2.1\org.springframework.boot\spring-boot-starter-json\3.2.0\e831483c03433b987cc9c72f8ea67757f9865191\spring-boot-starter-json-3.2.0.jar;C:\Users\John\.gradle\caches\modules-2\files-2.1\org.springframework.boot\spring-boot-starter-aop\3.2.0\1c4e5498a0ae4c179d0c192e9b674ac656f3e0b9\spring-boot-starter-aop-3.2.0.jar;C:\Users\John\.gradle\caches\modules-2\files-2.1\org.springframework.boot\spring-boot-starter-jdbc\3.2.0\1ab4ef09c814142be2fafc6d40c9bc242921ca12\spring-boot-starter-jdbc-3.2.0.jar;C:\Users\John\.gradle\caches\modules-2\files-2.1\org.springframework.boot\spring-boot-starter\3.2.0\4d0cc70617a9febbbc6ad81562e930d93f7b2665\spring-boot-starter-3.2.0.jar;C:\Users\John\.gradle\caches\modules-2\files-2.1\org.springframework.boot\spring-boot-autoconfigure\3.2.0\29b231378146bd6606e75389297f3a
Launcher Type: SUN_STANDARD

[Global flags]
     intx CICompilerCount                          = 4                                         {product} {ergonomic}
     uint ConcGCThreads                            = 3                                         {product} {ergonomic}
     uint G1ConcRefinementThreads                  = 10                                        {product} {ergonomic}
   size_t G1HeapRegionSize                         = 2097152                                   {product} {ergonomic}
    uintx GCDrainStackTargetSize                   = 64                                        {product} {ergonomic}
   size_t InitialHeapSize                          = 268435456                                 {product} {ergonomic}
   size_t MarkStackSize                            = 4194304                                   {product} {ergonomic}
   size_t MaxHeapSize                              = 4273995776                                {product} {ergonomic}
   size_t MaxNewSize                               = 2562719744                                {product} {ergonomic}
   size_t MinHeapDeltaBytes                        = 2097152                                   {product} {ergonomic}
   size_t MinHeapSize                              = 8388608                                   {product} {ergonomic}
    uintx NonNMethodCodeHeapSize                   = 5839372                                {pd product} {ergonomic}
    uintx NonProfiledCodeHeapSize                  = 122909434                              {pd product} {ergonomic}
    uintx ProfiledCodeHeapSize                     = 122909434                              {pd product} {ergonomic}
    uintx ReservedCodeCacheSize                    = 251658240                              {pd product} {ergonomic}
     bool SegmentedCodeCache                       = true                                      {product} {ergonomic}
   size_t SoftMaxHeapSize                          = 4273995776                             {manageable} {ergonomic}
     bool UseCompressedClassPointers               = true                           {product lp64_product} {ergonomic}
     bool UseCompressedOops                        = true                           {product lp64_product} {ergonomic}
     bool UseG1GC                                  = true                                      {product} {ergonomic}
     bool UseLargePagesIndividualAllocation        = false                                  {pd product} {ergonomic}

Logging:
Log output configuration:
 #0: stdout all=warning uptime,level,tags
 #1: stderr all=off uptime,level,tags

Environment Variables:
PATH=C:\Program Files\Common Files\Oracle\Java\javapath;C:\Python311\Scripts\;C:\Python311\;C:\Program Files\Python310\Scripts\;C:\Program Files\Python310\;C:\Windows\system32;C:\Windows;C:\Windows\System32\Wbem;C:\Windows\System32\WindowsPowerShell\v1.0\;C:\Windows\System32\OpenSSH\;C:\Program Files (x86)\NVIDIA Corporation\PhysX\Common;C:\Program Files\NVIDIA Corporation\NVIDIA NvDLISR;C:\Program Files\PuTTY\;C:\Users\John\AppData\Local\Programs\Python\Python35\Scripts;C:\Program Files\Microsoft VS Code\bin;C:\Program Files\Git\cmd;C:\ProgramData\chocolatey\bin;C:\Users\John\AppData\Roaming\nvm;C:\Program Files\nodejs;C:\Program Files\MySQL\MySQL Shell 8.0\bin\;C:\Python 3.5;C:\Users\John\AppData\Local\Microsoft\WindowsApps;C:\Users\John\AppData\Local\Google\Cloud SDK\google-cloud-sdk\bin;C:\Users\John\AppData\Roaming\npm;C:\Program Files\JetBrains\IntelliJ IDEA Community Edition 2023.2\bin;;C:\Users\John\AppData\Roaming\nvm;C:\Program Files\nodejs
USERNAME=John
OS=Windows_NT
PROCESSOR_IDENTIFIER=AMD64 Family 25 Model 33 Stepping 0, AuthenticAMD



---------------  S Y S T E M  ---------------

OS:
 Windows 10 , 64 bit Build 19041 (10.0.19041.3636)
OS uptime: 4 days 0:18 hours

CPU: total 12 (initial active 12) (12 cores per cpu, 2 threads per core) family 25 model 33 stepping 0 microcode 0x0, cx8, cmov, fxsr, ht, mmx, 3dnowpref, sse, sse2, sse3, ssse3, sse4a, sse4.1, sse4.2, popcnt, lzcnt, tsc, tscinvbit, avx, avx2, aes, erms, clmul, bmi1, bmi2, adx, sha, fma, vzeroupper, clflush, clflushopt

Memory: 4k page, system-wide physical 16297M (7724M free)
TotalPageFile size 19230M (AvailPageFile size 5M)
current process WorkingSet (physical memory assigned to process): 386M, peak: 402M
current process commit charge ("private bytes"): 452M, peak: 470M

vm_info: Java HotSpot(TM) 64-Bit Server VM (17.0.8+9-LTS-211) for windows-amd64 JRE (17.0.8+9-LTS-211), built on Jun 14 2023 10:34:31 by "mach5one" with MS VC++ 17.1 (VS2022)

END.
