#
# There is insufficient memory for the Java Runtime Environment to continue.
# Native memory allocation (malloc) failed to allocate 131088 bytes for Chunk::new
# Possible reasons:
#   The system is out of physical RAM or swap space
#   The process is running with CompressedOops enabled, and the Java Heap may be blocking the growth of the native heap
# Possible solutions:
#   Reduce memory load on the system
#   Increase physical memory or swap space
#   Check if swap backing store is full
#   Decrease Java heap size (-Xmx/-Xms)
#   Decrease number of Java threads
#   Decrease Java thread stack sizes (-Xss)
#   Set larger code cache with -XX:ReservedCodeCacheSize=
#   JVM is running with Zero Based Compressed Oops mode in which the Java heap is
#     placed in the first 32GB address space. The Java Heap base address is the
#     maximum limit for the native heap growth. Please use -XX:HeapBaseMinAddress
#     to set the Java Heap base and to place the Java Heap above 32GB virtual address.
# This output file may be truncated or incomplete.
#
#  Out of Memory Error (arena.cpp:189), pid=14204, tid=20716
#
# JRE version: Java(TM) SE Runtime Environment (17.0.8+9) (build 17.0.8+9-LTS-211)
# Java VM: Java HotSpot(TM) 64-Bit Server VM (17.0.8+9-LTS-211, mixed mode, sharing, tiered, compressed oops, compressed class ptrs, g1 gc, windows-amd64)
# No core dump will be written. Minidumps are not enabled by default on client versions of Windows
#

---------------  S U M M A R Y ------------

Command Line: -Dfile.encoding=windows-1252 -Duser.country=US -Duser.language=en -Duser.variant org.launchcode.bookshelfcorner.BookshelfCornerApplication

Host: AMD Ryzen 5 5600X 6-Core Processor             , 12 cores, 15G,  Windows 10 , 64 bit Build 19041 (10.0.19041.3636)
Time: Sun Jan 14 00:03:02 2024 Central Standard Time elapsed time: 153.497758 seconds (0d 0h 2m 33s)

---------------  T H R E A D  ---------------

Current thread (0x000001a9b2280290):  JavaThread "C2 CompilerThread0" daemon [_thread_in_native, id=20716, stack(0x0000007582e00000,0x0000007582f00000)]


Current CompileTask:
C2: 153497 12268   !   4       com.mysql.cj.jdbc.StatementImpl::<init> (685 bytes)

Stack: [0x0000007582e00000,0x0000007582f00000]
Native frames: (J=compiled Java code, j=interpreted, Vv=VM code, C=native code)
V  [jvm.dll+0x677d0a]
V  [jvm.dll+0x7d8c54]
V  [jvm.dll+0x7da3fe]
V  [jvm.dll+0x7daa63]
V  [jvm.dll+0x245c5f]
V  [jvm.dll+0xaaa6b]
V  [jvm.dll+0xab00c]
V  [jvm.dll+0xb672d]
V  [jvm.dll+0x580783]
V  [jvm.dll+0x220b22]
V  [jvm.dll+0x219720]
V  [jvm.dll+0x217329]
V  [jvm.dll+0x1a3af0]
V  [jvm.dll+0x2270be]
V  [jvm.dll+0x22535b]
V  [jvm.dll+0x78e7bc]
V  [jvm.dll+0x788bba]
V  [jvm.dll+0x676b35]
C  [ucrtbase.dll+0x21bb2]
C  [KERNEL32.DLL+0x17344]
C  [ntdll.dll+0x526b1]


---------------  P R O C E S S  ---------------

Threads class SMR info:
_java_thread_list=0x000001a9f99993b0, length=33, elements={
0x000001a9b2159640, 0x000001a9b215a500, 0x000001a9b2270290, 0x000001a9b2272f60,
0x000001a9b227ed30, 0x000001a9b227f5f0, 0x000001a9b2280290, 0x000001a9b2280c40,
0x000001a9b2283550, 0x000001a9b23b18c0, 0x000001a9b23bed60, 0x000001a9fbb2c590,
0x000001a9fa6c78c0, 0x000001a9fd1813e0, 0x000001a9fd1818b0, 0x000001a9fab9b210,
0x000001a9fab9b6e0, 0x000001a9fab9c080, 0x000001a9fab9bbb0, 0x000001a9fab9c550,
0x000001a9fab9a3a0, 0x000001a9fab9ca20, 0x000001a9fab99060, 0x000001a9fab9ad40,
0x000001a9fab99530, 0x000001a9fab99ed0, 0x000001a9fab9a870, 0x000001a9fd1ee130,
0x000001a9fd1f1fc0, 0x000001a9fd1eead0, 0x000001a9fd1edc60, 0x000001a9f887d2f0,
0x000001a9f887af80
}

Java Threads: ( => current thread )
  0x000001a9b2159640 JavaThread "Reference Handler" daemon [_thread_blocked, id=6364, stack(0x0000007582800000,0x0000007582900000)]
  0x000001a9b215a500 JavaThread "Finalizer" daemon [_thread_blocked, id=17384, stack(0x0000007582900000,0x0000007582a00000)]
  0x000001a9b2270290 JavaThread "Signal Dispatcher" daemon [_thread_blocked, id=18072, stack(0x0000007582a00000,0x0000007582b00000)]
  0x000001a9b2272f60 JavaThread "Attach Listener" daemon [_thread_blocked, id=5184, stack(0x0000007582b00000,0x0000007582c00000)]
  0x000001a9b227ed30 JavaThread "Service Thread" daemon [_thread_blocked, id=10456, stack(0x0000007582c00000,0x0000007582d00000)]
  0x000001a9b227f5f0 JavaThread "Monitor Deflation Thread" daemon [_thread_blocked, id=20172, stack(0x0000007582d00000,0x0000007582e00000)]
=>0x000001a9b2280290 JavaThread "C2 CompilerThread0" daemon [_thread_in_native, id=20716, stack(0x0000007582e00000,0x0000007582f00000)]
  0x000001a9b2280c40 JavaThread "C1 CompilerThread0" daemon [_thread_blocked, id=9168, stack(0x0000007582f00000,0x0000007583000000)]
  0x000001a9b2283550 JavaThread "Sweeper thread" daemon [_thread_blocked, id=7308, stack(0x0000007583000000,0x0000007583100000)]
  0x000001a9b23b18c0 JavaThread "Notification Thread" daemon [_thread_blocked, id=16284, stack(0x0000007583100000,0x0000007583200000)]
  0x000001a9b23bed60 JavaThread "Common-Cleaner" daemon [_thread_blocked, id=11472, stack(0x0000007583300000,0x0000007583400000)]
  0x000001a9fbb2c590 JavaThread "Catalina-utility-1" [_thread_blocked, id=21620, stack(0x0000007584400000,0x0000007584500000)]
  0x000001a9fa6c78c0 JavaThread "Catalina-utility-2" [_thread_blocked, id=9552, stack(0x0000007584500000,0x0000007584600000)]
  0x000001a9fd1813e0 JavaThread "container-0" [_thread_blocked, id=5412, stack(0x0000007584600000,0x0000007584700000)]
  0x000001a9fd1818b0 JavaThread "mysql-cj-abandoned-connection-cleanup" daemon [_thread_blocked, id=2948, stack(0x0000007584700000,0x0000007584800000)]
  0x000001a9fab9b210 JavaThread "HikariPool-1 housekeeper" daemon [_thread_blocked, id=18152, stack(0x0000007584900000,0x0000007584a00000)]
  0x000001a9fab9b6e0 JavaThread "File Watcher" daemon [_thread_blocked, id=8676, stack(0x0000007584b00000,0x0000007584c00000)]
  0x000001a9fab9c080 JavaThread "Live Reload Server" daemon [_thread_in_native, id=14620, stack(0x0000007584d00000,0x0000007584e00000)]
  0x000001a9fab9bbb0 JavaThread "http-nio-8080-exec-1" daemon [_thread_blocked, id=13028, stack(0x0000007584c00000,0x0000007584d00000)]
  0x000001a9fab9c550 JavaThread "http-nio-8080-exec-2" daemon [_thread_blocked, id=16924, stack(0x0000007584e00000,0x0000007584f00000)]
  0x000001a9fab9a3a0 JavaThread "http-nio-8080-exec-3" daemon [_thread_blocked, id=12648, stack(0x0000007584f00000,0x0000007585000000)]
  0x000001a9fab9ca20 JavaThread "http-nio-8080-exec-4" daemon [_thread_blocked, id=13412, stack(0x0000007585000000,0x0000007585100000)]
  0x000001a9fab99060 JavaThread "http-nio-8080-exec-5" daemon [_thread_blocked, id=12512, stack(0x0000007585100000,0x0000007585200000)]
  0x000001a9fab9ad40 JavaThread "http-nio-8080-exec-6" daemon [_thread_blocked, id=6024, stack(0x0000007585200000,0x0000007585300000)]
  0x000001a9fab99530 JavaThread "http-nio-8080-exec-7" daemon [_thread_blocked, id=16184, stack(0x0000007585300000,0x0000007585400000)]
  0x000001a9fab99ed0 JavaThread "http-nio-8080-exec-8" daemon [_thread_blocked, id=16532, stack(0x0000007585400000,0x0000007585500000)]
  0x000001a9fab9a870 JavaThread "http-nio-8080-exec-9" daemon [_thread_blocked, id=16028, stack(0x0000007585500000,0x0000007585600000)]
  0x000001a9fd1ee130 JavaThread "http-nio-8080-exec-10" daemon [_thread_blocked, id=10960, stack(0x0000007585600000,0x0000007585700000)]
  0x000001a9fd1f1fc0 JavaThread "http-nio-8080-Poller" daemon [_thread_in_native, id=7184, stack(0x0000007585700000,0x0000007585800000)]
  0x000001a9fd1eead0 JavaThread "http-nio-8080-Acceptor" daemon [_thread_in_native, id=14036, stack(0x0000007585800000,0x0000007585900000)]
  0x000001a9fd1edc60 JavaThread "DestroyJavaVM" [_thread_blocked, id=16172, stack(0x0000007582100000,0x0000007582200000)]
  0x000001a9f887d2f0 JavaThread "C2 CompilerThread1" daemon [_thread_blocked, id=7672, stack(0x0000007581e00000,0x0000007581f00000)]
  0x000001a9f887af80 JavaThread "C2 CompilerThread2" daemon [_thread_blocked, id=7592, stack(0x0000007581f00000,0x0000007582000000)]

Other Threads:
  0x000001a9b2152360 VMThread "VM Thread" [stack: 0x0000007582700000,0x0000007582800000] [id=19404]
  0x000001a98f009870 WatcherThread [stack: 0x0000007583200000,0x0000007583300000] [id=10372]
  0x000001a98efe2620 GCTaskThread "GC Thread#0" [stack: 0x0000007582200000,0x0000007582300000] [id=14452]
  0x000001a9f8015fa0 GCTaskThread "GC Thread#1" [stack: 0x0000007583800000,0x0000007583900000] [id=19892]
  0x000001a9b2e08500 GCTaskThread "GC Thread#2" [stack: 0x0000007583900000,0x0000007583a00000] [id=15596]
  0x000001a9b2d85780 GCTaskThread "GC Thread#3" [stack: 0x0000007583a00000,0x0000007583b00000] [id=1788]
  0x000001a9b2cbf300 GCTaskThread "GC Thread#4" [stack: 0x0000007583b00000,0x0000007583c00000] [id=17660]
  0x000001a9b2a6f600 GCTaskThread "GC Thread#5" [stack: 0x0000007583c00000,0x0000007583d00000] [id=16196]
  0x000001a9f833ada0 GCTaskThread "GC Thread#6" [stack: 0x0000007583e00000,0x0000007583f00000] [id=7328]
  0x000001a9f84a4bc0 GCTaskThread "GC Thread#7" [stack: 0x0000007583f00000,0x0000007584000000] [id=12916]
  0x000001a9f8e91d20 GCTaskThread "GC Thread#8" [stack: 0x0000007583d00000,0x0000007583e00000] [id=1984]
  0x000001a9f8e917c0 GCTaskThread "GC Thread#9" [stack: 0x0000007584000000,0x0000007584100000] [id=12904]
  0x000001a98eff5350 ConcurrentGCThread "G1 Main Marker" [stack: 0x0000007582300000,0x0000007582400000] [id=4600]
  0x000001a98eff6c80 ConcurrentGCThread "G1 Conc#0" [stack: 0x0000007582400000,0x0000007582500000] [id=15940]
  0x000001a9f8e91fd0 ConcurrentGCThread "G1 Conc#1" [stack: 0x0000007584100000,0x0000007584200000] [id=12292]
  0x000001a9f8e92280 ConcurrentGCThread "G1 Conc#2" [stack: 0x0000007584200000,0x0000007584300000] [id=1972]
  0x000001a98f03e1b0 ConcurrentGCThread "G1 Refine#0" [stack: 0x0000007582500000,0x0000007582600000] [id=17864]
  0x000001a9f8e4a9a0 ConcurrentGCThread "G1 Refine#1" [stack: 0x0000007584300000,0x0000007584400000] [id=2976]
  0x000001a98f03eae0 ConcurrentGCThread "G1 Service" [stack: 0x0000007582600000,0x0000007582700000] [id=7092]

Threads with active compile tasks:
C2 CompilerThread0   153508 12268   !   4       com.mysql.cj.jdbc.StatementImpl::<init> (685 bytes)

VM state: not at safepoint (normal execution)

VM Mutex/Monitor currently owned by a thread: None

Heap address: 0x0000000701400000, size: 4076 MB, Compressed Oops mode: Zero based, Oop shift amount: 3

CDS archive(s) mapped at: [0x000001a9b3000000-0x000001a9b3bd0000-0x000001a9b3bd0000), size 12386304, SharedBaseAddress: 0x000001a9b3000000, ArchiveRelocationMode: 1.
Compressed class space mapped at: 0x000001a9b4000000-0x000001a9f4000000, reserved size: 1073741824
Narrow klass base: 0x000001a9b3000000, Narrow klass shift: 0, Narrow klass range: 0x100000000

GC Precious Log:
 CPUs: 12 total, 12 available
 Memory: 16297M
 Large Page Support: Disabled
 NUMA Support: Disabled
 Compressed Oops: Enabled (Zero based)
 Heap Region Size: 2M
 Heap Min Capacity: 8M
 Heap Initial Capacity: 256M
 Heap Max Capacity: 4076M
 Pre-touch: Disabled
 Parallel Workers: 10
 Concurrent Workers: 3
 Concurrent Refinement Workers: 10
 Periodic GC: Disabled

Heap:
 garbage-first heap   total 90112K, used 65665K [0x0000000701400000, 0x0000000800000000)
  region size 2048K, 20 young (40960K), 2 survivors (4096K)
 Metaspace       used 76744K, committed 77248K, reserved 1179648K
  class space    used 9989K, committed 10240K, reserved 1048576K

Heap Regions: E=young(eden), S=young(survivor), O=old, HS=humongous(starts), HC=humongous(continues), CS=collection set, F=free, OA=open archive, CA=closed archive, TAMS=top-at-mark-start (previous, next)
|   0|0x0000000701400000, 0x0000000701600000, 0x0000000701600000|100%| O|  |TAMS 0x0000000701600000, 0x0000000701400000| Untracked 
|   1|0x0000000701600000, 0x0000000701800000, 0x0000000701800000|100%| O|  |TAMS 0x0000000701800000, 0x0000000701600000| Untracked 
|   2|0x0000000701800000, 0x0000000701a00000, 0x0000000701a00000|100%| O|  |TAMS 0x0000000701a00000, 0x0000000701800000| Untracked 
|   3|0x0000000701a00000, 0x0000000701c00000, 0x0000000701c00000|100%| O|  |TAMS 0x0000000701c00000, 0x0000000701a00000| Untracked 
|   4|0x0000000701c00000, 0x0000000701e00000, 0x0000000701e00000|100%| O|  |TAMS 0x0000000701e00000, 0x0000000701c00000| Untracked 
|   5|0x0000000701e00000, 0x0000000702000000, 0x0000000702000000|100%| O|  |TAMS 0x0000000702000000, 0x0000000701e00000| Untracked 
|   6|0x0000000702000000, 0x0000000702200000, 0x0000000702200000|100%| O|  |TAMS 0x0000000702200000, 0x0000000702000000| Untracked 
|   7|0x0000000702200000, 0x0000000702400000, 0x0000000702400000|100%| O|  |TAMS 0x0000000702200000, 0x0000000702200000| Untracked 
|   8|0x0000000702400000, 0x0000000702600000, 0x0000000702600000|100%| O|  |TAMS 0x0000000702600000, 0x0000000702400000| Untracked 
|   9|0x0000000702600000, 0x0000000702800000, 0x0000000702800000|100%| O|  |TAMS 0x0000000702800000, 0x0000000702600000| Untracked 
|  10|0x0000000702800000, 0x0000000702800000, 0x0000000702a00000|  0%| F|  |TAMS 0x0000000702800000, 0x0000000702800000| Untracked 
|  11|0x0000000702a00000, 0x0000000702c00000, 0x0000000702c00000|100%| O|  |TAMS 0x0000000702a00000, 0x0000000702a00000| Untracked 
|  12|0x0000000702c00000, 0x0000000702e00000, 0x0000000702e00000|100%| O|  |TAMS 0x0000000702c00000, 0x0000000702c00000| Untracked 
|  13|0x0000000702e00000, 0x0000000703000000, 0x0000000703000000|100%| O|  |TAMS 0x0000000702e00000, 0x0000000702e00000| Untracked 
|  14|0x0000000703000000, 0x0000000703000000, 0x0000000703200000|  0%| F|  |TAMS 0x0000000703000000, 0x0000000703000000| Untracked 
|  15|0x0000000703200000, 0x0000000703200000, 0x0000000703400000|  0%| F|  |TAMS 0x0000000703200000, 0x0000000703200000| Untracked 
|  16|0x0000000703400000, 0x0000000703400000, 0x0000000703600000|  0%| F|  |TAMS 0x0000000703400000, 0x0000000703400000| Untracked 
|  17|0x0000000703600000, 0x0000000703600000, 0x0000000703800000|  0%| F|  |TAMS 0x0000000703600000, 0x0000000703600000| Untracked 
|  18|0x0000000703800000, 0x000000070391fc00, 0x0000000703a00000| 56%| O|  |TAMS 0x0000000703800000, 0x0000000703800000| Untracked 
|  19|0x0000000703a00000, 0x0000000703a00000, 0x0000000703c00000|  0%| F|  |TAMS 0x0000000703a00000, 0x0000000703a00000| Untracked 
|  20|0x0000000703c00000, 0x0000000703c00000, 0x0000000703e00000|  0%| F|  |TAMS 0x0000000703c00000, 0x0000000703c00000| Untracked 
|  21|0x0000000703e00000, 0x0000000703f009d0, 0x0000000704000000| 50%| S|CS|TAMS 0x0000000703e00000, 0x0000000703e00000| Complete 
|  22|0x0000000704000000, 0x0000000704200000, 0x0000000704200000|100%| S|CS|TAMS 0x0000000704000000, 0x0000000704000000| Complete 
|  23|0x0000000704200000, 0x0000000704200000, 0x0000000704400000|  0%| F|  |TAMS 0x0000000704200000, 0x0000000704200000| Untracked 
|  24|0x0000000704400000, 0x0000000704400000, 0x0000000704600000|  0%| F|  |TAMS 0x0000000704400000, 0x0000000704400000| Untracked 
|  25|0x0000000704600000, 0x0000000704600000, 0x0000000704800000|  0%| F|  |TAMS 0x0000000704600000, 0x0000000704600000| Untracked 
|  26|0x0000000704800000, 0x00000007049b3278, 0x0000000704a00000| 84%| E|  |TAMS 0x0000000704800000, 0x0000000704800000| Complete 
|  27|0x0000000704a00000, 0x0000000704c00000, 0x0000000704c00000|100%| E|CS|TAMS 0x0000000704a00000, 0x0000000704a00000| Complete 
|  28|0x0000000704c00000, 0x0000000704e00000, 0x0000000704e00000|100%| E|CS|TAMS 0x0000000704c00000, 0x0000000704c00000| Complete 
|  29|0x0000000704e00000, 0x0000000705000000, 0x0000000705000000|100%| E|CS|TAMS 0x0000000704e00000, 0x0000000704e00000| Complete 
|  30|0x0000000705000000, 0x0000000705200000, 0x0000000705200000|100%| E|CS|TAMS 0x0000000705000000, 0x0000000705000000| Complete 
|  31|0x0000000705200000, 0x0000000705400000, 0x0000000705400000|100%| E|CS|TAMS 0x0000000705200000, 0x0000000705200000| Complete 
|  32|0x0000000705400000, 0x0000000705600000, 0x0000000705600000|100%| E|CS|TAMS 0x0000000705400000, 0x0000000705400000| Complete 
|  33|0x0000000705600000, 0x0000000705800000, 0x0000000705800000|100%| E|CS|TAMS 0x0000000705600000, 0x0000000705600000| Complete 
|  34|0x0000000705800000, 0x0000000705a00000, 0x0000000705a00000|100%| E|CS|TAMS 0x0000000705800000, 0x0000000705800000| Complete 
|  35|0x0000000705a00000, 0x0000000705c00000, 0x0000000705c00000|100%| E|CS|TAMS 0x0000000705a00000, 0x0000000705a00000| Complete 
|  36|0x0000000705c00000, 0x0000000705e00000, 0x0000000705e00000|100%| E|CS|TAMS 0x0000000705c00000, 0x0000000705c00000| Complete 
|  37|0x0000000705e00000, 0x0000000706000000, 0x0000000706000000|100%| E|CS|TAMS 0x0000000705e00000, 0x0000000705e00000| Complete 
|  38|0x0000000706000000, 0x0000000706200000, 0x0000000706200000|100%| E|CS|TAMS 0x0000000706000000, 0x0000000706000000| Complete 
|  39|0x0000000706200000, 0x0000000706400000, 0x0000000706400000|100%| E|CS|TAMS 0x0000000706200000, 0x0000000706200000| Complete 
|  40|0x0000000706400000, 0x0000000706600000, 0x0000000706600000|100%| E|CS|TAMS 0x0000000706400000, 0x0000000706400000| Complete 
|  49|0x0000000707600000, 0x0000000707800000, 0x0000000707800000|100%| E|CS|TAMS 0x0000000707600000, 0x0000000707600000| Complete 
|  50|0x0000000707800000, 0x0000000707a00000, 0x0000000707a00000|100%| E|CS|TAMS 0x0000000707800000, 0x0000000707800000| Complete 
| 127|0x0000000711200000, 0x0000000711400000, 0x0000000711400000|100%| E|CS|TAMS 0x0000000711200000, 0x0000000711200000| Complete 

Card table byte_map: [0x000001a9a6560000,0x000001a9a6d60000] _byte_map_base: 0x000001a9a2d56000

Marking Bits (Prev, Next): (CMBitMap*) 0x000001a98efe3b90, (CMBitMap*) 0x000001a98efe3b50
 Prev Bits: [0x000001a9ab510000, 0x000001a9af4c0000)
 Next Bits: [0x000001a9a7560000, 0x000001a9ab510000)

Polling page: 0x000001a98cf00000

Metaspace:

Usage:
  Non-class:     65.19 MB used.
      Class:      9.76 MB used.
       Both:     74.95 MB used.

Virtual space:
  Non-class space:      128.00 MB reserved,      65.44 MB ( 51%) committed,  2 nodes.
      Class space:        1.00 GB reserved,      10.00 MB ( <1%) committed,  1 nodes.
             Both:        1.12 GB reserved,      75.44 MB (  7%) committed. 

Chunk freelists:
   Non-Class:  14.31 MB
       Class:  5.81 MB
        Both:  20.13 MB

MaxMetaspaceSize: unlimited
CompressedClassSpaceSize: 1.00 GB
Initial GC threshold: 21.00 MB
Current GC threshold: 98.38 MB
CDS: on
MetaspaceReclaimPolicy: balanced
 - commit_granule_bytes: 65536.
 - commit_granule_words: 8192.
 - virtual_space_node_default_size: 8388608.
 - enlarge_chunks_in_place: 1.
 - new_chunks_are_fully_committed: 0.
 - uncommit_free_chunks: 1.
 - use_allocation_guard: 0.
 - handle_deallocations: 1.


Internal statistics:

num_allocs_failed_limit: 11.
num_arena_births: 826.
num_arena_deaths: 0.
num_vsnodes_births: 3.
num_vsnodes_deaths: 0.
num_space_committed: 1207.
num_space_uncommitted: 0.
num_chunks_returned_to_freelist: 11.
num_chunks_taken_from_freelist: 3566.
num_chunk_merges: 11.
num_chunk_splits: 2566.
num_chunks_enlarged: 2024.
num_purges: 0.
num_inconsistent_stats: 0.

CodeHeap 'non-profiled nmethods': size=120000Kb used=9219Kb max_used=9219Kb free=110780Kb
 bounds [0x000001a99e2e0000, 0x000001a99ebf0000, 0x000001a9a5810000]
CodeHeap 'profiled nmethods': size=120000Kb used=21693Kb max_used=23000Kb free=98306Kb
 bounds [0x000001a996810000, 0x000001a997e90000, 0x000001a99dd40000]
CodeHeap 'non-nmethods': size=5760Kb used=1379Kb max_used=1473Kb free=4381Kb
 bounds [0x000001a99dd40000, 0x000001a99dfb0000, 0x000001a99e2e0000]
 total_blobs=11271 nmethods=10558 adapters=624
 compilation: enabled
              stopped_count=0, restarted_count=0
 full_count=0

Compilation events (20 events):
Event: 153.466 Thread 0x000001a9b2280290 nmethod 12263 0x000001a99ebd1b90 code [0x000001a99ebd1d20, 0x000001a99ebd1e98]
Event: 153.466 Thread 0x000001a9b2280290 12264   !   4       com.mysql.cj.jdbc.EscapeProcessor::escapeSQL (1039 bytes)
Event: 153.466 Thread 0x000001a9b2280290 nmethod 12264 0x000001a99ebd1f90 code [0x000001a99ebd2100, 0x000001a99ebd22d8]
Event: 153.468 Thread 0x000001a9f887af80 nmethod 12261 0x000001a99ebd2510 code [0x000001a99ebd27a0, 0x000001a99ebd3870]
Event: 153.473 Thread 0x000001a9f887af80 12265   !   4       org.springframework.orm.jpa.EntityManagerFactoryUtils::closeEntityManager (36 bytes)
Event: 153.474 Thread 0x000001a9b2280290 12266       4       org.apache.catalina.mapper.Mapper::internalMapExtensionWrapper (212 bytes)
Event: 153.475 Thread 0x000001a9f887af80 nmethod 12265 0x000001a99ebd4490 code [0x000001a99ebd4660, 0x000001a99ebd48c8]
Event: 153.475 Thread 0x000001a9f887af80 12267       4       org.hibernate.sql.exec.internal.JdbcParameterBindingImpl::<init> (95 bytes)
Event: 153.476 Thread 0x000001a9b2280290 nmethod 12266 0x000001a99ebd4b90 code [0x000001a99ebd4d20, 0x000001a99ebd5018]
Event: 153.476 Thread 0x000001a9f887af80 nmethod 12267 0x000001a99ebd5290 code [0x000001a99ebd5400, 0x000001a99ebd5638]
Event: 153.476 Thread 0x000001a9f887d2f0 nmethod 12254 0x000001a99ebd5690 code [0x000001a99ebd5ae0, 0x000001a99ebd9ea8]
Event: 153.478 Thread 0x000001a9b2280290 12268   !   4       com.mysql.cj.jdbc.StatementImpl::<init> (685 bytes)
Event: 153.479 Thread 0x000001a9f887d2f0 12269   !   4       org.springframework.orm.jpa.EntityManagerFactoryUtils::doGetTransactionalEntityManager (291 bytes)
Event: 153.479 Thread 0x000001a9f887af80 12270   !   4       com.mysql.cj.jdbc.ConnectionImpl::nativeSQL (107 bytes)
Event: 153.487 Thread 0x000001a9f887af80 nmethod 12270 0x000001a99ebdc410 code [0x000001a99ebdc600, 0x000001a99ebdce38]
Event: 153.487 Thread 0x000001a9f887af80 12271       4       org.springframework.web.servlet.mvc.method.annotation.RequestResponseBodyAdviceChain::getMatchingAdvice (124 bytes)
Event: 153.491 Thread 0x000001a9f887d2f0 nmethod 12269 0x000001a99ebdd490 code [0x000001a99ebdd700, 0x000001a99ebde4e0]
Event: 153.491 Thread 0x000001a9f887d2f0 12272   !   4       jdk.proxy4.$Proxy119::createEntityManager (29 bytes)
Event: 153.492 Thread 0x000001a9f887d2f0 nmethod 12272 0x000001a99ebdf110 code [0x000001a99ebdf2a0, 0x000001a99ebdf408]
Event: 153.496 Thread 0x000001a9f887af80 nmethod 12271 0x000001a99ebdf590 code [0x000001a99ebdf780, 0x000001a99ebe0638]

GC Heap History (20 events):
Event: 3.981 GC heap before
{Heap before GC invocations=16 (full 0):
 garbage-first heap   total 90112K, used 30002K [0x0000000701400000, 0x0000000800000000)
  region size 2048K, 5 young (10240K), 4 survivors (8192K)
 Metaspace       used 65484K, committed 65984K, reserved 1114112K
  class space    used 8965K, committed 9216K, reserved 1048576K
}
Event: 3.984 GC heap after
{Heap after GC invocations=17 (full 0):
 garbage-first heap   total 90112K, used 29030K [0x0000000701400000, 0x0000000800000000)
  region size 2048K, 1 young (2048K), 1 survivors (2048K)
 Metaspace       used 65484K, committed 65984K, reserved 1114112K
  class space    used 8965K, committed 9216K, reserved 1048576K
}
Event: 134.453 GC heap before
{Heap before GC invocations=17 (full 0):
 garbage-first heap   total 90112K, used 67942K [0x0000000701400000, 0x0000000800000000)
  region size 2048K, 20 young (40960K), 1 survivors (2048K)
 Metaspace       used 71672K, committed 72256K, reserved 1114112K
  class space    used 9821K, committed 10112K, reserved 1048576K
}
Event: 134.455 GC heap after
{Heap after GC invocations=18 (full 0):
 garbage-first heap   total 90112K, used 29798K [0x0000000701400000, 0x0000000800000000)
  region size 2048K, 1 young (2048K), 1 survivors (2048K)
 Metaspace       used 71672K, committed 72256K, reserved 1114112K
  class space    used 9821K, committed 10112K, reserved 1048576K
}
Event: 149.624 GC heap before
{Heap before GC invocations=18 (full 0):
 garbage-first heap   total 90112K, used 70758K [0x0000000701400000, 0x0000000800000000)
  region size 2048K, 21 young (43008K), 1 survivors (2048K)
 Metaspace       used 74355K, committed 74944K, reserved 1114112K
  class space    used 9986K, committed 10240K, reserved 1048576K
}
Event: 149.626 GC heap after
{Heap after GC invocations=19 (full 0):
 garbage-first heap   total 90112K, used 30782K [0x0000000701400000, 0x0000000800000000)
  region size 2048K, 2 young (4096K), 2 survivors (4096K)
 Metaspace       used 74355K, committed 74944K, reserved 1114112K
  class space    used 9986K, committed 10240K, reserved 1048576K
}
Event: 150.211 GC heap before
{Heap before GC invocations=19 (full 0):
 garbage-first heap   total 90112K, used 69694K [0x0000000701400000, 0x0000000800000000)
  region size 2048K, 21 young (43008K), 2 survivors (4096K)
 Metaspace       used 76143K, committed 76672K, reserved 1179648K
  class space    used 9988K, committed 10240K, reserved 1048576K
}
Event: 150.214 GC heap after
{Heap after GC invocations=20 (full 0):
 garbage-first heap   total 90112K, used 30880K [0x0000000701400000, 0x0000000800000000)
  region size 2048K, 2 young (4096K), 2 survivors (4096K)
 Metaspace       used 76143K, committed 76672K, reserved 1179648K
  class space    used 9988K, committed 10240K, reserved 1048576K
}
Event: 150.739 GC heap before
{Heap before GC invocations=20 (full 0):
 garbage-first heap   total 90112K, used 71840K [0x0000000701400000, 0x0000000800000000)
  region size 2048K, 22 young (45056K), 2 survivors (4096K)
 Metaspace       used 76656K, committed 77184K, reserved 1179648K
  class space    used 9988K, committed 10240K, reserved 1048576K
}
Event: 150.742 GC heap after
{Heap after GC invocations=21 (full 0):
 garbage-first heap   total 90112K, used 30965K [0x0000000701400000, 0x0000000800000000)
  region size 2048K, 2 young (4096K), 2 survivors (4096K)
 Metaspace       used 76656K, committed 77184K, reserved 1179648K
  class space    used 9988K, committed 10240K, reserved 1048576K
}
Event: 151.235 GC heap before
{Heap before GC invocations=21 (full 0):
 garbage-first heap   total 90112K, used 71925K [0x0000000701400000, 0x0000000800000000)
  region size 2048K, 22 young (45056K), 2 survivors (4096K)
 Metaspace       used 76685K, committed 77248K, reserved 1179648K
  class space    used 9988K, committed 10240K, reserved 1048576K
}
Event: 151.238 GC heap after
{Heap after GC invocations=22 (full 0):
 garbage-first heap   total 90112K, used 30802K [0x0000000701400000, 0x0000000800000000)
  region size 2048K, 2 young (4096K), 2 survivors (4096K)
 Metaspace       used 76685K, committed 77248K, reserved 1179648K
  class space    used 9988K, committed 10240K, reserved 1048576K
}
Event: 151.740 GC heap before
{Heap before GC invocations=22 (full 0):
 garbage-first heap   total 90112K, used 73810K [0x0000000701400000, 0x0000000800000000)
  region size 2048K, 23 young (47104K), 2 survivors (4096K)
 Metaspace       used 76697K, committed 77248K, reserved 1179648K
  class space    used 9988K, committed 10240K, reserved 1048576K
}
Event: 151.743 GC heap after
{Heap after GC invocations=23 (full 0):
 garbage-first heap   total 90112K, used 30881K [0x0000000701400000, 0x0000000800000000)
  region size 2048K, 2 young (4096K), 2 survivors (4096K)
 Metaspace       used 76697K, committed 77248K, reserved 1179648K
  class space    used 9988K, committed 10240K, reserved 1048576K
}
Event: 152.192 GC heap before
{Heap before GC invocations=23 (full 0):
 garbage-first heap   total 90112K, used 73889K [0x0000000701400000, 0x0000000800000000)
  region size 2048K, 23 young (47104K), 2 survivors (4096K)
 Metaspace       used 76701K, committed 77248K, reserved 1179648K
  class space    used 9988K, committed 10240K, reserved 1048576K
}
Event: 152.195 GC heap after
{Heap after GC invocations=24 (full 0):
 garbage-first heap   total 90112K, used 31000K [0x0000000701400000, 0x0000000800000000)
  region size 2048K, 2 young (4096K), 2 survivors (4096K)
 Metaspace       used 76701K, committed 77248K, reserved 1179648K
  class space    used 9988K, committed 10240K, reserved 1048576K
}
Event: 152.654 GC heap before
{Heap before GC invocations=24 (full 0):
 garbage-first heap   total 90112K, used 74008K [0x0000000701400000, 0x0000000800000000)
  region size 2048K, 23 young (47104K), 2 survivors (4096K)
 Metaspace       used 76733K, committed 77248K, reserved 1179648K
  class space    used 9989K, committed 10240K, reserved 1048576K
}
Event: 152.657 GC heap after
{Heap after GC invocations=25 (full 0):
 garbage-first heap   total 90112K, used 30929K [0x0000000701400000, 0x0000000800000000)
  region size 2048K, 2 young (4096K), 2 survivors (4096K)
 Metaspace       used 76733K, committed 77248K, reserved 1179648K
  class space    used 9989K, committed 10240K, reserved 1048576K
}
Event: 153.092 GC heap before
{Heap before GC invocations=25 (full 0):
 garbage-first heap   total 90112K, used 73937K [0x0000000701400000, 0x0000000800000000)
  region size 2048K, 23 young (47104K), 2 survivors (4096K)
 Metaspace       used 76739K, committed 77248K, reserved 1179648K
  class space    used 9989K, committed 10240K, reserved 1048576K
}
Event: 153.096 GC heap after
{Heap after GC invocations=26 (full 0):
 garbage-first heap   total 90112K, used 30849K [0x0000000701400000, 0x0000000800000000)
  region size 2048K, 2 young (4096K), 2 survivors (4096K)
 Metaspace       used 76739K, committed 77248K, reserved 1179648K
  class space    used 9989K, committed 10240K, reserved 1048576K
}

Deoptimization events (20 events):
Event: 152.777 Thread 0x000001a9fab9ad40 Uncommon trap: trap_request=0xffffffbe fr.pc=0x000001a99eb25204 relative=0x0000000000000244
Event: 152.777 Thread 0x000001a9fab9ad40 Uncommon trap: reason=profile_predicate action=maybe_recompile pc=0x000001a99eb25204 method=org.hibernate.internal.util.collections.StandardStack.findCurrentFirstWithParameter(Ljava/lang/Object;Ljava/util/function/BiFunction;)Ljava/lang/Object; @ 8 c2
Event: 152.777 Thread 0x000001a9fab9ad40 DEOPT PACKING pc=0x000001a99eb25204 sp=0x00000075852fa4d0
Event: 152.777 Thread 0x000001a9fab9ad40 DEOPT UNPACKING pc=0x000001a99dd923a3 sp=0x00000075852fa478 mode 2
Event: 152.994 Thread 0x000001a9fab99060 Uncommon trap: trap_request=0xffffffd6 fr.pc=0x000001a99eb72284 relative=0x0000000000000164
Event: 152.994 Thread 0x000001a9fab99060 Uncommon trap: reason=array_check action=maybe_recompile pc=0x000001a99eb72284 method=com.zaxxer.hikari.util.FastList.add(Ljava/lang/Object;)Z @ 28 c2
Event: 152.994 Thread 0x000001a9fab99060 DEOPT PACKING pc=0x000001a99eb72284 sp=0x00000075851fb3a0
Event: 152.994 Thread 0x000001a9fab99060 DEOPT UNPACKING pc=0x000001a99dd923a3 sp=0x00000075851fb338 mode 2
Event: 152.994 Thread 0x000001a9fab9a3a0 Uncommon trap: trap_request=0xffffffd6 fr.pc=0x000001a99eb72284 relative=0x0000000000000164
Event: 152.994 Thread 0x000001a9fab9a3a0 Uncommon trap: reason=array_check action=maybe_recompile pc=0x000001a99eb72284 method=com.zaxxer.hikari.util.FastList.add(Ljava/lang/Object;)Z @ 28 c2
Event: 152.994 Thread 0x000001a9fab9a3a0 DEOPT PACKING pc=0x000001a99eb72284 sp=0x0000007584ffcab0
Event: 152.994 Thread 0x000001a9fab9a3a0 DEOPT UNPACKING pc=0x000001a99dd923a3 sp=0x0000007584ffca48 mode 2
Event: 152.994 Thread 0x000001a9fab99060 Uncommon trap: trap_request=0xffffffd6 fr.pc=0x000001a99eb72284 relative=0x0000000000000164
Event: 152.994 Thread 0x000001a9fab99060 Uncommon trap: reason=array_check action=maybe_recompile pc=0x000001a99eb72284 method=com.zaxxer.hikari.util.FastList.add(Ljava/lang/Object;)Z @ 28 c2
Event: 152.994 Thread 0x000001a9fab99060 DEOPT PACKING pc=0x000001a99eb72284 sp=0x00000075851fcb70
Event: 152.994 Thread 0x000001a9fab99060 DEOPT UNPACKING pc=0x000001a99dd923a3 sp=0x00000075851fcb08 mode 2
Event: 152.995 Thread 0x000001a9fab9c550 Uncommon trap: trap_request=0xffffffd6 fr.pc=0x000001a99eb72284 relative=0x0000000000000164
Event: 152.995 Thread 0x000001a9fab9c550 Uncommon trap: reason=array_check action=maybe_recompile pc=0x000001a99eb72284 method=com.zaxxer.hikari.util.FastList.add(Ljava/lang/Object;)Z @ 28 c2
Event: 152.995 Thread 0x000001a9fab9c550 DEOPT PACKING pc=0x000001a99eb72284 sp=0x0000007584efb310
Event: 152.995 Thread 0x000001a9fab9c550 DEOPT UNPACKING pc=0x000001a99dd923a3 sp=0x0000007584efb2a8 mode 2

Classes unloaded (0 events):
No events

Classes redefined (0 events):
No events

Internal exceptions (20 events):
Event: 3.706 Thread 0x000001a9b2dea740 Exception <a 'java/lang/reflect/InvocationTargetException'{0x00000007055470c8}> (0x00000007055470c8) 
thrown [s\open\src\hotspot\share\runtime\reflection.cpp, line 1121]
Event: 3.730 Thread 0x000001a9b2dea740 Exception <a 'java/lang/reflect/InvocationTargetException'{0x0000000704f8ec40}> (0x0000000704f8ec40) 
thrown [s\open\src\hotspot\share\runtime\reflection.cpp, line 1121]
Event: 3.739 Thread 0x000001a9b2dea740 Exception <a 'java/lang/reflect/InvocationTargetException'{0x0000000704cb8a40}> (0x0000000704cb8a40) 
thrown [s\open\src\hotspot\share\runtime\reflection.cpp, line 1121]
Event: 3.759 Thread 0x000001a9b2dea740 Exception <a 'java/lang/NoSuchMethodError'{0x0000000704a73488}: 'java.lang.Object java.lang.invoke.DirectMethodHandle$Holder.invokeInterface(java.lang.Object, java.lang.Object, java.lang.Object, java.lang.Object)'> (0x0000000704a73488) 
thrown [s\open\src\hotspot\share\interpreter\linkResolver.cpp, line 759]
Event: 3.863 Thread 0x000001a9b2dea740 Exception <a 'sun/nio/fs/WindowsException'{0x000000070439d368}> (0x000000070439d368) 
thrown [s\open\src\hotspot\share\prims\jni.cpp, line 516]
Event: 3.887 Thread 0x000001a9b2dea740 Exception <a 'java/lang/IncompatibleClassChangeError'{0x0000000703f364c0}: Found class java.lang.Object, but interface was expected> (0x0000000703f364c0) 
thrown [s\open\src\hotspot\share\interpreter\linkResolver.cpp, line 826]
Event: 3.908 Thread 0x000001a9b2dea740 Exception <a 'java/lang/NoSuchMethodError'{0x0000000703cf2560}: 'void java.lang.invoke.DirectMethodHandle$Holder.invokeVirtual(java.lang.Object, java.lang.Object, long)'> (0x0000000703cf2560) 
thrown [s\open\src\hotspot\share\interpreter\linkResolver.cpp, line 759]
Event: 3.957 Thread 0x000001a9b2dea740 Exception <a 'java/lang/IncompatibleClassChangeError'{0x00000007039413a8}: Found class java.lang.Object, but interface was expected> (0x00000007039413a8) 
thrown [s\open\src\hotspot\share\interpreter\linkResolver.cpp, line 826]
Event: 3.961 Thread 0x000001a9b2dea740 Implicit null exception at 0x000001a99e43d6ba to 0x000001a99e43d8ac
Event: 4.022 Thread 0x000001a9b2dea740 Exception <a 'java/lang/NoSuchMethodError'{0x0000000706489650}: 'java.lang.Object java.lang.invoke.DirectMethodHandle$Holder.newInvokeSpecial(java.lang.Object, java.lang.Object, int, java.lang.Object, java.lang.Object)'> (0x0000000706489650) 
thrown [s\open\src\hotspot\share\interpreter\linkResolver.cpp, line 759]
Event: 4.023 Thread 0x000001a9b2dea740 Exception <a 'java/lang/NoSuchMethodError'{0x00000007064948e8}: 'java.lang.Object java.lang.invoke.DirectMethodHandle$Holder.invokeSpecial(java.lang.Object, java.lang.Object, int, java.lang.Object, int, java.lang.Object)'> (0x00000007064948e8) 
thrown [s\open\src\hotspot\share\interpreter\linkResolver.cpp, line 759]
Event: 4.023 Thread 0x000001a9b2dea740 Exception <a 'java/lang/NoSuchMethodError'{0x000000070649c908}: 'java.lang.Object java.lang.invoke.DirectMethodHandle$Holder.newInvokeSpecial(java.lang.Object, java.lang.Object, int, java.lang.Object, int)'> (0x000000070649c908) 
thrown [s\open\src\hotspot\share\interpreter\linkResolver.cpp, line 759]
Event: 4.023 Thread 0x000001a9b2dea740 Exception <a 'java/lang/NoSuchMethodError'{0x00000007064a0a08}: 'java.lang.Object java.lang.invoke.DirectMethodHandle$Holder.invokeSpecial(java.lang.Object, java.lang.Object, java.lang.Object, int, java.lang.Object, int)'> (0x00000007064a0a08) 
thrown [s\open\src\hotspot\share\interpreter\linkResolver.cpp, line 759]
Event: 85.782 Thread 0x000001a9fab9bbb0 Exception <a 'java/lang/NoSuchMethodError'{0x0000000705be4f58}: 'java.lang.Object java.lang.invoke.DirectMethodHandle$Holder.invokeSpecial(java.lang.Object, java.lang.Object, java.lang.Object, java.lang.Object, java.lang.Object, long)'> (0x0000000705be4f58) 
thrown [s\open\src\hotspot\share\interpreter\linkResolver.cpp, line 759]
Event: 85.782 Thread 0x000001a9fab9bbb0 Exception <a 'java/lang/NoSuchMethodError'{0x0000000705be8998}: 'java.lang.Object java.lang.invoke.Invokers$Holder.linkToTargetMethod(java.lang.Object, java.lang.Object, java.lang.Object, long, java.lang.Object)'> (0x0000000705be8998) 
thrown [s\open\src\hotspot\share\interpreter\linkResolver.cpp, line 759]
Event: 85.974 Thread 0x000001a9fab9c550 Exception <a 'java/lang/NoSuchMethodError'{0x0000000704831748}: 'void java.lang.invoke.DirectMethodHandle$Holder.invokeSpecialIFC(java.lang.Object, java.lang.Object, int, java.lang.Object, java.lang.Object, java.lang.Object, java.lang.Object)'> (0x0000000704831748) 
thrown [s\open\src\hotspot\share\interpreter\linkResolver.cpp, line 759]
Event: 135.138 Thread 0x000001a9fab9ca20 Exception <a 'java/lang/NoSuchMethodError'{0x000000070774eec0}: 'int java.lang.invoke.DirectMethodHandle$Holder.invokeStatic(java.lang.Object, java.lang.Object, int, int)'> (0x000000070774eec0) 
thrown [s\open\src\hotspot\share\interpreter\linkResolver.cpp, line 759]
Event: 135.142 Thread 0x000001a9fab9ca20 Exception <a 'java/lang/IncompatibleClassChangeError'{0x0000000707797130}: Found class java.lang.Object, but interface was expected> (0x0000000707797130) 
thrown [s\open\src\hotspot\share\interpreter\linkResolver.cpp, line 826]
Event: 150.764 Thread 0x000001a9fab99530 Implicit null exception at 0x000001a99e5490f9 to 0x000001a99e54a544
Event: 150.797 Thread 0x000001a9fab99ed0 Implicit null exception at 0x000001a99e38a977 to 0x000001a99e38b604

VM Operations (20 events):
Event: 150.709 Executing VM operation: HandshakeAllThreads
Event: 150.709 Executing VM operation: HandshakeAllThreads done
Event: 150.739 Executing VM operation: G1CollectForAllocation
Event: 150.742 Executing VM operation: G1CollectForAllocation done
Event: 150.760 Executing VM operation: HandshakeAllThreads
Event: 150.761 Executing VM operation: HandshakeAllThreads done
Event: 151.227 Executing VM operation: ICBufferFull
Event: 151.227 Executing VM operation: ICBufferFull done
Event: 151.235 Executing VM operation: G1CollectForAllocation
Event: 151.238 Executing VM operation: G1CollectForAllocation done
Event: 151.740 Executing VM operation: G1CollectForAllocation
Event: 151.743 Executing VM operation: G1CollectForAllocation done
Event: 152.138 Executing VM operation: HandshakeAllThreads
Event: 152.138 Executing VM operation: HandshakeAllThreads done
Event: 152.191 Executing VM operation: G1CollectForAllocation
Event: 152.195 Executing VM operation: G1CollectForAllocation done
Event: 152.653 Executing VM operation: G1CollectForAllocation
Event: 152.657 Executing VM operation: G1CollectForAllocation done
Event: 153.092 Executing VM operation: G1CollectForAllocation
Event: 153.096 Executing VM operation: G1CollectForAllocation done

Events (20 events):
Event: 150.772 Thread 0x000001a9b2283550 flushing nmethod 0x000001a99799d910
Event: 150.772 Thread 0x000001a9b2283550 flushing nmethod 0x000001a9979b5810
Event: 150.772 Thread 0x000001a9b2283550 flushing nmethod 0x000001a997aa0b10
Event: 150.772 Thread 0x000001a9b2283550 flushing nmethod 0x000001a997aa0f90
Event: 150.772 Thread 0x000001a9b2283550 flushing nmethod 0x000001a997aa5890
Event: 150.773 Thread 0x000001a9b2283550 flushing nmethod 0x000001a997ad9e10
Event: 150.773 Thread 0x000001a9b2283550 flushing nmethod 0x000001a997bc4310
Event: 150.773 Thread 0x000001a9b2283550 flushing nmethod 0x000001a997cbd310
Event: 150.774 Thread 0x000001a9b2283550 flushing nmethod 0x000001a997d9dd90
Event: 150.774 Thread 0x000001a9b2283550 flushing nmethod 0x000001a997da9e10
Event: 150.774 Thread 0x000001a9b2283550 flushing nmethod 0x000001a997db7d90
Event: 150.807 loading class jdk/internal/misc/ScopedMemoryAccess$Scope$Handle
Event: 150.807 loading class jdk/internal/misc/ScopedMemoryAccess$Scope$Handle done
Event: 152.145 Thread 0x000001a9b2283550 flushing nmethod 0x000001a996fee010
Event: 152.145 Thread 0x000001a9b2283550 flushing nmethod 0x000001a996fee490
Event: 152.147 Thread 0x000001a9b2283550 flushing nmethod 0x000001a997442b90
Event: 152.147 Thread 0x000001a9b2283550 flushing nmethod 0x000001a99745ce10
Event: 152.147 Thread 0x000001a9b2283550 flushing nmethod 0x000001a997479210
Event: 152.304 loading class sun/util/locale/LocaleExtensions
Event: 152.304 loading class sun/util/locale/LocaleExtensions done


Dynamic libraries:
0x00007ff7a9750000 - 0x00007ff7a9760000 	C:\Program Files\Java\jdk-17\bin\java.exe
0x00007ffaaa2d0000 - 0x00007ffaaa4c8000 	C:\Windows\SYSTEM32\ntdll.dll
0x00007ffaa8540000 - 0x00007ffaa85fd000 	C:\Windows\System32\KERNEL32.DLL
0x00007ffaa7f80000 - 0x00007ffaa8276000 	C:\Windows\System32\KERNELBASE.dll
0x00007ffaa79a0000 - 0x00007ffaa7aa0000 	C:\Windows\System32\ucrtbase.dll
0x00007ffa9f5b0000 - 0x00007ffa9f5c9000 	C:\Program Files\Java\jdk-17\bin\jli.dll
0x00007ffa9f500000 - 0x00007ffa9f51b000 	C:\Program Files\Java\jdk-17\bin\VCRUNTIME140.dll
0x00007ffaa8360000 - 0x00007ffaa8413000 	C:\Windows\System32\ADVAPI32.dll
0x00007ffaa9770000 - 0x00007ffaa980e000 	C:\Windows\System32\msvcrt.dll
0x00007ffaa9cf0000 - 0x00007ffaa9d8f000 	C:\Windows\System32\sechost.dll
0x00007ffaa8d50000 - 0x00007ffaa8e76000 	C:\Windows\System32\RPCRT4.dll
0x00007ffaa8280000 - 0x00007ffaa82a7000 	C:\Windows\System32\bcrypt.dll
0x00007ffaa95d0000 - 0x00007ffaa976e000 	C:\Windows\System32\USER32.dll
0x00007ffaa7e50000 - 0x00007ffaa7e72000 	C:\Windows\System32\win32u.dll
0x00007ffa88f10000 - 0x00007ffa891aa000 	C:\Windows\WinSxS\amd64_microsoft.windows.common-controls_6595b64144ccf1df_6.0.19041.3636_none_60b6a03d71f818d5\COMCTL32.dll
0x00007ffaa8320000 - 0x00007ffaa834c000 	C:\Windows\System32\GDI32.dll
0x00007ffaa7d30000 - 0x00007ffaa7e4a000 	C:\Windows\System32\gdi32full.dll
0x00007ffaa7aa0000 - 0x00007ffaa7b3d000 	C:\Windows\System32\msvcp_win.dll
0x00007ffaa2770000 - 0x00007ffaa277a000 	C:\Windows\SYSTEM32\VERSION.dll
0x00007ffaa8510000 - 0x00007ffaa8540000 	C:\Windows\System32\IMM32.DLL
0x00007ffaa30d0000 - 0x00007ffaa30dc000 	C:\Program Files\Java\jdk-17\bin\vcruntime140_1.dll
0x00007ffa78e70000 - 0x00007ffa78efe000 	C:\Program Files\Java\jdk-17\bin\msvcp140.dll
0x00007ffa52110000 - 0x00007ffa52cee000 	C:\Program Files\Java\jdk-17\bin\server\jvm.dll
0x00007ffaa8600000 - 0x00007ffaa8608000 	C:\Windows\System32\PSAPI.DLL
0x00007ffaa3450000 - 0x00007ffaa3459000 	C:\Windows\SYSTEM32\WSOCK32.dll
0x00007ffa9fe80000 - 0x00007ffa9fea7000 	C:\Windows\SYSTEM32\WINMM.dll
0x00007ffaa9810000 - 0x00007ffaa987b000 	C:\Windows\System32\WS2_32.dll
0x00007ffaa5790000 - 0x00007ffaa57a2000 	C:\Windows\SYSTEM32\kernel.appcore.dll
0x00007ffa9c240000 - 0x00007ffa9c24a000 	C:\Program Files\Java\jdk-17\bin\jimage.dll
0x00007ffaa0ce0000 - 0x00007ffaa0ec4000 	C:\Windows\SYSTEM32\DBGHELP.DLL
0x00007ffaa0ca0000 - 0x00007ffaa0cd4000 	C:\Windows\SYSTEM32\dbgcore.DLL
0x00007ffaa7ca0000 - 0x00007ffaa7d22000 	C:\Windows\System32\bcryptPrimitives.dll
0x00007ffa88500000 - 0x00007ffa88525000 	C:\Program Files\Java\jdk-17\bin\java.dll
0x00007ffa78010000 - 0x00007ffa780e7000 	C:\Program Files\Java\jdk-17\bin\jsvml.dll
0x00007ffaa8e80000 - 0x00007ffaa95c5000 	C:\Windows\System32\SHELL32.dll
0x00007ffaa5a70000 - 0x00007ffaa620b000 	C:\Windows\SYSTEM32\windows.storage.dll
0x00007ffaa8990000 - 0x00007ffaa8ce4000 	C:\Windows\System32\combase.dll
0x00007ffaa73d0000 - 0x00007ffaa73fd000 	C:\Windows\SYSTEM32\Wldp.dll
0x00007ffaa8740000 - 0x00007ffaa87ed000 	C:\Windows\System32\SHCORE.dll
0x00007ffaa87f0000 - 0x00007ffaa8845000 	C:\Windows\System32\shlwapi.dll
0x00007ffaa78d0000 - 0x00007ffaa78f5000 	C:\Windows\SYSTEM32\profapi.dll
0x00007ffa8fc90000 - 0x00007ffa8fca9000 	C:\Program Files\Java\jdk-17\bin\net.dll
0x00007ffaa2bc0000 - 0x00007ffaa2cca000 	C:\Windows\SYSTEM32\WINHTTP.dll
0x00007ffaa7130000 - 0x00007ffaa719a000 	C:\Windows\system32\mswsock.dll
0x00007ffa81e20000 - 0x00007ffa81e36000 	C:\Program Files\Java\jdk-17\bin\nio.dll
0x00007ffa9b860000 - 0x00007ffa9b878000 	C:\Program Files\Java\jdk-17\bin\zip.dll
0x00007ffa9a280000 - 0x00007ffa9a28a000 	C:\Program Files\Java\jdk-17\bin\management.dll
0x00007ffa88590000 - 0x00007ffa8859b000 	C:\Program Files\Java\jdk-17\bin\management_ext.dll
0x00007ffa88390000 - 0x00007ffa8839e000 	C:\Program Files\Java\jdk-17\bin\sunmscapi.dll
0x00007ffaa7b40000 - 0x00007ffaa7c9d000 	C:\Windows\System32\CRYPT32.dll
0x00007ffaa7440000 - 0x00007ffaa7468000 	C:\Windows\SYSTEM32\ncrypt.dll
0x00007ffaa7400000 - 0x00007ffaa743b000 	C:\Windows\SYSTEM32\NTASN1.dll
0x00007ffaa7330000 - 0x00007ffaa7348000 	C:\Windows\SYSTEM32\CRYPTSP.dll
0x00007ffaa69f0000 - 0x00007ffaa6a24000 	C:\Windows\system32\rsaenh.dll
0x00007ffaa7850000 - 0x00007ffaa787e000 	C:\Windows\SYSTEM32\USERENV.dll
0x00007ffaa7320000 - 0x00007ffaa732c000 	C:\Windows\SYSTEM32\CRYPTBASE.dll
0x00007ffaa6dd0000 - 0x00007ffaa6e0b000 	C:\Windows\SYSTEM32\IPHLPAPI.DLL
0x00007ffaa9880000 - 0x00007ffaa9888000 	C:\Windows\System32\NSI.dll
0x00007ffaa32e0000 - 0x00007ffaa32f7000 	C:\Windows\SYSTEM32\dhcpcsvc6.DLL
0x00007ffaa32c0000 - 0x00007ffaa32dd000 	C:\Windows\SYSTEM32\dhcpcsvc.DLL
0x00007ffaa6e20000 - 0x00007ffaa6eea000 	C:\Windows\SYSTEM32\DNSAPI.dll
0x00007ffa9a380000 - 0x00007ffa9a390000 	C:\Program Files\Java\jdk-17\bin\verify.dll
0x00007ffaa1e50000 - 0x00007ffaa1e5a000 	C:\Windows\System32\rasadhlp.dll
0x00007ffaa1f00000 - 0x00007ffaa1f80000 	C:\Windows\System32\fwpuclnt.dll
0x00007ffa9a240000 - 0x00007ffa9a247000 	C:\Windows\system32\wshunix.dll

dbghelp: loaded successfully - version: 4.0.5 - missing functions: none
symbol engine: initialized successfully - sym options: 0x614 - pdb path: .;C:\Program Files\Java\jdk-17\bin;C:\Windows\SYSTEM32;C:\Windows\WinSxS\amd64_microsoft.windows.common-controls_6595b64144ccf1df_6.0.19041.3636_none_60b6a03d71f818d5;C:\Program Files\Java\jdk-17\bin\server

VM Arguments:
jvm_args: -Dfile.encoding=windows-1252 -Duser.country=US -Duser.language=en -Duser.variant 
java_command: org.launchcode.bookshelfcorner.BookshelfCornerApplication
java_class_path (initial): C:\Users\John\Documents\Code\LaunchCode\test\The-Four-A-s\bookshelf-corner-spring\build\classes\java\main;C:\Users\John\Documents\Code\LaunchCode\test\The-Four-A-s\bookshelf-corner-spring\build\resources\main;C:\Users\John\.gradle\caches\modules-2\files-2.1\org.springframework.boot\spring-boot-devtools\3.2.0\b8a547cba9b5ea40c1b2b0257bc0f19ebe4a0e17\spring-boot-devtools-3.2.0.jar;C:\Users\John\.gradle\caches\modules-2\files-2.1\org.springframework.boot\spring-boot-starter-validation\3.2.0\eef38598ccf9bbcd541c644e934939144cf9fa85\spring-boot-starter-validation-3.2.0.jar;C:\Users\John\.gradle\caches\modules-2\files-2.1\org.springframework.boot\spring-boot-starter-web\3.2.0\e609f839e7c2ff9c90bc75d7c05dbcbb19315319\spring-boot-starter-web-3.2.0.jar;C:\Users\John\.gradle\caches\modules-2\files-2.1\org.springframework.boot\spring-boot-starter-data-jpa\3.2.0\6a8ad077a37f8a0cef6949dcfd91a9b2115cade\spring-boot-starter-data-jpa-3.2.0.jar;C:\Users\John\.gradle\caches\modules-2\files-2.1\org.springframework.security\spring-security-crypto\6.2.0\7cee6007ede44a19a3773912dbdac86ff53d0549\spring-security-crypto-6.2.0.jar;C:\Users\John\.gradle\caches\modules-2\files-2.1\org.springframework.boot\spring-boot-starter-json\3.2.0\e831483c03433b987cc9c72f8ea67757f9865191\spring-boot-starter-json-3.2.0.jar;C:\Users\John\.gradle\caches\modules-2\files-2.1\org.springframework.boot\spring-boot-starter-aop\3.2.0\1c4e5498a0ae4c179d0c192e9b674ac656f3e0b9\spring-boot-starter-aop-3.2.0.jar;C:\Users\John\.gradle\caches\modules-2\files-2.1\org.springframework.boot\spring-boot-starter-jdbc\3.2.0\1ab4ef09c814142be2fafc6d40c9bc242921ca12\spring-boot-starter-jdbc-3.2.0.jar;C:\Users\John\.gradle\caches\modules-2\files-2.1\org.springframework.boot\spring-boot-starter\3.2.0\4d0cc70617a9febbbc6ad81562e930d93f7b2665\spring-boot-starter-3.2.0.jar;C:\Users\John\.gradle\caches\modules-2\files-2.1\org.springframework.boot\spring-boot-autoconfigure\3.2.0\29b231378146bd6606e75389297f3a
Launcher Type: SUN_STANDARD

[Global flags]
     intx CICompilerCount                          = 4                                         {product} {ergonomic}
     uint ConcGCThreads                            = 3                                         {product} {ergonomic}
     uint G1ConcRefinementThreads                  = 10                                        {product} {ergonomic}
   size_t G1HeapRegionSize                         = 2097152                                   {product} {ergonomic}
    uintx GCDrainStackTargetSize                   = 64                                        {product} {ergonomic}
   size_t InitialHeapSize                          = 268435456                                 {product} {ergonomic}
   size_t MarkStackSize                            = 4194304                                   {product} {ergonomic}
   size_t MaxHeapSize                              = 4273995776                                {product} {ergonomic}
   size_t MaxNewSize                               = 2562719744                                {product} {ergonomic}
   size_t MinHeapDeltaBytes                        = 2097152                                   {product} {ergonomic}
   size_t MinHeapSize                              = 8388608                                   {product} {ergonomic}
    uintx NonNMethodCodeHeapSize                   = 5839372                                {pd product} {ergonomic}
    uintx NonProfiledCodeHeapSize                  = 122909434                              {pd product} {ergonomic}
    uintx ProfiledCodeHeapSize                     = 122909434                              {pd product} {ergonomic}
    uintx ReservedCodeCacheSize                    = 251658240                              {pd product} {ergonomic}
     bool SegmentedCodeCache                       = true                                      {product} {ergonomic}
   size_t SoftMaxHeapSize                          = 4273995776                             {manageable} {ergonomic}
     bool UseCompressedClassPointers               = true                           {product lp64_product} {ergonomic}
     bool UseCompressedOops                        = true                           {product lp64_product} {ergonomic}
     bool UseG1GC                                  = true                                      {product} {ergonomic}
     bool UseLargePagesIndividualAllocation        = false                                  {pd product} {ergonomic}

Logging:
Log output configuration:
 #0: stdout all=warning uptime,level,tags
 #1: stderr all=off uptime,level,tags

Environment Variables:
PATH=C:\Program Files\Common Files\Oracle\Java\javapath;C:\Python311\Scripts\;C:\Python311\;C:\Program Files\Python310\Scripts\;C:\Program Files\Python310\;C:\Windows\system32;C:\Windows;C:\Windows\System32\Wbem;C:\Windows\System32\WindowsPowerShell\v1.0\;C:\Windows\System32\OpenSSH\;C:\Program Files (x86)\NVIDIA Corporation\PhysX\Common;C:\Program Files\NVIDIA Corporation\NVIDIA NvDLISR;C:\Program Files\PuTTY\;C:\Users\John\AppData\Local\Programs\Python\Python35\Scripts;C:\Program Files\Microsoft VS Code\bin;C:\Program Files\Git\cmd;C:\ProgramData\chocolatey\bin;C:\Users\John\AppData\Roaming\nvm;C:\Program Files\nodejs;C:\Program Files\MySQL\MySQL Shell 8.0\bin\;C:\Python 3.5;C:\Users\John\AppData\Local\Microsoft\WindowsApps;C:\Users\John\AppData\Local\Google\Cloud SDK\google-cloud-sdk\bin;C:\Users\John\AppData\Roaming\npm;C:\Program Files\JetBrains\IntelliJ IDEA Community Edition 2023.2\bin;;C:\Users\John\AppData\Roaming\nvm;C:\Program Files\nodejs
USERNAME=John
OS=Windows_NT
PROCESSOR_IDENTIFIER=AMD64 Family 25 Model 33 Stepping 0, AuthenticAMD



---------------  S Y S T E M  ---------------

OS:
 Windows 10 , 64 bit Build 19041 (10.0.19041.3636)
OS uptime: 4 days 4:12 hours

CPU: total 12 (initial active 12) (12 cores per cpu, 2 threads per core) family 25 model 33 stepping 0 microcode 0x0, cx8, cmov, fxsr, ht, mmx, 3dnowpref, sse, sse2, sse3, ssse3, sse4a, sse4.1, sse4.2, popcnt, lzcnt, tsc, tscinvbit, avx, avx2, aes, erms, clmul, bmi1, bmi2, adx, sha, fma, vzeroupper, clflush, clflushopt

Memory: 4k page, system-wide physical 16297M (7478M free)
TotalPageFile size 22163M (AvailPageFile size 5M)
current process WorkingSet (physical memory assigned to process): 329M, peak: 347M
current process commit charge ("private bytes"): 370M, peak: 426M

vm_info: Java HotSpot(TM) 64-Bit Server VM (17.0.8+9-LTS-211) for windows-amd64 JRE (17.0.8+9-LTS-211), built on Jun 14 2023 10:34:31 by "mach5one" with MS VC++ 17.1 (VS2022)

END.
