#
# There is insufficient memory for the Java Runtime Environment to continue.
# Native memory allocation (mmap) failed to map 268435456 bytes for G1 virtual space
# Possible reasons:
#   The system is out of physical RAM or swap space
#   The process is running with CompressedOops enabled, and the Java Heap may be blocking the growth of the native heap
# Possible solutions:
#   Reduce memory load on the system
#   Increase physical memory or swap space
#   Check if swap backing store is full
#   Decrease Java heap size (-Xmx/-Xms)
#   Decrease number of Java threads
#   Decrease Java thread stack sizes (-Xss)
#   Set larger code cache with -XX:ReservedCodeCacheSize=
#   JVM is running with Zero Based Compressed Oops mode in which the Java heap is
#     placed in the first 32GB address space. The Java Heap base address is the
#     maximum limit for the native heap growth. Please use -XX:HeapBaseMinAddress
#     to set the Java Heap base and to place the Java Heap above 32GB virtual address.
# This output file may be truncated or incomplete.
#
#  Out of Memory Error (os_windows.cpp:3550), pid=10084, tid=4132
#
# JRE version:  (17.0.8+9) (build )
# Java VM: Java HotSpot(TM) 64-Bit Server VM (17.0.8+9-LTS-211, mixed mode, sharing, tiered, compressed oops, compressed class ptrs, g1 gc, windows-amd64)
# No core dump will be written. Minidumps are not enabled by default on client versions of Windows
#

---------------  S U M M A R Y ------------

Command Line: -Dfile.encoding=windows-1252 -Duser.country=US -Duser.language=en -Duser.variant org.launchcode.bookshelfcorner.BookshelfCornerApplication

Host: AMD Ryzen 5 5600X 6-Core Processor             , 12 cores, 15G,  Windows 10 , 64 bit Build 19041 (10.0.19041.3636)
Time: Tue Dec 12 00:14:56 2023 Central Standard Time elapsed time: 0.006611 seconds (0d 0h 0m 0s)

---------------  T H R E A D  ---------------

Current thread (0x00000259b2211110):  JavaThread "Unknown thread" [_thread_in_vm, id=4132, stack(0x00000059e4300000,0x00000059e4400000)]

Stack: [0x00000059e4300000,0x00000059e4400000]
Native frames: (J=compiled Java code, j=interpreted, Vv=VM code, C=native code)
V  [jvm.dll+0x677d0a]
V  [jvm.dll+0x7d8c54]
V  [jvm.dll+0x7da3fe]
V  [jvm.dll+0x7daa63]
V  [jvm.dll+0x245c5f]
V  [jvm.dll+0x674bb9]
V  [jvm.dll+0x6694f2]
V  [jvm.dll+0x3031d6]
V  [jvm.dll+0x30a756]
V  [jvm.dll+0x359f9e]
V  [jvm.dll+0x35a1cf]
V  [jvm.dll+0x2da3e8]
V  [jvm.dll+0x2db354]
V  [jvm.dll+0x7aa711]
V  [jvm.dll+0x367b51]
V  [jvm.dll+0x789979]
V  [jvm.dll+0x3eb05f]
V  [jvm.dll+0x3ecae1]
C  [jli.dll+0x5297]
C  [ucrtbase.dll+0x21bb2]
C  [KERNEL32.DLL+0x17344]
C  [ntdll.dll+0x526b1]


---------------  P R O C E S S  ---------------

Threads class SMR info:
_java_thread_list=0x00007ffdca9e59d8, length=0, elements={
}

Java Threads: ( => current thread )

Other Threads:
  0x00000259b227fd30 GCTaskThread "GC Thread#0" [stack: 0x00000059e4400000,0x00000059e4500000] [id=9784]
  0x00000259b2290a40 ConcurrentGCThread "G1 Main Marker" [stack: 0x00000059e4500000,0x00000059e4600000] [id=17612]
  0x00000259b2291b00 ConcurrentGCThread "G1 Conc#0" [stack: 0x00000059e4600000,0x00000059e4700000] [id=1616]

[error occurred during error reporting (printing all threads), id 0xc0000005, EXCEPTION_ACCESS_VIOLATION (0xc0000005) at pc=0x00007ffdca21b047]

VM state: not at safepoint (not fully initialized)

VM Mutex/Monitor currently owned by a thread:  ([mutex/lock_event])
[0x00000259b220d1a0] Heap_lock - owner thread: 0x00000259b2211110

Heap address: 0x0000000701400000, size: 4076 MB, Compressed Oops mode: Zero based, Oop shift amount: 3

CDS archive(s) mapped at: [0x0000000000000000-0x0000000000000000-0x0000000000000000), size 0, SharedBaseAddress: 0x0000000800000000, ArchiveRelocationMode: 1.
Narrow klass base: 0x0000000000000000, Narrow klass shift: 0, Narrow klass range: 0x0

GC Precious Log:
<Empty>

Heap:
 garbage-first heap   total 0K, used 0K [0x0000000701400000, 0x0000000800000000)
  region size 2048K, 0 young (0K), 0 survivors (0K)

[error occurred during error reporting (printing heap information), id 0xc0000005, EXCEPTION_ACCESS_VIOLATION (0xc0000005) at pc=0x00007ffdca601499]

GC Heap History (0 events):
No events

Deoptimization events (0 events):
No events

Classes unloaded (0 events):
No events

Classes redefined (0 events):
No events

Internal exceptions (0 events):
No events

VM Operations (0 events):
No events

Events (1 events):
Event: 0.004 Loaded shared library C:\Program Files\Java\jdk-17\bin\java.dll


Dynamic libraries:
0x00007ff69a360000 - 0x00007ff69a370000 	C:\Program Files\Java\jdk-17\bin\java.exe
0x00007ffe10090000 - 0x00007ffe10288000 	C:\Windows\SYSTEM32\ntdll.dll
0x00007ffe0ebe0000 - 0x00007ffe0ec9d000 	C:\Windows\System32\KERNEL32.DLL
0x00007ffe0da80000 - 0x00007ffe0dd76000 	C:\Windows\System32\KERNELBASE.dll
0x00007ffe0dff0000 - 0x00007ffe0e0f0000 	C:\Windows\System32\ucrtbase.dll
0x00007ffdfd8b0000 - 0x00007ffdfd8c9000 	C:\Program Files\Java\jdk-17\bin\jli.dll
0x00007ffdfd890000 - 0x00007ffdfd8ab000 	C:\Program Files\Java\jdk-17\bin\VCRUNTIME140.dll
0x00007ffe0e690000 - 0x00007ffe0e73f000 	C:\Windows\System32\ADVAPI32.dll
0x00007ffe0ee50000 - 0x00007ffe0eeee000 	C:\Windows\System32\msvcrt.dll
0x00007ffe0edb0000 - 0x00007ffe0ee4c000 	C:\Windows\System32\sechost.dll
0x00007ffe0eab0000 - 0x00007ffe0ebd6000 	C:\Windows\System32\RPCRT4.dll
0x00007ffe0f300000 - 0x00007ffe0f49e000 	C:\Windows\System32\USER32.dll
0x00007ffe0ded0000 - 0x00007ffe0def2000 	C:\Windows\System32\win32u.dll
0x00007ffe04740000 - 0x00007ffe049da000 	C:\Windows\WinSxS\amd64_microsoft.windows.common-controls_6595b64144ccf1df_6.0.19041.3636_none_60b6a03d71f818d5\COMCTL32.dll
0x00007ffe0f590000 - 0x00007ffe0f5bc000 	C:\Windows\System32\GDI32.dll
0x00007ffe0d770000 - 0x00007ffe0d88a000 	C:\Windows\System32\gdi32full.dll
0x00007ffe0df50000 - 0x00007ffe0dfed000 	C:\Windows\System32\msvcp_win.dll
0x00007ffe06750000 - 0x00007ffe0675a000 	C:\Windows\SYSTEM32\VERSION.dll
0x00007ffe0ecb0000 - 0x00007ffe0ece0000 	C:\Windows\System32\IMM32.DLL
0x00007ffdfea10000 - 0x00007ffdfea1c000 	C:\Program Files\Java\jdk-17\bin\vcruntime140_1.dll
0x00007ffdf9bb0000 - 0x00007ffdf9c3e000 	C:\Program Files\Java\jdk-17\bin\msvcp140.dll
0x00007ffdc9f30000 - 0x00007ffdcab0e000 	C:\Program Files\Java\jdk-17\bin\server\jvm.dll
0x00007ffe0eca0000 - 0x00007ffe0eca8000 	C:\Windows\System32\PSAPI.DLL
0x00007ffe01e70000 - 0x00007ffe01e97000 	C:\Windows\SYSTEM32\WINMM.dll
0x00007ffe052b0000 - 0x00007ffe052b9000 	C:\Windows\SYSTEM32\WSOCK32.dll
0x00007ffe0e9e0000 - 0x00007ffe0ea4b000 	C:\Windows\System32\WS2_32.dll
0x00007ffe0b570000 - 0x00007ffe0b582000 	C:\Windows\SYSTEM32\kernel.appcore.dll
0x00007ffdfda90000 - 0x00007ffdfda9a000 	C:\Program Files\Java\jdk-17\bin\jimage.dll
0x00007ffe01530000 - 0x00007ffe01714000 	C:\Windows\SYSTEM32\DBGHELP.DLL
0x00007ffdfe380000 - 0x00007ffdfe3b4000 	C:\Windows\SYSTEM32\dbgcore.DLL
0x00007ffe0d890000 - 0x00007ffe0d912000 	C:\Windows\System32\bcryptPrimitives.dll
0x00007ffdf3370000 - 0x00007ffdf3395000 	C:\Program Files\Java\jdk-17\bin\java.dll

dbghelp: loaded successfully - version: 4.0.5 - missing functions: none
symbol engine: initialized successfully - sym options: 0x614 - pdb path: .;C:\Program Files\Java\jdk-17\bin;C:\Windows\SYSTEM32;C:\Windows\WinSxS\amd64_microsoft.windows.common-controls_6595b64144ccf1df_6.0.19041.3636_none_60b6a03d71f818d5;C:\Program Files\Java\jdk-17\bin\server

VM Arguments:
jvm_args: -Dfile.encoding=windows-1252 -Duser.country=US -Duser.language=en -Duser.variant 
java_command: org.launchcode.bookshelfcorner.BookshelfCornerApplication
java_class_path (initial): C:\Users\John\Documents\Code\LaunchCode\unit3\capstone_project\bookshelf_corner\bookshelf-corner-spring\build\classes\java\main;C:\Users\John\Documents\Code\LaunchCode\unit3\capstone_project\bookshelf_corner\bookshelf-corner-spring\build\resources\main;C:\Users\John\.gradle\caches\modules-2\files-2.1\org.springframework.boot\spring-boot-devtools\3.2.0\b8a547cba9b5ea40c1b2b0257bc0f19ebe4a0e17\spring-boot-devtools-3.2.0.jar;C:\Users\John\.gradle\caches\modules-2\files-2.1\org.springframework.boot\spring-boot-starter-validation\3.2.0\eef38598ccf9bbcd541c644e934939144cf9fa85\spring-boot-starter-validation-3.2.0.jar;C:\Users\John\.gradle\caches\modules-2\files-2.1\org.springframework.boot\spring-boot-starter-web\3.2.0\e609f839e7c2ff9c90bc75d7c05dbcbb19315319\spring-boot-starter-web-3.2.0.jar;C:\Users\John\.gradle\caches\modules-2\files-2.1\org.springframework.boot\spring-boot-starter-data-jpa\3.2.0\6a8ad077a37f8a0cef6949dcfd91a9b2115cade\spring-boot-starter-data-jpa-3.2.0.jar;C:\Users\John\.gradle\caches\modules-2\files-2.1\org.springframework.security\spring-security-crypto\6.2.0\7cee6007ede44a19a3773912dbdac86ff53d0549\spring-security-crypto-6.2.0.jar;C:\Users\John\.gradle\caches\modules-2\files-2.1\org.springframework.boot\spring-boot-starter-json\3.2.0\e831483c03433b987cc9c72f8ea67757f9865191\spring-boot-starter-json-3.2.0.jar;C:\Users\John\.gradle\caches\modules-2\files-2.1\org.springframework.boot\spring-boot-starter-aop\3.2.0\1c4e5498a0ae4c179d0c192e9b674ac656f3e0b9\spring-boot-starter-aop-3.2.0.jar;C:\Users\John\.gradle\caches\modules-2\files-2.1\org.springframework.boot\spring-boot-starter-jdbc\3.2.0\1ab4ef09c814142be2fafc6d40c9bc242921ca12\spring-boot-starter-jdbc-3.2.0.jar;C:\Users\John\.gradle\caches\modules-2\files-2.1\org.springframework.boot\spring-boot-starter\3.2.0\4d0cc70617a9febbbc6ad81562e930d93f7b2665\spring-boot-starter-3.2.0.jar;C:\Users\John\.gradle\caches\modules-2\files-2.1\org.springframework.boot\spring-boot-autoco
Launcher Type: SUN_STANDARD

[Global flags]
     intx CICompilerCount                          = 4                                         {product} {ergonomic}
     uint ConcGCThreads                            = 3                                         {product} {ergonomic}
     uint G1ConcRefinementThreads                  = 10                                        {product} {ergonomic}
   size_t G1HeapRegionSize                         = 2097152                                   {product} {ergonomic}
    uintx GCDrainStackTargetSize                   = 64                                        {product} {ergonomic}
   size_t InitialHeapSize                          = 268435456                                 {product} {ergonomic}
   size_t MarkStackSize                            = 4194304                                   {product} {ergonomic}
   size_t MaxHeapSize                              = 4273995776                                {product} {ergonomic}
   size_t MinHeapDeltaBytes                        = 2097152                                   {product} {ergonomic}
   size_t MinHeapSize                              = 8388608                                   {product} {ergonomic}
    uintx NonNMethodCodeHeapSize                   = 5839372                                {pd product} {ergonomic}
    uintx NonProfiledCodeHeapSize                  = 122909434                              {pd product} {ergonomic}
    uintx ProfiledCodeHeapSize                     = 122909434                              {pd product} {ergonomic}
    uintx ReservedCodeCacheSize                    = 251658240                              {pd product} {ergonomic}
     bool SegmentedCodeCache                       = true                                      {product} {ergonomic}
   size_t SoftMaxHeapSize                          = 4273995776                             {manageable} {ergonomic}
     bool UseCompressedClassPointers               = true                           {product lp64_product} {ergonomic}
     bool UseCompressedOops                        = true                           {product lp64_product} {ergonomic}
     bool UseG1GC                                  = true                                      {product} {ergonomic}
     bool UseLargePagesIndividualAllocation        = false                                  {pd product} {ergonomic}

Logging:
Log output configuration:
 #0: stdout all=warning uptime,level,tags
 #1: stderr all=off uptime,level,tags

Environment Variables:
PATH=C:\Program Files\Common Files\Oracle\Java\javapath;C:\Python311\Scripts\;C:\Python311\;C:\Program Files\Python310\Scripts\;C:\Program Files\Python310\;C:\Windows\system32;C:\Windows;C:\Windows\System32\Wbem;C:\Windows\System32\WindowsPowerShell\v1.0\;C:\Windows\System32\OpenSSH\;C:\Program Files (x86)\NVIDIA Corporation\PhysX\Common;C:\Program Files\NVIDIA Corporation\NVIDIA NvDLISR;C:\Program Files\PuTTY\;C:\Users\John\AppData\Local\Programs\Python\Python35\Scripts;C:\Program Files\Microsoft VS Code\bin;C:\Program Files\Git\cmd;C:\ProgramData\chocolatey\bin;%NVM_HOME%;%NVM_SYMLINK%;C:\Program Files\MySQL\MySQL Shell 8.0\bin\;C:\Python 3.5;C:\Users\John\AppData\Local\Microsoft\WindowsApps;C:\Users\John\AppData\Local\Google\Cloud SDK\google-cloud-sdk\bin;C:\Users\John\AppData\Roaming\npm;C:\Program Files\JetBrains\IntelliJ IDEA Community Edition 2023.2\bin;;C:\Users\John\AppData\Roaming\nvm;C:\Program Files\nodejs
USERNAME=John
OS=Windows_NT
PROCESSOR_IDENTIFIER=AMD64 Family 25 Model 33 Stepping 0, AuthenticAMD



---------------  S Y S T E M  ---------------

OS:
 Windows 10 , 64 bit Build 19041 (10.0.19041.3636)
OS uptime: 17 days 21:51 hours

CPU: total 12 (initial active 12) (12 cores per cpu, 2 threads per core) family 25 model 33 stepping 0 microcode 0x0, cx8, cmov, fxsr, ht, mmx, 3dnowpref, sse, sse2, sse3, ssse3, sse4a, sse4.1, sse4.2, popcnt, lzcnt, tsc, tscinvbit, avx, avx2, aes, erms, clmul, bmi1, bmi2, adx, sha, fma, vzeroupper, clflush, clflushopt

Memory: 4k page, system-wide physical 16297M (7361M free)
TotalPageFile size 19230M (AvailPageFile size 33M)
current process WorkingSet (physical memory assigned to process): 10M, peak: 10M
current process commit charge ("private bytes"): 64M, peak: 320M

vm_info: Java HotSpot(TM) 64-Bit Server VM (17.0.8+9-LTS-211) for windows-amd64 JRE (17.0.8+9-LTS-211), built on Jun 14 2023 10:34:31 by "mach5one" with MS VC++ 17.1 (VS2022)

END.
